build time -- 2022-03-23 02:49:46
  Beginning Test, file ESMF_ArrayIOUTest.F90, line 103
  NUMBER_OF_PROCESSORS           6
  Beginning Test, file ESMF_ArrayIOUTest.F90, line 103
  NUMBER_OF_PROCESSORS           6
  Beginning Test, file ESMF_ArrayIOUTest.F90, line 103
  NUMBER_OF_PROCESSORS           6
  Beginning Test, file ESMF_ArrayIOUTest.F90, line 103
  NUMBER_OF_PROCESSORS           6
  Beginning Test, file ESMF_ArrayIOUTest.F90, line 103
  NUMBER_OF_PROCESSORS           6
  Beginning Test, file ESMF_ArrayIOUTest.F90, line 103
  NUMBER_OF_PROCESSORS           6
  PASS  dstDistgrid Create Test, ESMF_ArrayIOUTest.F90, line 137
  PASS  dstDistgrid Create Test, ESMF_ArrayIOUTest.F90, line 137
  PASS  dstDistgrid Create Test, ESMF_ArrayIOUTest.F90, line 137
  PASS  dstDistgrid Create Test, ESMF_ArrayIOUTest.F90, line 137
  PASS  dstDistgrid Create Test, ESMF_ArrayIOUTest.F90, line 137
  PASS  dstDistgrid Create Test, ESMF_ArrayIOUTest.F90, line 137
  PASS  Array Spec Set Test, ESMF_ArrayIOUTest.F90, line 145
  PASS  Array Spec Set Test, ESMF_ArrayIOUTest.F90, line 145
  PASS  Array Spec Set Test, ESMF_ArrayIOUTest.F90, line 145
  PASS  Array Spec Set Test, ESMF_ArrayIOUTest.F90, line 145
  PASS  Array Spec Set Test, ESMF_ArrayIOUTest.F90, line 145
  PASS  Array Spec Set Test, ESMF_ArrayIOUTest.F90, line 145
  PASS  Array with Halo Create Test, ESMF_ArrayIOUTest.F90, line 160
  PASS  Array with Halo Create Test, ESMF_ArrayIOUTest.F90, line 160
  PASS  Array with Halo Create Test, ESMF_ArrayIOUTest.F90, line 160
  PASS  Array with Halo Create Test, ESMF_ArrayIOUTest.F90, line 160
  PASS  Array without Halo Create Test, ESMF_ArrayIOUTest.F90, line 170
  PASS  Array with Halo Create Test, ESMF_ArrayIOUTest.F90, line 160
  PASS  Array with Halo Create Test, ESMF_ArrayIOUTest.F90, line 160
  PASS  Array without Halo Create Test, ESMF_ArrayIOUTest.F90, line 170
  PASS  Array without Halo Create Test, ESMF_ArrayIOUTest.F90, line 170
  PASS  Array without Halo Create Test, ESMF_ArrayIOUTest.F90, line 170
  PASS  Array without Halo Create Test, ESMF_ArrayIOUTest.F90, line 170
  PASS  Array without Halo Create Test, ESMF_ArrayIOUTest.F90, line 170
  PASS  Accessing Fortran pointers for Arrays Test, ESMF_ArrayIOUTest.F90, line 
 225
  PASS  Accessing Fortran pointers for Arrays Test, ESMF_ArrayIOUTest.F90, line 
 225
  PASS  Accessing Fortran pointers for Arrays Test, ESMF_ArrayIOUTest.F90, line 
 225
  PASS  Accessing Fortran pointers for Arrays Test, ESMF_ArrayIOUTest.F90, line 
 225
  PASS  Accessing Fortran pointers for Arrays Test, ESMF_ArrayIOUTest.F90, line 
 225
  PASS  Accessing Fortran pointers for Arrays Test, ESMF_ArrayIOUTest.F90, line 
 225
Rank 1 [Wed Mar 23 03:32:30 2022] [c5-0c0s14n1] Fatal error in PMPI_Type_size: Invalid datatype, error stack:
PMPI_Type_size(119): MPI_Type_size(MPI_DATATYPE_NULL) failed
PMPI_Type_size(69).: Datatype for argument datatype is a null datatype
Rank 4 [Wed Mar 23 03:32:30 2022] [c5-0c0s14n1] Fatal error in PMPI_Type_size: Invalid datatype, error stack:
PMPI_Type_size(119): MPI_Type_size(MPI_DATATYPE_NULL) failed
PMPI_Type_size(69).: Datatype for argument datatype is a null datatype
Rank 2 [Wed Mar 23 03:32:30 2022] [c5-0c0s14n1] Fatal error in PMPI_Type_size: Invalid datatype, error stack:
PMPI_Type_size(119): MPI_Type_size(MPI_DATATYPE_NULL) failed
PMPI_Type_size(69).: Datatype for argument datatype is a null datatype
Rank 3 [Wed Mar 23 03:32:30 2022] [c5-0c0s14n1] Fatal error in PMPI_Type_size: Invalid datatype, error stack:
PMPI_Type_size(119): MPI_Type_size(MPI_DATATYPE_NULL) failed
PMPI_Type_size(69).: Datatype for argument datatype is a null datatype
Rank 5 [Wed Mar 23 03:32:30 2022] [c5-0c0s14n1] Fatal error in PMPI_Type_size: Invalid datatype, error stack:
PMPI_Type_size(119): MPI_Type_size(MPI_DATATYPE_NULL) failed
PMPI_Type_size(69).: Datatype for argument datatype is a null datatype
forrtl: error (76): Abort trap signal
Image              PC                Routine            Line        Source             
ESMF_ArrayIOUTest  000000002007B63B  for__signal_handl     Unknown  Unknown
libpthread-2.26.s  000015554F6C5310  Unknown               Unknown  Unknown
libc-2.26.so       000015554F330360  gsignal               Unknown  Unknown
libc-2.26.so       000015554F331941  abort                 Unknown  Unknown
libmpich_intel.so  0000155550EC2868  Unknown               Unknown  Unknown
libmpich_intel.so  0000155550E4A812  MPIR_Handle_fatal     Unknown  Unknown
libmpich_intel.so  0000155550E4A94E  MPIR_Err_return_c     Unknown  Unknown
libmpich_intel.so  0000155550DB545D  MPI_Type_size         Unknown  Unknown
libdarshan.so      000015555170EA84  PMPI_Alltoallw        Unknown  Unknown
ESMF_ArrayIOUTest  0000000020039D3F  Unknown               Unknown  Unknown
ESMF_ArrayIOUTest  000000002003AA94  Unknown               Unknown  Unknown
ESMF_ArrayIOUTest  00000000200543C5  Unknown               Unknown  Unknown
ESMF_ArrayIOUTest  0000000020059355  Unknown               Unknown  Unknown
ESMF_ArrayIOUTest  000000002002B215  PIOc_sync             Unknown  Unknown
libesmf.so         00001555537A0EFB  _ZN5ESMCI11PIO_Ha     Unknown  Unknown
libesmf.so         000015555331C0EF  _ZN5ESMCI2IO5clos     Unknown  Unknown
libesmf.so         00001555533168C0  _ZN5ESMCI2IO5writ     Unknown  Unknown
libesmf.so         0000155552F56F31  _ZN5ESMCI5Array5w     Unknown  Unknown
libesmf.so         0000155553011644  c_esmc_arraywrite     Unknown  Unknown
libesmf.so         00001555539A4D09  esmf_arraymod_mp_     Unknown  Unknown
ESMF_ArrayIOUTest  0000000020012331  Unknown               Unknown  Unknown
ESMF_ArrayIOUTest  000000002000F712  Unknown               Unknown  Unknown
libc-2.26.so       000015554F31B3EA  __libc_start_main     Unknown  Unknown
ESMF_ArrayIOUTest  000000002000F62A  Unknown               Unknown  Unknown
forrtl: error (76): Abort trap signal
Image              PC                Routine            Line        Source             
ESMF_ArrayIOUTest  000000002007B63B  for__signal_handl     Unknown  Unknown
libpthread-2.26.s  000015554F6C5310  Unknown               Unknown  Unknown
libc-2.26.so       000015554F330360  gsignal               Unknown  Unknown
libc-2.26.so       000015554F331941  abort                 Unknown  Unknown
libmpich_intel.so  0000155550EC2868  Unknown               Unknown  Unknown
libmpich_intel.so  0000155550E4A812  MPIR_Handle_fatal     Unknown  Unknown
libmpich_intel.so  0000155550E4A94E  MPIR_Err_return_c     Unknown  Unknown
libmpich_intel.so  0000155550DB545D  MPI_Type_size         Unknown  Unknown
libdarshan.so      000015555170EA84  PMPI_Alltoallw        Unknown  Unknown
ESMF_ArrayIOUTest  0000000020039D3F  Unknown               Unknown  Unknown
ESMF_ArrayIOUTest  000000002003AA94  Unknown               Unknown  Unknown
ESMF_ArrayIOUTest  00000000200543C5  Unknown               Unknown  Unknown
ESMF_ArrayIOUTest  0000000020059355  Unknown               Unknown  Unknown
ESMF_ArrayIOUTest  000000002002B215  PIOc_sync             Unknown  Unknown
libesmf.so         00001555537A0EFB  _ZN5ESMCI11PIO_Ha     Unknown  Unknown
libesmf.so         000015555331C0EF  _ZN5ESMCI2IO5clos     Unknown  Unknown
libesmf.so         00001555533168C0  _ZN5ESMCI2IO5writ     Unknown  Unknown
libesmf.so         0000155552F56F31  _ZN5ESMCI5Array5w     Unknown  Unknown
libesmf.so         0000155553011644  c_esmc_arraywrite     Unknown  Unknown
libesmf.so         00001555539A4D09  esmf_arraymod_mp_     Unknown  Unknown
ESMF_ArrayIOUTest  0000000020012331  Unknown               Unknown  Unknown
ESMF_ArrayIOUTest  000000002000F712  Unknown               Unknown  Unknown
libc-2.26.so       000015554F31B3EA  __libc_start_main     Unknown  Unknown
ESMF_ArrayIOUTest  000000002000F62A  Unknown               Unknown  Unknown
forrtl: error (76): Abort trap signal
Image              PC                Routine            Line        Source             
ESMF_ArrayIOUTest  000000002007B63B  for__signal_handl     Unknown  Unknown
libpthread-2.26.s  000015554F6C5310  Unknown               Unknown  Unknown
libc-2.26.so       000015554F330360  gsignal               Unknown  Unknown
libc-2.26.so       000015554F331941  abort                 Unknown  Unknown
libmpich_intel.so  0000155550EC2868  Unknown               Unknown  Unknown
libmpich_intel.so  0000155550E4A812  MPIR_Handle_fatal     Unknown  Unknown
libmpich_intel.so  0000155550E4A94E  MPIR_Err_return_c     Unknown  Unknown
libmpich_intel.so  0000155550DB545D  MPI_Type_size         Unknown  Unknown
libdarshan.so      000015555170EA84  PMPI_Alltoallw        Unknown  Unknown
ESMF_ArrayIOUTest  0000000020039D3F  Unknown               Unknown  Unknown
ESMF_ArrayIOUTest  000000002003AA94  Unknown               Unknown  Unknown
ESMF_ArrayIOUTest  00000000200543C5  Unknown               Unknown  Unknown
ESMF_ArrayIOUTest  0000000020059355  Unknown               Unknown  Unknown
ESMF_ArrayIOUTest  000000002002B215  PIOc_sync             Unknown  Unknown
libesmf.so         00001555537A0EFB  _ZN5ESMCI11PIO_Ha     Unknown  Unknown
libesmf.so         000015555331C0EF  _ZN5ESMCI2IO5clos     Unknown  Unknown
libesmf.so         00001555533168C0  _ZN5ESMCI2IO5writ     Unknown  Unknown
libesmf.so         0000155552F56F31  _ZN5ESMCI5Array5w     Unknown  Unknown
libesmf.so         0000155553011644  c_esmc_arraywrite     Unknown  Unknown
libesmf.so         00001555539A4D09  esmf_arraymod_mp_     Unknown  Unknown
ESMF_ArrayIOUTest  0000000020012331  Unknown               Unknown  Unknown
ESMF_ArrayIOUTest  000000002000F712  Unknown               Unknown  Unknown
libc-2.26.so       000015554F31B3EA  __libc_start_main     Unknown  Unknown
ESMF_ArrayIOUTest  000000002000F62A  Unknown               Unknown  Unknown
forrtl: error (76): Abort trap signal
Image              PC                Routine            Line        Source             
ESMF_ArrayIOUTest  000000002007B63B  for__signal_handl     Unknown  Unknown
libpthread-2.26.s  000015554F6C5310  Unknown               Unknown  Unknown
libc-2.26.so       000015554F330360  gsignal               Unknown  Unknown
libc-2.26.so       000015554F331941  abort                 Unknown  Unknown
libmpich_intel.so  0000155550EC2868  Unknown               Unknown  Unknown
libmpich_intel.so  0000155550E4A812  MPIR_Handle_fatal     Unknown  Unknown
libmpich_intel.so  0000155550E4A94E  MPIR_Err_return_c     Unknown  Unknown
libmpich_intel.so  0000155550DB545D  MPI_Type_size         Unknown  Unknown
libdarshan.so      000015555170EA84  PMPI_Alltoallw        Unknown  Unknown
ESMF_ArrayIOUTest  0000000020039D3F  Unknown               Unknown  Unknown
ESMF_ArrayIOUTest  000000002003AA94  Unknown               Unknown  Unknown
ESMF_ArrayIOUTest  00000000200543C5  Unknown               Unknown  Unknown
ESMF_ArrayIOUTest  0000000020059355  Unknown               Unknown  Unknown
ESMF_ArrayIOUTest  000000002002B215  PIOc_sync             Unknown  Unknown
libesmf.so         00001555537A0EFB  _ZN5ESMCI11PIO_Ha     Unknown  Unknown
libesmf.so         000015555331C0EF  _ZN5ESMCI2IO5clos     Unknown  Unknown
libesmf.so         00001555533168C0  _ZN5ESMCI2IO5writ     Unknown  Unknown
libesmf.so         0000155552F56F31  _ZN5ESMCI5Array5w     Unknown  Unknown
libesmf.so         0000155553011644  c_esmc_arraywrite     Unknown  Unknown
libesmf.so         00001555539A4D09  esmf_arraymod_mp_     Unknown  Unknown
ESMF_ArrayIOUTest  0000000020012331  Unknown               Unknown  Unknown
ESMF_ArrayIOUTest  000000002000F712  Unknown               Unknown  Unknown
libc-2.26.so       000015554F31B3EA  __libc_start_main     Unknown  Unknown
ESMF_ArrayIOUTest  000000002000F62A  Unknown               Unknown  Unknown
forrtl: error (76): Abort trap signal
Image              PC                Routine            Line        Source             
ESMF_ArrayIOUTest  000000002007B63B  for__signal_handl     Unknown  Unknown
libpthread-2.26.s  000015554F6C5310  Unknown               Unknown  Unknown
libc-2.26.so       000015554F330360  gsignal               Unknown  Unknown
libc-2.26.so       000015554F331941  abort                 Unknown  Unknown
libmpich_intel.so  0000155550EC2868  Unknown               Unknown  Unknown
libmpich_intel.so  0000155550E4A812  MPIR_Handle_fatal     Unknown  Unknown
libmpich_intel.so  0000155550E4A94E  MPIR_Err_return_c     Unknown  Unknown
libmpich_intel.so  0000155550DB545D  MPI_Type_size         Unknown  Unknown
libdarshan.so      000015555170EA84  PMPI_Alltoallw        Unknown  Unknown
ESMF_ArrayIOUTest  0000000020039D3F  Unknown               Unknown  Unknown
ESMF_ArrayIOUTest  000000002003AA94  Unknown               Unknown  Unknown
ESMF_ArrayIOUTest  00000000200543C5  Unknown               Unknown  Unknown
ESMF_ArrayIOUTest  0000000020059355  Unknown               Unknown  Unknown
ESMF_ArrayIOUTest  000000002002B215  PIOc_sync             Unknown  Unknown
libesmf.so         00001555537A0EFB  _ZN5ESMCI11PIO_Ha     Unknown  Unknown
libesmf.so         000015555331C0EF  _ZN5ESMCI2IO5clos     Unknown  Unknown
libesmf.so         00001555533168C0  _ZN5ESMCI2IO5writ     Unknown  Unknown
libesmf.so         0000155552F56F31  _ZN5ESMCI5Array5w     Unknown  Unknown
libesmf.so         0000155553011644  c_esmc_arraywrite     Unknown  Unknown
libesmf.so         00001555539A4D09  esmf_arraymod_mp_     Unknown  Unknown
ESMF_ArrayIOUTest  0000000020012331  Unknown               Unknown  Unknown
ESMF_ArrayIOUTest  000000002000F712  Unknown               Unknown  Unknown
libc-2.26.so       000015554F31B3EA  __libc_start_main     Unknown  Unknown
ESMF_ArrayIOUTest  000000002000F62A  Unknown               Unknown  Unknown
srun: error: nid01017: tasks 1-5: Aborted
srun: launch/slurm: _step_signal: Terminating StepId=56586760.73
slurmstepd: error: *** STEP 56586760.73 ON nid01017 CANCELLED AT 2022-03-23T03:32:32 ***
forrtl: error (78): process killed (SIGTERM)
Image              PC                Routine            Line        Source             
ESMF_ArrayIOUTest  000000002007B63B  for__signal_handl     Unknown  Unknown
libpthread-2.26.s  000015554F6C5310  Unknown               Unknown  Unknown
libmpich_intel.so  0000155550ED97CA  MPIDI_CH3I_Progre     Unknown  Unknown
libmpich_intel.so  0000155550DD9051  MPI_Recv              Unknown  Unknown
libdarshan.so      0000155551709D9B  PMPI_Recv             Unknown  Unknown
ESMF_ArrayIOUTest  0000000020056A6A  Unknown               Unknown  Unknown
ESMF_ArrayIOUTest  00000000200567E6  Unknown               Unknown  Unknown
ESMF_ArrayIOUTest  0000000020054405  Unknown               Unknown  Unknown
ESMF_ArrayIOUTest  0000000020059355  Unknown               Unknown  Unknown
ESMF_ArrayIOUTest  000000002002B215  PIOc_sync             Unknown  Unknown
libesmf.so         00001555537A0EFB  _ZN5ESMCI11PIO_Ha     Unknown  Unknown
libesmf.so         000015555331C0EF  _ZN5ESMCI2IO5clos     Unknown  Unknown
libesmf.so         00001555533168C0  _ZN5ESMCI2IO5writ     Unknown  Unknown
libesmf.so         0000155552F56F31  _ZN5ESMCI5Array5w     Unknown  Unknown
libesmf.so         0000155553011644  c_esmc_arraywrite     Unknown  Unknown
libesmf.so         00001555539A4D09  esmf_arraymod_mp_     Unknown  Unknown
ESMF_ArrayIOUTest  0000000020012331  Unknown               Unknown  Unknown
ESMF_ArrayIOUTest  000000002000F712  Unknown               Unknown  Unknown
libc-2.26.so       000015554F31B3EA  __libc_start_main     Unknown  Unknown
ESMF_ArrayIOUTest  000000002000F62A  Unknown               Unknown  Unknown
srun: error: nid01017: task 0: Exited with exit code 1
