build time -- 2022-03-22 02:40:24
 --------------------------------------- 
 Start of  System Test ESMF_ArraySharedDeSSISTest
 --------------------------------------- 
 --------------------------------------- 
 Start of  System Test ESMF_ArraySharedDeSSISTest
 --------------------------------------- 
 --------------------------------------- 
 Start of  System Test ESMF_ArraySharedDeSSISTest
 --------------------------------------- 
 --------------------------------------- 
 Start of  System Test ESMF_ArraySharedDeSSISTest
 --------------------------------------- 
 --------------------------------------- 
 Start of  System Test ESMF_ArraySharedDeSSISTest
 --------------------------------------- 
 --------------------------------------- 
 Start of  System Test ESMF_ArraySharedDeSSISTest
 --------------------------------------- 
  System Test ESMF_ArraySharedDeSSISTest                                        
                                                                                
                                                                                
                     complete.
 ------------------------------------------------------------
 ------------------------------------------------------------
 Test finished, localPet =            0
 ------------------------------------------------------------
 ------------------------------------------------------------
  PASS  System Test ESMF_ArraySharedDeSSISTest, ESMF_ArraySharedDeSSISTest.F90, 
 line 297
 
  System Test ESMF_ArraySharedDeSSISTest
  SUCCESS:  System Test ESMF_ArraySharedDeSSISTest finished correctly.
 
  System Test ESMF_ArraySharedDeSSISTest                                        
                                                                                
                                                                                
                     complete.
 ------------------------------------------------------------
 ------------------------------------------------------------
 Test finished, localPet =            2
 ------------------------------------------------------------
 ------------------------------------------------------------
  System Test ESMF_ArraySharedDeSSISTest                                        
                                                                                
                                                                                
                     complete.
 ------------------------------------------------------------
 ------------------------------------------------------------
 Test finished, localPet =            1
 ------------------------------------------------------------
 ------------------------------------------------------------
  PASS  System Test ESMF_ArraySharedDeSSISTest, ESMF_ArraySharedDeSSISTest.F90, 
 line 297
 
  System Test ESMF_ArraySharedDeSSISTest
  SUCCESS:  System Test ESMF_ArraySharedDeSSISTest finished correctly.
 
  PASS  System Test ESMF_ArraySharedDeSSISTest, ESMF_ArraySharedDeSSISTest.F90, 
 line 297
 
  System Test ESMF_ArraySharedDeSSISTest
  SUCCESS:  System Test ESMF_ArraySharedDeSSISTest finished correctly.
 
  System Test ESMF_ArraySharedDeSSISTest                                        
                                                                                
                                                                                
                     complete.
 ------------------------------------------------------------
 ------------------------------------------------------------
 Test finished, localPet =            3
 ------------------------------------------------------------
 ------------------------------------------------------------
  PASS  System Test ESMF_ArraySharedDeSSISTest, ESMF_ArraySharedDeSSISTest.F90, 
 line 297
 
  System Test ESMF_ArraySharedDeSSISTest
  SUCCESS:  System Test ESMF_ArraySharedDeSSISTest finished correctly.
 
  System Test ESMF_ArraySharedDeSSISTest                                        
                                                                                
                                                                                
                     complete.
 ------------------------------------------------------------
 ------------------------------------------------------------
 Test finished, localPet =            4
 ------------------------------------------------------------
 ------------------------------------------------------------
  PASS  System Test ESMF_ArraySharedDeSSISTest, ESMF_ArraySharedDeSSISTest.F90, 
 line 297
 
  System Test ESMF_ArraySharedDeSSISTest
  SUCCESS:  System Test ESMF_ArraySharedDeSSISTest finished correctly.
 
  System Test ESMF_ArraySharedDeSSISTest                                        
                                                                                
                                                                                
                     complete.
 ------------------------------------------------------------
 ------------------------------------------------------------
 Test finished, localPet =            5
 ------------------------------------------------------------
 ------------------------------------------------------------
  PASS  System Test ESMF_ArraySharedDeSSISTest, ESMF_ArraySharedDeSSISTest.F90, 
 line 297
 
  System Test ESMF_ArraySharedDeSSISTest
  SUCCESS:  System Test ESMF_ArraySharedDeSSISTest finished correctly.
 
Abort(806969103) on node 3 (rank 3 in comm 0): Fatal error in PMPI_Finalize: Other MPI error, error stack:
PMPI_Finalize(214)...............: MPI_Finalize failed
PMPI_Finalize(159)...............: 
MPID_Finalize(1267)..............: 
MPIDI_OFI_mpi_finalize_hook(1776): OFI domain close failed (ofi_init.c:1776:MPIDI_OFI_mpi_finalize_hook:Device or resource busy)
In: PMI_Abort(806969103, Fatal error in PMPI_Finalize: Other MPI error, error stack:
PMPI_Finalize(214)...............: MPI_Finalize failed
PMPI_Finalize(159)...............: 
MPID_Finalize(1267)..............: 
MPIDI_OFI_mpi_finalize_hook(1776): OFI domain close failed (ofi_init.c:1776:MPIDI_OFI_mpi_finalize_hook:Device or resource busy))
Abort(806969103) on node 1 (rank 1 in comm 0): Fatal error in PMPI_Finalize: Other MPI error, error stack:
PMPI_Finalize(214)...............: MPI_Finalize failed
PMPI_Finalize(159)...............: 
MPID_Finalize(1267)..............: 
MPIDI_OFI_mpi_finalize_hook(1776): OFI domain close failed (ofi_init.c:1776:MPIDI_OFI_mpi_finalize_hook:Device or resource busy)
In: PMI_Abort(806969103, Fatal error in PMPI_Finalize: Other MPI error, error stack:
PMPI_Finalize(214)...............: MPI_Finalize failed
PMPI_Finalize(159)...............: 
MPID_Finalize(1267)..............: 
MPIDI_OFI_mpi_finalize_hook(1776): OFI domain close failed (ofi_init.c:1776:MPIDI_OFI_mpi_finalize_hook:Device or resource busy))
Abort(806969103) on node 5 (rank 5 in comm 0): Fatal error in PMPI_Finalize: Other MPI error, error stack:
PMPI_Finalize(214)...............: MPI_Finalize failed
PMPI_Finalize(159)...............: 
MPID_Finalize(1267)..............: 
MPIDI_OFI_mpi_finalize_hook(1776): OFI domain close failed (ofi_init.c:1776:MPIDI_OFI_mpi_finalize_hook:Device or resource busy)
In: PMI_Abort(806969103, Fatal error in PMPI_Finalize: Other MPI error, error stack:
PMPI_Finalize(214)...............: MPI_Finalize failed
PMPI_Finalize(159)...............: 
MPID_Finalize(1267)..............: 
MPIDI_OFI_mpi_finalize_hook(1776): OFI domain close failed (ofi_init.c:1776:MPIDI_OFI_mpi_finalize_hook:Device or resource busy))
Abort(806969103) on node 2 (rank 2 in comm 0): Fatal error in PMPI_Finalize: Other MPI error, error stack:
PMPI_Finalize(214)...............: MPI_Finalize failed
PMPI_Finalize(159)...............: 
MPID_Finalize(1267)..............: 
MPIDI_OFI_mpi_finalize_hook(1776): OFI domain close failed (ofi_init.c:1776:MPIDI_OFI_mpi_finalize_hook:Device or resource busy)
In: PMI_Abort(806969103, Fatal error in PMPI_Finalize: Other MPI error, error stack:
PMPI_Finalize(214)...............: MPI_Finalize failed
PMPI_Finalize(159)...............: 
MPID_Finalize(1267)..............: 
MPIDI_OFI_mpi_finalize_hook(1776): OFI domain close failed (ofi_init.c:1776:MPIDI_OFI_mpi_finalize_hook:Device or resource busy))
Abort(806969103) on node 0 (rank 0 in comm 0): Fatal error in PMPI_Finalize: Other MPI error, error stack:
PMPI_Finalize(214)...............: MPI_Finalize failed
PMPI_Finalize(159)...............: 
MPID_Finalize(1267)..............: 
MPIDI_OFI_mpi_finalize_hook(1776): OFI domain close failed (ofi_init.c:1776:MPIDI_OFI_mpi_finalize_hook:Device or resource busy)
In: PMI_Abort(806969103, Fatal error in PMPI_Finalize: Other MPI error, error stack:
PMPI_Finalize(214)...............: MPI_Finalize failed
PMPI_Finalize(159)...............: 
MPID_Finalize(1267)..............: 
MPIDI_OFI_mpi_finalize_hook(1776): OFI domain close failed (ofi_init.c:1776:MPIDI_OFI_mpi_finalize_hook:Device or resource busy))
Abort(806969103) on node 4 (rank 4 in comm 0): Fatal error in PMPI_Finalize: Other MPI error, error stack:
PMPI_Finalize(214)...............: MPI_Finalize failed
PMPI_Finalize(159)...............: 
MPID_Finalize(1267)..............: 
MPIDI_OFI_mpi_finalize_hook(1776): OFI domain close failed (ofi_init.c:1776:MPIDI_OFI_mpi_finalize_hook:Device or resource busy)
In: PMI_Abort(806969103, Fatal error in PMPI_Finalize: Other MPI error, error stack:
PMPI_Finalize(214)...............: MPI_Finalize failed
PMPI_Finalize(159)...............: 
MPID_Finalize(1267)..............: 
MPIDI_OFI_mpi_finalize_hook(1776): OFI domain close failed (ofi_init.c:1776:MPIDI_OFI_mpi_finalize_hook:Device or resource busy))
slurmstepd: error: *** STEP 5000300.220 ON Orion-14-19 CANCELLED AT 2022-03-22T03:19:15 ***
srun: Job step aborted: Waiting up to 32 seconds for job step to finish.
srun: error: Orion-14-19: tasks 0-3,5: Killed
srun: launch/slurm: _step_signal: Terminating StepId=5000300.220
srun: error: Orion-14-19: task 4: Exited with exit code 15
