build time -- 2022-03-25 02:31:51
 --------------------------------------- 
 Start of  System Test ESMF_ArraySharedDeSSISTest
 --------------------------------------- 
 --------------------------------------- 
 Start of  System Test ESMF_ArraySharedDeSSISTest
 --------------------------------------- 
 --------------------------------------- 
 Start of  System Test ESMF_ArraySharedDeSSISTest
 --------------------------------------- 
 --------------------------------------- 
 Start of  System Test ESMF_ArraySharedDeSSISTest
 --------------------------------------- 
 --------------------------------------- 
 Start of  System Test ESMF_ArraySharedDeSSISTest
 --------------------------------------- 
 --------------------------------------- 
 Start of  System Test ESMF_ArraySharedDeSSISTest
 --------------------------------------- 
  System Test ESMF_ArraySharedDeSSISTest                                        
                                                                                
                                                                                
                     complete.
 ------------------------------------------------------------
 ------------------------------------------------------------
 Test finished, localPet =            0
 ------------------------------------------------------------
 ------------------------------------------------------------
 
  System Test ESMF_ArraySharedDeSSISTest
  SUCCESS:  System Test ESMF_ArraySharedDeSSISTest finished correctly.
 
  PASS  System Test ESMF_ArraySharedDeSSISTest, ESMF_ArraySharedDeSSISTest.F90, 
 line 297
  System Test ESMF_ArraySharedDeSSISTest                                        
                                                                                
                                                                                
                     complete.
 ------------------------------------------------------------
 ------------------------------------------------------------
 Test finished, localPet =            2
 ------------------------------------------------------------
 
  System Test ESMF_ArraySharedDeSSISTest
  SUCCESS:  System Test ESMF_ArraySharedDeSSISTest finished correctly.
 
 ------------------------------------------------------------
  PASS  System Test ESMF_ArraySharedDeSSISTest, ESMF_ArraySharedDeSSISTest.F90, 
 line 297
  System Test ESMF_ArraySharedDeSSISTest                                        
                                                                                
                                                                                
                     complete.
 ------------------------------------------------------------
 ------------------------------------------------------------
 Test finished, localPet =            1
 ------------------------------------------------------------
 ------------------------------------------------------------
  PASS  System Test ESMF_ArraySharedDeSSISTest, ESMF_ArraySharedDeSSISTest.F90, 
 line 297
 
  System Test ESMF_ArraySharedDeSSISTest
  SUCCESS:  System Test ESMF_ArraySharedDeSSISTest finished correctly.
 
  System Test ESMF_ArraySharedDeSSISTest                                        
                                                                                
                                                                                
                     complete.
 ------------------------------------------------------------
 ------------------------------------------------------------
 Test finished, localPet =            3
 ------------------------------------------------------------
 ------------------------------------------------------------
  PASS  System Test ESMF_ArraySharedDeSSISTest, ESMF_ArraySharedDeSSISTest.F90, 
 line 297
 
  System Test ESMF_ArraySharedDeSSISTest
  SUCCESS:  System Test ESMF_ArraySharedDeSSISTest finished correctly.
 
  System Test ESMF_ArraySharedDeSSISTest                                        
                                                                                
                                                                                
                     complete.
 ------------------------------------------------------------
 ------------------------------------------------------------
 Test finished, localPet =            5
 ------------------------------------------------------------
 ------------------------------------------------------------
 
  System Test ESMF_ArraySharedDeSSISTest
  SUCCESS:  System Test ESMF_ArraySharedDeSSISTest finished correctly.
 
  PASS  System Test ESMF_ArraySharedDeSSISTest, ESMF_ArraySharedDeSSISTest.F90, 
 line 297
  System Test ESMF_ArraySharedDeSSISTest                                        
                                                                                
                                                                                
                     complete.
 
  System Test ESMF_ArraySharedDeSSISTest
  SUCCESS:  System Test ESMF_ArraySharedDeSSISTest finished correctly.
 
 ------------------------------------------------------------
 ------------------------------------------------------------
 Test finished, localPet =            4
 ------------------------------------------------------------
 ------------------------------------------------------------
  PASS  System Test ESMF_ArraySharedDeSSISTest, ESMF_ArraySharedDeSSISTest.F90, 
 line 297
Abort(806969103) on node 2 (rank 2 in comm 0): Fatal error in PMPI_Finalize: Other MPI error, error stack:
PMPI_Finalize(214)...............: MPI_Finalize failed
PMPI_Finalize(159)...............: 
MPID_Finalize(1267)..............: 
MPIDI_OFI_mpi_finalize_hook(1776): OFI domain close failed (ofi_init.c:1776:MPIDI_OFI_mpi_finalize_hook:Device or resource busy)
In: PMI_Abort(806969103, Fatal error in PMPI_Finalize: Other MPI error, error stack:
PMPI_Finalize(214)...............: MPI_Finalize failed
PMPI_Finalize(159)...............: 
MPID_Finalize(1267)..............: 
MPIDI_OFI_mpi_finalize_hook(1776): OFI domain close failed (ofi_init.c:1776:MPIDI_OFI_mpi_finalize_hook:Device or resource busy))
Abort(806969103) on node 3 (rank 3 in comm 0): Fatal error in PMPI_Finalize: Other MPI error, error stack:
PMPI_Finalize(214)...............: MPI_Finalize failed
PMPI_Finalize(159)...............: 
MPID_Finalize(1267)..............: 
MPIDI_OFI_mpi_finalize_hook(1776): OFI domain close failed (ofi_init.c:1776:MPIDI_OFI_mpi_finalize_hook:Device or resource busy)
In: PMI_Abort(806969103, Fatal error in PMPI_Finalize: Other MPI error, error stack:
PMPI_Finalize(214)...............: MPI_Finalize failed
PMPI_Finalize(159)...............: 
MPID_Finalize(1267)..............: 
MPIDI_OFI_mpi_finalize_hook(1776): OFI domain close failed (ofi_init.c:1776:MPIDI_OFI_mpi_finalize_hook:Device or resource busy))
Abort(806969103) on node 0 (rank 0 in comm 0): Fatal error in PMPI_Finalize: Other MPI error, error stack:
PMPI_Finalize(214)...............: MPI_Finalize failed
PMPI_Finalize(159)...............: 
MPID_Finalize(1267)..............: 
MPIDI_OFI_mpi_finalize_hook(1776): OFI domain close failed (ofi_init.c:1776:MPIDI_OFI_mpi_finalize_hook:Device or resource busy)
In: PMI_Abort(806969103, Fatal error in PMPI_Finalize: Other MPI error, error stack:
PMPI_Finalize(214)...............: MPI_Finalize failed
PMPI_Finalize(159)...............: 
MPID_Finalize(1267)..............: 
MPIDI_OFI_mpi_finalize_hook(1776): OFI domain close failed (ofi_init.c:1776:MPIDI_OFI_mpi_finalize_hook:Device or resource busy))
Abort(806969103) on node 5 (rank 5 in comm 0): Fatal error in PMPI_Finalize: Other MPI error, error stack:
PMPI_Finalize(214)...............: MPI_Finalize failed
PMPI_Finalize(159)...............: 
MPID_Finalize(1267)..............: 
MPIDI_OFI_mpi_finalize_hook(1776): OFI domain close failed (ofi_init.c:1776:MPIDI_OFI_mpi_finalize_hook:Device or resource busy)
In: PMI_Abort(806969103, Fatal error in PMPI_Finalize: Other MPI error, error stack:
PMPI_Finalize(214)...............: MPI_Finalize failed
PMPI_Finalize(159)...............: 
MPID_Finalize(1267)..............: 
MPIDI_OFI_mpi_finalize_hook(1776): OFI domain close failed (ofi_init.c:1776:MPIDI_OFI_mpi_finalize_hook:Device or resource busy))
Abort(806969103) on node 1 (rank 1 in comm 0): Fatal error in PMPI_Finalize: Other MPI error, error stack:
PMPI_Finalize(214)...............: MPI_Finalize failed
PMPI_Finalize(159)...............: 
MPID_Finalize(1267)..............: 
MPIDI_OFI_mpi_finalize_hook(1776): OFI domain close failed (ofi_init.c:1776:MPIDI_OFI_mpi_finalize_hook:Device or resource busy)
In: PMI_Abort(806969103, Fatal error in PMPI_Finalize: Other MPI error, error stack:
PMPI_Finalize(214)...............: MPI_Finalize failed
PMPI_Finalize(159)...............: 
MPID_Finalize(1267)..............: 
MPIDI_OFI_mpi_finalize_hook(1776): OFI domain close failed (ofi_init.c:1776:MPIDI_OFI_mpi_finalize_hook:Device or resource busy))
Abort(806969103) on node 4 (rank 4 in comm 0): Fatal error in PMPI_Finalize: Other MPI error, error stack:
PMPI_Finalize(214)...............: MPI_Finalize failed
PMPI_Finalize(159)...............: 
MPID_Finalize(1267)..............: 
MPIDI_OFI_mpi_finalize_hook(1776): OFI domain close failed (ofi_init.c:1776:MPIDI_OFI_mpi_finalize_hook:Device or resource busy)
In: PMI_Abort(806969103, Fatal error in PMPI_Finalize: Other MPI error, error stack:
PMPI_Finalize(214)...............: MPI_Finalize failed
PMPI_Finalize(159)...............: 
MPID_Finalize(1267)..............: 
MPIDI_OFI_mpi_finalize_hook(1776): OFI domain close failed (ofi_init.c:1776:MPIDI_OFI_mpi_finalize_hook:Device or resource busy))
slurmstepd: error: *** STEP 5024679.221 ON Orion-02-56 CANCELLED AT 2022-03-25T02:54:45 ***
srun: Job step aborted: Waiting up to 32 seconds for job step to finish.
srun: error: Orion-02-56: tasks 0-1,3-5: Killed
srun: launch/slurm: _step_signal: Terminating StepId=5024679.221
srun: error: Orion-02-56: task 2: Exited with exit code 15
