Sat 05 Mar 2022 01:27:36 AM UTC
---------------------------------------------------------------------------
Sat 05 Mar 2022 01:27:04 AM UTC
STARTING: AsyncIOBlockingProto
rm -f PET*.ESMF_LogFile *.nc *.stdout
rm -f asyncIOApp *.o *.mod
ftn -c -fallow-argument-mismatch -fallow-invalid-boz    model.F90
model.F90:17:7:

   17 |   use ESMF
      |       1
Fatal Error: Cannot open module file 'esmf.mod' for reading at (1): No such file or directory
compilation terminated.
make: *** [Makefile:36: model.o] Error 1
+ -np 4 ./asyncIOApp
+ local result=127
+ set +x
FINISHED: AsyncIOBlockingProto
Sat 05 Mar 2022 01:27:05 AM UTC
---------------------------------------------------------------------------

---------------------------------------------------------------------------
Sat 05 Mar 2022 01:27:05 AM UTC
STARTING: AsyncIONonblockingProto
rm -f PET*.ESMF_LogFile *.nc *.stdout
rm -f asyncIOApp *.o *.mod
ftn -c -fallow-argument-mismatch -fallow-invalid-boz    model.F90
model.F90:17:7:

   17 |   use ESMF
      |       1
Fatal Error: Cannot open module file 'esmf.mod' for reading at (1): No such file or directory
compilation terminated.
make: *** [Makefile:36: model.o] Error 1
+ -np 4 ./asyncIOApp
+ local result=127
+ set +x
FINISHED: AsyncIONonblockingProto
Sat 05 Mar 2022 01:27:05 AM UTC
---------------------------------------------------------------------------

---------------------------------------------------------------------------
Sat 05 Mar 2022 01:27:05 AM UTC
STARTING: AtmOcnConOptsProto
rm -rf PET*.ESMF_LogFile traceout *.nc *.stdout
rm -f esmApp *.o *.mod
ftn -c -fallow-argument-mismatch -fallow-invalid-boz    atm.F90
atm.F90:17:7:

   17 |   use ESMF
      |       1
Fatal Error: Cannot open module file 'esmf.mod' for reading at (1): No such file or directory
compilation terminated.
make: *** [Makefile:36: atm.o] Error 1
+ -np 4 ./esmApp
+ local result=127
+ set +x
FINISHED: AtmOcnConOptsProto
Sat 05 Mar 2022 01:27:05 AM UTC
---------------------------------------------------------------------------

---------------------------------------------------------------------------
Sat 05 Mar 2022 01:27:05 AM UTC
STARTING: AtmOcnConProto
rm -f PET*.ESMF_LogFile *.nc *.stdout
rm -f esmApp *.o *.mod
ftn -c -fallow-argument-mismatch -fallow-invalid-boz    atm.F90
atm.F90:17:7:

   17 |   use ESMF
      |       1
Fatal Error: Cannot open module file 'esmf.mod' for reading at (1): No such file or directory
compilation terminated.
make: *** [Makefile:36: atm.o] Error 1
+ -np 4 ./esmApp
+ local result=127
+ set +x
FINISHED: AtmOcnConProto
Sat 05 Mar 2022 01:27:05 AM UTC
---------------------------------------------------------------------------

---------------------------------------------------------------------------
Sat 05 Mar 2022 01:27:05 AM UTC
STARTING: AtmOcnCplListProto
rm -f PET*.ESMF_LogFile *.nc *.stdout
rm -f esmApp *.o *.mod
ftn -c -fallow-argument-mismatch -fallow-invalid-boz    atm.F90
atm.F90:17:7:

   17 |   use ESMF
      |       1
Fatal Error: Cannot open module file 'esmf.mod' for reading at (1): No such file or directory
compilation terminated.
make: *** [Makefile:36: atm.o] Error 1
+ -np 4 ./esmApp
+ local result=127
+ set +x
FINISHED: AtmOcnCplListProto
Sat 05 Mar 2022 01:27:05 AM UTC
---------------------------------------------------------------------------

---------------------------------------------------------------------------
Sat 05 Mar 2022 01:27:05 AM UTC
STARTING: AtmOcnCplSetProto
rm -f PET*.ESMF_LogFile err out core* *.nc *.stdout
rm -f esmApp *.o *.mod
ftn -g -c -fallow-argument-mismatch -fallow-invalid-boz    atm.F90
atm.F90:24:7:

   24 |   use ESMF
      |       1
Fatal Error: Cannot open module file 'esmf.mod' for reading at (1): No such file or directory
compilation terminated.
make: *** [Makefile:36: atm.o] Error 1
+ -np 4 ./esmApp
+ local result=127
+ set +x
FINISHED: AtmOcnCplSetProto
Sat 05 Mar 2022 01:27:05 AM UTC
---------------------------------------------------------------------------

---------------------------------------------------------------------------
Sat 05 Mar 2022 01:27:05 AM UTC
STARTING: AtmOcnFDSynoProto
rm -f PET*.ESMF_LogFile *.nc *.stdout
rm -f esmApp *.o *.mod
ftn -c -fallow-argument-mismatch -fallow-invalid-boz    atm.F90
atm.F90:17:7:

   17 |   use ESMF
      |       1
Fatal Error: Cannot open module file 'esmf.mod' for reading at (1): No such file or directory
compilation terminated.
make: *** [Makefile:36: atm.o] Error 1
+ -np 4 ./esmApp
+ local result=127
+ set +x
FINISHED: AtmOcnFDSynoProto
Sat 05 Mar 2022 01:27:05 AM UTC
---------------------------------------------------------------------------

---------------------------------------------------------------------------
Sat 05 Mar 2022 01:27:05 AM UTC
STARTING: AtmOcnIceSimpleImplicitProto
rm -f PET*.ESMF_LogFile *.nc *.stdout
rm -f esmApp *.o *.mod
ftn -c -fallow-argument-mismatch -fallow-invalid-boz    atm.F90
atm.F90:26:7:

   26 |   use ESMF
      |       1
Fatal Error: Cannot open module file 'esmf.mod' for reading at (1): No such file or directory
compilation terminated.
make: *** [Makefile:36: atm.o] Error 1
+ -np 4 ./esmApp
+ local result=127
+ set +x
FINISHED: AtmOcnIceSimpleImplicitProto
Sat 05 Mar 2022 01:27:05 AM UTC
---------------------------------------------------------------------------

---------------------------------------------------------------------------
Sat 05 Mar 2022 01:27:05 AM UTC
STARTING: AtmOcnImplicitProto
rm -f PET*.ESMF_LogFile *.nc *.stdout
rm -f esmApp *.o *.mod
ftn -c -fallow-argument-mismatch -fallow-invalid-boz    atm.F90
atm.F90:26:7:

   26 |   use ESMF
      |       1
Fatal Error: Cannot open module file 'esmf.mod' for reading at (1): No such file or directory
compilation terminated.
make: *** [Makefile:36: atm.o] Error 1
+ -np 4 ./esmApp
+ local result=127
+ set +x
FINISHED: AtmOcnImplicitProto
Sat 05 Mar 2022 01:27:05 AM UTC
---------------------------------------------------------------------------

---------------------------------------------------------------------------
Sat 05 Mar 2022 01:27:05 AM UTC
STARTING: AtmOcnLndProto
rm -f PET*.ESMF_LogFile *.nc *.stdout
rm -f esmApp *.o *.mod
ftn -c -fallow-argument-mismatch -fallow-invalid-boz    atm.F90
atm.F90:17:7:

   17 |   use ESMF
      |       1
Fatal Error: Cannot open module file 'esmf.mod' for reading at (1): No such file or directory
compilation terminated.
make: *** [Makefile:36: atm.o] Error 1
+ -np 4 ./esmApp
+ local result=127
+ set +x
FINISHED: AtmOcnLndProto
Sat 05 Mar 2022 01:27:05 AM UTC
---------------------------------------------------------------------------

---------------------------------------------------------------------------
Sat 05 Mar 2022 01:27:05 AM UTC
STARTING: AtmOcnLogNoneProto
rm -rf PET*.ESMF_LogFile traceout *.nc *.stdout
rm -f esmApp *.o *.mod
ftn -c -fallow-argument-mismatch -fallow-invalid-boz    atm.F90
atm.F90:17:7:

   17 |   use ESMF
      |       1
Fatal Error: Cannot open module file 'esmf.mod' for reading at (1): No such file or directory
compilation terminated.
make: *** [Makefile:36: atm.o] Error 1
+ -np 4 ./esmApp
+ local result=127
+ set +x
FINISHED: AtmOcnLogNoneProto
Sat 05 Mar 2022 01:27:05 AM UTC
---------------------------------------------------------------------------

---------------------------------------------------------------------------
Sat 05 Mar 2022 01:27:05 AM UTC
STARTING: AtmOcnMedIngestFromConfigProto
rm -f PET*.ESMF_LogFile *.nc *.stdout
rm -f esmApp *.o *.mod
ftn -c -fallow-argument-mismatch -fallow-invalid-boz    atm.F90
atm.F90:17:7:

   17 |   use ESMF
      |       1
Fatal Error: Cannot open module file 'esmf.mod' for reading at (1): No such file or directory
compilation terminated.
make: *** [Makefile:36: atm.o] Error 1
+ -np 4 ./esmApp
+ local result=127
+ set +x
FINISHED: AtmOcnMedIngestFromConfigProto
Sat 05 Mar 2022 01:27:05 AM UTC
---------------------------------------------------------------------------

---------------------------------------------------------------------------
Sat 05 Mar 2022 01:27:05 AM UTC
STARTING: AtmOcnMedIngestFromInternalProto
rm -f PET*.ESMF_LogFile *.nc *.stdout
rm -f esmApp *.o *.mod
ftn -c -fallow-argument-mismatch -fallow-invalid-boz    atm.F90
atm.F90:17:7:

   17 |   use ESMF
      |       1
Fatal Error: Cannot open module file 'esmf.mod' for reading at (1): No such file or directory
compilation terminated.
make: *** [Makefile:36: atm.o] Error 1
+ -np 4 ./esmApp
+ local result=127
+ set +x
FINISHED: AtmOcnMedIngestFromInternalProto
Sat 05 Mar 2022 01:27:05 AM UTC
---------------------------------------------------------------------------

---------------------------------------------------------------------------
Sat 05 Mar 2022 01:27:05 AM UTC
STARTING: AtmOcnMedPetListProto
rm -f PET*.ESMF_LogFile *.nc *.stdout
rm -f esmApp *.o *.mod
ftn -c -fallow-argument-mismatch -fallow-invalid-boz    atm.F90
atm.F90:17:7:

   17 |   use ESMF
      |       1
Fatal Error: Cannot open module file 'esmf.mod' for reading at (1): No such file or directory
compilation terminated.
make: *** [Makefile:36: atm.o] Error 1
+ -np 4 ./esmApp
+ local result=127
+ set +x
FINISHED: AtmOcnMedPetListProto
Sat 05 Mar 2022 01:27:05 AM UTC
---------------------------------------------------------------------------

---------------------------------------------------------------------------
Sat 05 Mar 2022 01:27:05 AM UTC
STARTING: AtmOcnMedPetListTimescalesProto
rm -f PET*.ESMF_LogFile *.nc *.stdout
rm -f esmApp *.o *.mod
ftn -c -fallow-argument-mismatch -fallow-invalid-boz    atm.F90
atm.F90:17:7:

   17 |   use ESMF
      |       1
Fatal Error: Cannot open module file 'esmf.mod' for reading at (1): No such file or directory
compilation terminated.
make: *** [Makefile:36: atm.o] Error 1
+ -np 4 ./esmApp
+ local result=127
+ set +x
FINISHED: AtmOcnMedPetListTimescalesProto
Sat 05 Mar 2022 01:27:05 AM UTC
---------------------------------------------------------------------------

---------------------------------------------------------------------------
Sat 05 Mar 2022 01:27:05 AM UTC
STARTING: AtmOcnMedPetListTimescalesSplitFastProto
rm -f PET*.ESMF_LogFile *.nc *.stdout
rm -f esmApp *.o *.mod
ftn -c -fallow-argument-mismatch -fallow-invalid-boz    atm.F90
atm.F90:17:7:

   17 |   use ESMF
      |       1
Fatal Error: Cannot open module file 'esmf.mod' for reading at (1): No such file or directory
compilation terminated.
make: *** [Makefile:36: atm.o] Error 1
+ -np 4 ./esmApp
+ local result=127
+ set +x
FINISHED: AtmOcnMedPetListTimescalesSplitFastProto
Sat 05 Mar 2022 01:27:06 AM UTC
---------------------------------------------------------------------------

---------------------------------------------------------------------------
Sat 05 Mar 2022 01:27:06 AM UTC
STARTING: AtmOcnMedProto
rm -f PET*.ESMF_LogFile *.nc *.stdout
rm -f esmApp *.o *.mod
ftn -c -fallow-argument-mismatch -fallow-invalid-boz    atm.F90
atm.F90:17:7:

   17 |   use ESMF
      |       1
Fatal Error: Cannot open module file 'esmf.mod' for reading at (1): No such file or directory
compilation terminated.
make: *** [Makefile:36: atm.o] Error 1
+ -np 4 ./esmApp
+ local result=127
+ set +x
FINISHED: AtmOcnMedProto
Sat 05 Mar 2022 01:27:06 AM UTC
---------------------------------------------------------------------------

---------------------------------------------------------------------------
Sat 05 Mar 2022 01:27:06 AM UTC
STARTING: AtmOcnMirrorFieldsProto
rm -f PET*.ESMF_LogFile *.nc *.stdout
rm -f esmApp *.o *.mod
ftn -c -fallow-argument-mismatch -fallow-invalid-boz    atm.F90
atm.F90:34:7:

   34 |   use ESMF
      |       1
Fatal Error: Cannot open module file 'esmf.mod' for reading at (1): No such file or directory
compilation terminated.
make: *** [Makefile:36: atm.o] Error 1
+ -np 4 ./esmApp
+ local result=127
+ set +x
FINISHED: AtmOcnMirrorFieldsProto
Sat 05 Mar 2022 01:27:06 AM UTC
---------------------------------------------------------------------------

---------------------------------------------------------------------------
Sat 05 Mar 2022 01:27:06 AM UTC
STARTING: AtmOcnPetListProto
rm -f PET*.ESMF_LogFile *.nc *.stdout
rm -f esmApp *.o *.mod
ftn -c -fallow-argument-mismatch -fallow-invalid-boz    atm.F90
atm.F90:17:7:

   17 |   use ESMF
      |       1
Fatal Error: Cannot open module file 'esmf.mod' for reading at (1): No such file or directory
compilation terminated.
make: *** [Makefile:36: atm.o] Error 1
+ -np 4 ./esmApp
+ local result=127
+ set +x
FINISHED: AtmOcnPetListProto
Sat 05 Mar 2022 01:27:06 AM UTC
---------------------------------------------------------------------------

---------------------------------------------------------------------------
Sat 05 Mar 2022 01:27:06 AM UTC
STARTING: AtmOcnProto
rm -rf PET*.ESMF_LogFile traceout *.nc *.stdout
rm -f esmApp *.o *.mod
ftn -c -fallow-argument-mismatch -fallow-invalid-boz    atm.F90
atm.F90:17:7:

   17 |   use ESMF
      |       1
Fatal Error: Cannot open module file 'esmf.mod' for reading at (1): No such file or directory
compilation terminated.
make: *** [Makefile:36: atm.o] Error 1
+ -np 4 ./esmApp
+ local result=127
+ set +x
FINISHED: AtmOcnProto
Sat 05 Mar 2022 01:27:06 AM UTC
---------------------------------------------------------------------------

---------------------------------------------------------------------------
Sat 05 Mar 2022 01:27:06 AM UTC
STARTING: AtmOcnRtmTwoTimescalesProto
rm -f PET*.ESMF_LogFile *.nc *.stdout
rm -f esmApp *.o *.mod
ftn -c -fallow-argument-mismatch -fallow-invalid-boz    atm.F90
atm.F90:17:7:

   17 |   use ESMF
      |       1
Fatal Error: Cannot open module file 'esmf.mod' for reading at (1): No such file or directory
compilation terminated.
make: *** [Makefile:36: atm.o] Error 1
+ -np 4 ./esmApp
+ local result=127
+ set +x
FINISHED: AtmOcnRtmTwoTimescalesProto
Sat 05 Mar 2022 01:27:06 AM UTC
---------------------------------------------------------------------------

---------------------------------------------------------------------------
Sat 05 Mar 2022 01:27:06 AM UTC
STARTING: AtmOcnScalarProto
rm -f PET*.ESMF_LogFile *.nc *.stdout
rm -f esmApp *.o *.mod
ftn -c -fallow-argument-mismatch -fallow-invalid-boz    atm.F90
atm.F90:17:7:

   17 |   use ESMF
      |       1
Fatal Error: Cannot open module file 'esmf.mod' for reading at (1): No such file or directory
compilation terminated.
make: *** [Makefile:36: atm.o] Error 1
+ -np 4 ./esmApp
+ local result=127
+ set +x
FINISHED: AtmOcnScalarProto
Sat 05 Mar 2022 01:27:06 AM UTC
---------------------------------------------------------------------------

---------------------------------------------------------------------------
Sat 05 Mar 2022 01:27:06 AM UTC
STARTING: AtmOcnSelectExternalProto
rm -f PET*.ESMF_LogFile *.nc *.stdout
rm -f esmApp *.o *.mod
rm -f *.so
rm -f PET*.ESMF_LogFile
rm -f *.o *.mod *.mk
rm -f PET*.ESMF_LogFile
rm -f *.o *.mod *.mk
rm -f PET*.ESMF_LogFile
rm -f *.o *.mod *.a *.mk
rm -f PET*.ESMF_LogFile
rm -f *.o *.so *.mod *.mk
rm -f PET*.ESMF_LogFile
rm -f *.o *.so *.mod *.mk
rm -f PET*.ESMF_LogFile
rm -f *.o *.mod *.mk
ftn -c  -DFRONT_OCNCOMMON=   -fallow-argument-mismatch -fallow-invalid-boz    ../OcnCommon/ocnCommon.F90
../OcnCommon/ocnCommon.F90:13:7:

   13 |   use ESMF
      |       1
Fatal Error: Cannot open module file 'esmf.mod' for reading at (1): No such file or directory
compilation terminated.
Makefile:30: ../OcnCommon/ocnCommon.mk: No such file or directory
gmake: *** [Makefile:47: ../OcnCommon/ocnCommon.o] Error 1
ftn -c  -DFRONT_OCNCOMMON= -DFRONT_OCNSUB=    -fallow-argument-mismatch -fallow-invalid-boz    OcnSub/ocnSub.F90
OcnSub/ocnSub.F90:7:7:

    7 |   use ESMF
      |       1
Fatal Error: Cannot open module file 'esmf.mod' for reading at (1): No such file or directory
compilation terminated.
Makefile:38: OcnSub/ocnSub.mk: No such file or directory
gmake: *** [Makefile:55: OcnSub/ocnSub.o] Error 1
rm -f PET*.ESMF_LogFile
rm -f *.o *.mod *.mk
Makefile:42: OcnSub/ocnSub.mk: No such file or directory
gmake: *** No rule to make target 'OcnSub/ocnSub.mk'.  Stop.
rm -f PET*.ESMF_LogFile
rm -f *.o *.mod *.mk
rm -f PET*.ESMF_LogFile
rm -f *.o *.mod *.mk
rm -f PET*.ESMF_LogFile
rm -f *.o *.mod *.mk
ftn -c -fallow-argument-mismatch -fallow-invalid-boz    atmA.F90
atmA.F90:17:7:

   17 |   use ESMF
      |       1
Fatal Error: Cannot open module file 'esmf.mod' for reading at (1): No such file or directory
compilation terminated.
gmake: *** [Makefile:36: atmA.o] Error 1
rm -f PET*.ESMF_LogFile
rm -f *.o *.mod *.mk
ftn -c -fallow-argument-mismatch -fallow-invalid-boz    atmB.F90
atmB.F90:17:7:

   17 |   use ESMF
      |       1
Fatal Error: Cannot open module file 'esmf.mod' for reading at (1): No such file or directory
compilation terminated.
gmake: *** [Makefile:36: atmB.o] Error 1
rm -f PET*.ESMF_LogFile
rm -f *.o *.mod *.a *.mk
ftn -c -fallow-argument-mismatch -fallow-invalid-boz    atmC.F90
atmC.F90:17:7:

   17 |   use ESMF
      |       1
Fatal Error: Cannot open module file 'esmf.mod' for reading at (1): No such file or directory
compilation terminated.
gmake: *** [Makefile:36: atmC.o] Error 1
rm -f PET*.ESMF_LogFile
rm -f *.o *.so *.mod *.mk
ftn -c -fallow-argument-mismatch -fallow-invalid-boz    atmD.F90
atmD.F90:17:7:

   17 |   use ESMF
      |       1
Fatal Error: Cannot open module file 'esmf.mod' for reading at (1): No such file or directory
compilation terminated.
gmake: *** [Makefile:36: atmD.o] Error 1
rm -f PET*.ESMF_LogFile
rm -f *.o *.so *.mod *.mk
ftn -c -fallow-argument-mismatch -fallow-invalid-boz    atmE.F90
atmE.F90:17:7:

   17 |   use ESMF
      |       1
Fatal Error: Cannot open module file 'esmf.mod' for reading at (1): No such file or directory
compilation terminated.
gmake: *** [Makefile:36: atmE.o] Error 1
mv: cannot stat 'atmE.so': No such file or directory
rm -f PET*.ESMF_LogFile
rm -f *.o *.mod *.mk
CC -c     atmF.C
atmF.C:18:10: fatal error: ESMC.h: No such file or directory
   18 | #include "ESMC.h"
      |          ^~~~~~~~
compilation terminated.
gmake: *** [Makefile:42: atmF.o] Error 1
rm -f PET*.ESMF_LogFile
rm -f *.o *.mod *.mk
ftn -c -fallow-argument-mismatch -fallow-invalid-boz    subModule1.F90
ftn -c -fallow-argument-mismatch -fallow-invalid-boz    subModule2.F90
ftn -c -fallow-argument-mismatch -fallow-invalid-boz    ocnCommon.F90
ocnCommon.F90:13:7:

   13 |   use ESMF
      |       1
Fatal Error: Cannot open module file 'esmf.mod' for reading at (1): No such file or directory
compilation terminated.
gmake: *** [Makefile:36: ocnCommon.o] Error 1
ftn -c  -DFRONT_OCNCOMMON=   -fallow-argument-mismatch -fallow-invalid-boz    ../OcnCommon/ocnCommon.F90
../OcnCommon/ocnCommon.F90:13:7:

   13 |   use ESMF
      |       1
Fatal Error: Cannot open module file 'esmf.mod' for reading at (1): No such file or directory
compilation terminated.
Makefile:30: ../OcnCommon/ocnCommon.mk: No such file or directory
gmake: *** [Makefile:47: ../OcnCommon/ocnCommon.o] Error 1
ftn -c  -DFRONT_OCNCOMMON=   -fallow-argument-mismatch -fallow-invalid-boz    ../OcnCommon/ocnCommon.F90
../OcnCommon/ocnCommon.F90:13:7:

   13 |   use ESMF
      |       1
Fatal Error: Cannot open module file 'esmf.mod' for reading at (1): No such file or directory
compilation terminated.
Makefile:30: ../OcnCommon/ocnCommon.mk: No such file or directory
gmake: *** [Makefile:47: ../OcnCommon/ocnCommon.o] Error 1
rm -f PET*.ESMF_LogFile
rm -f *.o *.mod *.mk
ftn -c -fallow-argument-mismatch -fallow-invalid-boz    ocnSub.F90
ocnSub.F90:7:7:

    7 |   use ESMF
      |       1
Fatal Error: Cannot open module file 'esmf.mod' for reading at (1): No such file or directory
compilation terminated.
gmake: *** [Makefile:36: ocnSub.o] Error 1
ftn -c  -DFRONT_OCNCOMMON= -DFRONT_OCNSUB=    -fallow-argument-mismatch -fallow-invalid-boz    OcnSub/ocnSub.F90
OcnSub/ocnSub.F90:7:7:

    7 |   use ESMF
      |       1
Fatal Error: Cannot open module file 'esmf.mod' for reading at (1): No such file or directory
compilation terminated.
Makefile:38: OcnSub/ocnSub.mk: No such file or directory
gmake: *** [Makefile:55: OcnSub/ocnSub.o] Error 1
ftn -c  -DFRONT_OCNCOMMON= -DFRONT_OCNSUB=    -fallow-argument-mismatch -fallow-invalid-boz    OcnSub/ocnSub.F90
OcnSub/ocnSub.F90:7:7:

    7 |   use ESMF
      |       1
Fatal Error: Cannot open module file 'esmf.mod' for reading at (1): No such file or directory
compilation terminated.
Makefile:38: OcnSub/ocnSub.mk: No such file or directory
gmake: *** [Makefile:55: OcnSub/ocnSub.o] Error 1
rm -f PET*.ESMF_LogFile
rm -f *.o *.mod *.mk
ftn -c -fallow-argument-mismatch -fallow-invalid-boz    ocnSub.F90
ocnSub.F90:7:7:

    7 |   use ESMF
      |       1
Fatal Error: Cannot open module file 'esmf.mod' for reading at (1): No such file or directory
compilation terminated.
gmake: *** [Makefile:36: ocnSub.o] Error 1
Makefile:42: OcnSub/ocnSub.mk: No such file or directory
gmake: *** No rule to make target 'OcnSub/ocnSub.mk'.  Stop.
Makefile:42: OcnSub/ocnSub.mk: No such file or directory
gmake: *** No rule to make target 'OcnSub/ocnSub.mk'.  Stop.
mv: cannot stat 'ocn.so': No such file or directory
Makefile:117: OcnModelC/ocn.mk: No such file or directory
make: *** No rule to make target 'OcnModelC/ocn.mk'.  Stop.
+ -np 4 ./esmApp
+ local result=127
+ set +x

rm -f esmApp *.o *.mod
Makefile:117: OcnModelC/ocn.mk: No such file or directory
make: *** No rule to make target 'OcnModelC/ocn.mk'.  Stop.
+ -np 4 ./esmApp
+ local result=127
+ set +x

rm -f esmApp *.o *.mod
Makefile:117: OcnModelC/ocn.mk: No such file or directory
make: *** No rule to make target 'OcnModelC/ocn.mk'.  Stop.
+ -np 4 ./esmApp
+ local result=127
+ set +x

rm -f esmApp *.o *.mod
Makefile:117: OcnModelC/ocn.mk: No such file or directory
make: *** No rule to make target 'OcnModelC/ocn.mk'.  Stop.
+ -np 4 ./esmApp
+ local result=127
+ set +x
FINISHED: AtmOcnSelectExternalProto

rm -f esmApp *.o *.mod
Makefile:117: OcnModelC/ocn.mk: No such file or directory
make: *** No rule to make target 'OcnModelC/ocn.mk'.  Stop.
+ -np 4 ./esmApp
+ local result=127
+ set +x

rm -f esmApp *.o *.mod
Makefile:117: OcnModelC/ocn.mk: No such file or directory
make: *** No rule to make target 'OcnModelC/ocn.mk'.  Stop.
FINISHED: AtmOcnSelectExternalProto
Sat 05 Mar 2022 01:27:07 AM UTC
---------------------------------------------------------------------------

---------------------------------------------------------------------------
Sat 05 Mar 2022 01:27:07 AM UTC
STARTING: AtmOcnSelectProto
rm -f PET*.ESMF_LogFile *.nc *.stdout
rm -f esmApp *.o *.mod
ftn -c -DWITH_ATM_A -DWITH_OCN_A -DWITH_OCN_B -fallow-argument-mismatch -fallow-invalid-boz    atmA.F90
atmA.F90:17:7:

   17 |   use ESMF
      |       1
Fatal Error: Cannot open module file 'esmf.mod' for reading at (1): No such file or directory
compilation terminated.
make: *** [Makefile:51: atmA.o] Error 1
+ -np 4 ./esmApp
+ local result=127
+ set +x

rm -f esmApp *.o *.mod
ftn -c -DWITH_ATM_B -DWITH_OCN_A -DWITH_OCN_B -fallow-argument-mismatch -fallow-invalid-boz    atmA.F90
atmA.F90:17:7:

   17 |   use ESMF
      |       1
Fatal Error: Cannot open module file 'esmf.mod' for reading at (1): No such file or directory
compilation terminated.
make: *** [Makefile:51: atmA.o] Error 1
+ -np 4 ./esmApp
+ local result=127
+ set +x

rm -f esmApp *.o *.mod
ftn -c -DWITH_ATM_A -DWITH_OCN_B -fallow-argument-mismatch -fallow-invalid-boz    atmA.F90
atmA.F90:17:7:

   17 |   use ESMF
      |       1
Fatal Error: Cannot open module file 'esmf.mod' for reading at (1): No such file or directory
compilation terminated.
make: *** [Makefile:51: atmA.o] Error 1
+ -np 4 ./esmApp
+ local result=127
+ set +x
FINISHED: AtmOcnSelectProto
Sat 05 Mar 2022 01:27:07 AM UTC
---------------------------------------------------------------------------

---------------------------------------------------------------------------
Sat 05 Mar 2022 01:27:07 AM UTC
STARTING: AtmOcnSimpleImplicitProto
rm -f PET*.ESMF_LogFile *.nc *.stdout
rm -f esmApp *.o *.mod
ftn -c -fallow-argument-mismatch -fallow-invalid-boz    atm.F90
atm.F90:26:7:

   26 |   use ESMF
      |       1
Fatal Error: Cannot open module file 'esmf.mod' for reading at (1): No such file or directory
compilation terminated.
make: *** [Makefile:36: atm.o] Error 1
+ -np 4 ./esmApp
+ local result=127
+ set +x
FINISHED: AtmOcnSimpleImplicitProto
Sat 05 Mar 2022 01:27:07 AM UTC
---------------------------------------------------------------------------

---------------------------------------------------------------------------
Sat 05 Mar 2022 01:27:07 AM UTC
STARTING: AtmOcnTransferGridProto
rm -f PET*.ESMF_LogFile *.nc *.vtk *.stdout fort.*
rm -f esmApp *.o *.mod
ftn -c -fallow-argument-mismatch -fallow-invalid-boz    atm.F90
atm.F90:21:7:

   21 |   use ESMF
      |       1
Fatal Error: Cannot open module file 'esmf.mod' for reading at (1): No such file or directory
compilation terminated.
make: *** [Makefile:36: atm.o] Error 1
+ -np 4 ./esmApp
+ local result=127
+ set +x
FINISHED: AtmOcnTransferGridProto
Sat 05 Mar 2022 01:27:07 AM UTC
---------------------------------------------------------------------------

---------------------------------------------------------------------------
Sat 05 Mar 2022 01:27:07 AM UTC
STARTING: AtmOcnTransferLocStreamProto
rm -f PET*.ESMF_LogFile *.nc *.stdout
rm -f esmApp *.o *.mod
ftn -c -fallow-argument-mismatch -fallow-invalid-boz    atm.F90
atm.F90:17:7:

   17 |   use ESMF
      |       1
Fatal Error: Cannot open module file 'esmf.mod' for reading at (1): No such file or directory
compilation terminated.
make: *** [Makefile:36: atm.o] Error 1
+ -np 4 ./esmApp
+ local result=127
+ set +x
FINISHED: AtmOcnTransferLocStreamProto
Sat 05 Mar 2022 01:27:08 AM UTC
---------------------------------------------------------------------------

---------------------------------------------------------------------------
Sat 05 Mar 2022 01:27:08 AM UTC
STARTING: AtmOcnTransferMeshProto
rm -f PET*.ESMF_LogFile field*.nc *.vtk *.stdout fort.*
rm -f esmApp *.o *.mod
ftn -c -fallow-argument-mismatch -fallow-invalid-boz    atm.F90
atm.F90:17:7:

   17 |   use ESMF
      |       1
Fatal Error: Cannot open module file 'esmf.mod' for reading at (1): No such file or directory
compilation terminated.
make: *** [Makefile:36: atm.o] Error 1
+ -np 4 ./esmApp
+ local result=127
+ set +x
FINISHED: AtmOcnTransferMeshProto
Sat 05 Mar 2022 01:27:08 AM UTC
---------------------------------------------------------------------------

---------------------------------------------------------------------------
Sat 05 Mar 2022 01:27:08 AM UTC
STARTING: ComponentExplorer
rm -f PET*.ESMF_LogFile
rm -f nuopcExplorerApp *.o *.mod
+ ./nuopcExplorerScript ../AtmOcnSelectExternalProto/ATM-A/atmA.mk

NUOPC Component Explorer Script
-------------------------------
The argument does not appear to be a regular file!
Exiting with error.

+ -np 4 ./nuopcExplorerApp
+ local result=127
+ set +x
FINISHED: ComponentExplorer
Sat 05 Mar 2022 01:27:08 AM UTC
---------------------------------------------------------------------------

---------------------------------------------------------------------------
Sat 05 Mar 2022 01:27:08 AM UTC
STARTING: CustomFieldDictionaryProto
rm -f PET*.ESMF_LogFile *.nc *.stdout
rm -f mainApp *.o *.mod
ftn -c -fallow-argument-mismatch -fallow-invalid-boz    -DESMF_VERSION_MAJOR= model.F90
model.F90:17:7:

   17 |   use ESMF
      |       1
Fatal Error: Cannot open module file 'esmf.mod' for reading at (1): No such file or directory
compilation terminated.
make: *** [Makefile:36: model.o] Error 1
+ -np 4 ./mainApp
+ local result=127
+ set +x
FINISHED: CustomFieldDictionaryProto
Sat 05 Mar 2022 01:27:08 AM UTC
---------------------------------------------------------------------------

---------------------------------------------------------------------------
Sat 05 Mar 2022 01:27:08 AM UTC
STARTING: DriverInDriverDataDepProto
rm -f PET*.ESMF_LogFile *.nc *.stdout
rm -f mainApp *.o *.mod
ftn -c -fallow-argument-mismatch -fallow-invalid-boz    -DESMF_VERSION_MAJOR= atm.F90
atm.F90:17:7:

   17 |   use ESMF
      |       1
Fatal Error: Cannot open module file 'esmf.mod' for reading at (1): No such file or directory
compilation terminated.
make: *** [Makefile:36: atm.o] Error 1
+ -np 4 ./mainApp
+ local result=127
+ set +x
FINISHED: DriverInDriverDataDepProto
Sat 05 Mar 2022 01:27:08 AM UTC
---------------------------------------------------------------------------

---------------------------------------------------------------------------
Sat 05 Mar 2022 01:27:08 AM UTC
STARTING: DriverInDriverProto
rm -f PET*.ESMF_LogFile *.nc *.stdout
rm -f mainApp *.o *.mod
ftn -c -fallow-argument-mismatch -fallow-invalid-boz    -DESMF_VERSION_MAJOR= atm.F90
atm.F90:17:7:

   17 |   use ESMF
      |       1
Fatal Error: Cannot open module file 'esmf.mod' for reading at (1): No such file or directory
compilation terminated.
make: *** [Makefile:36: atm.o] Error 1
+ -np 4 ./mainApp
+ local result=127
+ set +x
FINISHED: DriverInDriverProto
Sat 05 Mar 2022 01:27:08 AM UTC
---------------------------------------------------------------------------

---------------------------------------------------------------------------
Sat 05 Mar 2022 01:27:08 AM UTC
STARTING: DynPhyProto
rm -f PET*.ESMF_LogFile *.nc *.stdout
rm -f esmApp *.o *.mod
ftn -c -fallow-argument-mismatch -fallow-invalid-boz    dyn.F90
dyn.F90:17:7:

   17 |   use ESMF
      |       1
Fatal Error: Cannot open module file 'esmf.mod' for reading at (1): No such file or directory
compilation terminated.
make: *** [Makefile:36: dyn.o] Error 1
+ -np 4 ./esmApp
+ local result=127
+ set +x
FINISHED: DynPhyProto
Sat 05 Mar 2022 01:27:08 AM UTC
---------------------------------------------------------------------------

---------------------------------------------------------------------------
Sat 05 Mar 2022 01:27:08 AM UTC
STARTING: ExternalDriverAPIProto
rm -f PET*.ESMF_LogFile *.nc *.stdout
rm -f externalApp *.o *.mod
ftn -c -fallow-argument-mismatch -fallow-invalid-boz    atm.F90
atm.F90:17:7:

   17 |   use ESMF
      |       1
Fatal Error: Cannot open module file 'esmf.mod' for reading at (1): No such file or directory
compilation terminated.
make: *** [Makefile:36: atm.o] Error 1
+ -np 4 ./externalApp
+ local result=127
+ set +x
FINISHED: ExternalDriverAPIProto
Sat 05 Mar 2022 01:27:08 AM UTC
---------------------------------------------------------------------------

---------------------------------------------------------------------------
Sat 05 Mar 2022 01:27:08 AM UTC
STARTING: ExternalDriverAPIWeakCplDAProto
rm -f PET*.ESMF_LogFile *.nc *.stdout
rm -f externalApp *.o *.mod
ftn -c -fallow-argument-mismatch -fallow-invalid-boz    atm.F90
atm.F90:17:7:

   17 |   use ESMF
      |       1
Fatal Error: Cannot open module file 'esmf.mod' for reading at (1): No such file or directory
compilation terminated.
make: *** [Makefile:36: atm.o] Error 1
+ -np 4 ./externalApp
+ local result=127
+ set +x
FINISHED: ExternalDriverAPIWeakCplDAProto
Sat 05 Mar 2022 01:27:08 AM UTC
---------------------------------------------------------------------------

---------------------------------------------------------------------------
Sat 05 Mar 2022 01:27:08 AM UTC
STARTING: GenericMediatorProto
rm -f PET*.ESMF_LogFile *.nc *.stdout
rm -f app *.o *.mod
ftn -c -fallow-argument-mismatch -fallow-invalid-boz    mediator.F90
mediator.F90:17:7:

   17 |   use ESMF
      |       1
Fatal Error: Cannot open module file 'esmf.mod' for reading at (1): No such file or directory
compilation terminated.
make: *** [Makefile:36: mediator.o] Error 1
+ -np 4 ./app
+ local result=127
+ set +x
FINISHED: GenericMediatorProto
Sat 05 Mar 2022 01:27:08 AM UTC
---------------------------------------------------------------------------

---------------------------------------------------------------------------
Sat 05 Mar 2022 01:27:08 AM UTC
STARTING: HierarchyProto
rm -f PET*.ESMF_LogFile *.nc *.stdout
rm -f esmApp *.o *.mod
ftn -c -fallow-argument-mismatch -fallow-invalid-boz    dyn.F90
dyn.F90:17:7:

   17 |   use ESMF
      |       1
Fatal Error: Cannot open module file 'esmf.mod' for reading at (1): No such file or directory
compilation terminated.
make: *** [Makefile:36: dyn.o] Error 1
+ -np 4 ./esmApp
+ local result=127
+ set +x
FINISHED: HierarchyProto
Sat 05 Mar 2022 01:27:08 AM UTC
---------------------------------------------------------------------------

---------------------------------------------------------------------------
Sat 05 Mar 2022 01:27:08 AM UTC
STARTING: NamespaceProto
rm -f PET*.ESMF_LogFile *.nc *.stdout
rm -f mainApp *.o *.mod
ftn -c -fallow-argument-mismatch -fallow-invalid-boz    -DESMF_VERSION_MAJOR= atm.F90
atm.F90:17:7:

   17 |   use ESMF
      |       1
Fatal Error: Cannot open module file 'esmf.mod' for reading at (1): No such file or directory
compilation terminated.
make: *** [Makefile:36: atm.o] Error 1
+ -np 4 ./mainApp
+ local result=127
+ set +x
FINISHED: NamespaceProto
Sat 05 Mar 2022 01:27:08 AM UTC
---------------------------------------------------------------------------

---------------------------------------------------------------------------
Sat 05 Mar 2022 01:27:08 AM UTC
STARTING: NestingMultipleProto
rm -f PET*.ESMF_LogFile *.nc *.stdout
rm -f mainApp *.o *.mod
ftn -c -fallow-argument-mismatch -fallow-invalid-boz    -DESMF_VERSION_MAJOR= advectDiffComp.F90
advectDiffComp.F90:13:7:

   13 |   use ESMF
      |       1
Fatal Error: Cannot open module file 'esmf.mod' for reading at (1): No such file or directory
compilation terminated.
make: *** [Makefile:36: advectDiffComp.o] Error 1
+ -np 4 ./mainApp
+ local result=127
+ set +x
FINISHED: NestingMultipleProto
Sat 05 Mar 2022 01:27:08 AM UTC
---------------------------------------------------------------------------

---------------------------------------------------------------------------
Sat 05 Mar 2022 01:27:08 AM UTC
STARTING: NestingSingleProto
rm -f PET*.ESMF_LogFile *.nc *.stdout
rm -f mainApp *.o *.mod
ftn -c -fallow-argument-mismatch -fallow-invalid-boz    -DESMF_VERSION_MAJOR= advectDiffComp.F90
advectDiffComp.F90:13:7:

   13 |   use ESMF
      |       1
Fatal Error: Cannot open module file 'esmf.mod' for reading at (1): No such file or directory
compilation terminated.
make: *** [Makefile:36: advectDiffComp.o] Error 1
+ -np 4 ./mainApp
+ local result=127
+ set +x
FINISHED: NestingSingleProto
Sat 05 Mar 2022 01:27:08 AM UTC
---------------------------------------------------------------------------

---------------------------------------------------------------------------
Sat 05 Mar 2022 01:27:08 AM UTC
STARTING: NestingTelescopeMultipleProto
rm -f PET*.ESMF_LogFile *.nc *.stdout
rm -f mainApp *.o *.mod
ftn -c -fallow-argument-mismatch -fallow-invalid-boz    -DESMF_VERSION_MAJOR= advectDiffComp.F90
advectDiffComp.F90:13:7:

   13 |   use ESMF
      |       1
Fatal Error: Cannot open module file 'esmf.mod' for reading at (1): No such file or directory
compilation terminated.
make: *** [Makefile:36: advectDiffComp.o] Error 1
+ -np 4 ./mainApp
+ local result=127
+ set +x
FINISHED: NestingTelescopeMultipleProto
Sat 05 Mar 2022 01:27:08 AM UTC
---------------------------------------------------------------------------

---------------------------------------------------------------------------
Sat 05 Mar 2022 01:27:08 AM UTC
STARTING: SingleModelProto
rm -f PET*.ESMF_LogFile *.nc *.stdout
rm -f mainApp *.o *.mod
ftn -c -fallow-argument-mismatch -fallow-invalid-boz    -DESMF_VERSION_MAJOR= model.F90
model.F90:17:7:

   17 |   use ESMF
      |       1
Fatal Error: Cannot open module file 'esmf.mod' for reading at (1): No such file or directory
compilation terminated.
make: *** [Makefile:36: model.o] Error 1
+ -np 4 ./mainApp
+ local result=127
+ set +x
FINISHED: SingleModelProto
Sat 05 Mar 2022 01:27:08 AM UTC
---------------------------------------------------------------------------

---------------------------------------------------------------------------
Sat 05 Mar 2022 01:27:08 AM UTC
STARTING: SingleModelOpenMPProto
rm -f PET*.ESMF_LogFile *.nc *.stdout
rm -f mainApp *.o *.mod
ftn -c -fallow-argument-mismatch -fallow-invalid-boz    -DESMF_VERSION_MAJOR= model.F90
model.F90:17:7:

   17 |   use ESMF
      |       1
Fatal Error: Cannot open module file 'esmf.mod' for reading at (1): No such file or directory
compilation terminated.
make: *** [Makefile:36: model.o] Error 1
+ -np 4 ./mainApp
+ local result=127
+ set +x
FINISHED: SingleModelOpenMPProto
Sat 05 Mar 2022 01:27:08 AM UTC
---------------------------------------------------------------------------

---------------------------------------------------------------------------
Sat 05 Mar 2022 01:27:08 AM UTC
STARTING: SingleModelOpenMPUnawareProto
rm -f PET*.ESMF_LogFile *.nc *.stdout
rm -f mainApp *.o *.mod
ftn -c -fallow-argument-mismatch -fallow-invalid-boz    -DESMF_VERSION_MAJOR= model.F90
model.F90:17:7:

   17 |   use ESMF
      |       1
Fatal Error: Cannot open module file 'esmf.mod' for reading at (1): No such file or directory
compilation terminated.
make: *** [Makefile:36: model.o] Error 1
+ -np 4 ./mainApp
+ local result=127
+ set +x
FINISHED: SingleModelOpenMPUnawareProto
Sat 05 Mar 2022 01:27:08 AM UTC
---------------------------------------------------------------------------

Sat 05 Mar 2022 01:27:08 AM UTC
== TEST SUMMARY START ==
FAIL: AsyncIOBlockingProto
FAIL: AsyncIONonblockingProto
FAIL: AtmOcnConOptsProto
FAIL: AtmOcnConProto
FAIL: AtmOcnCplListProto
FAIL: AtmOcnCplSetProto
FAIL: AtmOcnFDSynoProto
FAIL: AtmOcnIceSimpleImplicitProto
FAIL: AtmOcnImplicitProto
FAIL: AtmOcnLndProto
FAIL: AtmOcnLogNoneProto
FAIL: AtmOcnMedIngestFromConfigProto
FAIL: AtmOcnMedIngestFromInternalProto
FAIL: AtmOcnMedPetListProto
FAIL: AtmOcnMedPetListTimescalesProto
FAIL: AtmOcnMedPetListTimescalesSplitFastProto
FAIL: AtmOcnMedProto
FAIL: AtmOcnMirrorFieldsProto
FAIL: AtmOcnPetListProto
FAIL: AtmOcnProto
FAIL: AtmOcnRtmTwoTimescalesProto
FAIL: AtmOcnScalarProto
FAIL: AtmOcnSelectExternalProto
FAIL: AtmOcnSelectExternalProto
FAIL: AtmOcnSelectExternalProto
FAIL: AtmOcnSelectExternalProto
FAIL: AtmOcnSelectExternalProto
FAIL: AtmOcnSelectProto
FAIL: AtmOcnSelectProto
FAIL: AtmOcnSelectProto
FAIL: AtmOcnSimpleImplicitProto
FAIL: AtmOcnTransferGridProto
FAIL: AtmOcnTransferLocStreamProto
FAIL: AtmOcnTransferMeshProto
FAIL: ComponentExplorer
FAIL: CustomFieldDictionaryProto
FAIL: DriverInDriverDataDepProto
FAIL: DriverInDriverProto
FAIL: DynPhyProto
FAIL: ExternalDriverAPIProto
FAIL: ExternalDriverAPIWeakCplDAProto
FAIL: GenericMediatorProto
FAIL: HierarchyProto
FAIL: NamespaceProto
FAIL: NestingMultipleProto
FAIL: NestingSingleProto
FAIL: NestingTelescopeMultipleProto
FAIL: SingleModelProto
FAIL: SingleModelOpenMPProto
FAIL: SingleModelOpenMPUnawareProto
== TEST SUMMARY STOP ==
Sat 05 Mar 2022 01:27:08 AM UTC

---------------------------------------------------------------------------
grep: */PET*.ESMF_LogFile: No such file or directory
