Sat Mar 26 06:04:08 MDT 2022
---------------------------------------------------------------------------
Sat Mar 26 06:03:18 MDT 2022
STARTING: AsyncIOBlockingProto
rm -f PET*.ESMF_LogFile *.nc *.stdout
rm -f asyncIOApp *.o *.mod
c     model.F90
make: c: Command not found
Makefile:36: recipe for target 'model.o' failed
make: [model.o] Error 127 (ignored)
c     io.F90
make: c: Command not found
Makefile:36: recipe for target 'io.o' failed
make: [io.o] Error 127 (ignored)
c     asyncIODriver.F90
make: c: Command not found
Makefile:36: recipe for target 'asyncIODriver.o' failed
make: [asyncIODriver.o] Error 127 (ignored)
c     asyncIOApp.F90
make: c: Command not found
Makefile:36: recipe for target 'asyncIOApp.o' failed
make: [asyncIOApp.o] Error 127 (ignored)
o asyncIOApp asyncIOApp.o asyncIODriver.o model.o io.o 
make: o: Command not found
Makefile:47: recipe for target 'asyncIOApp' failed
make: [asyncIOApp] Error 127 (ignored)
+ -np 4 ./asyncIOApp
+ local result=127
+ set +x
FINISHED: AsyncIOBlockingProto
Sat Mar 26 06:03:18 MDT 2022
---------------------------------------------------------------------------

---------------------------------------------------------------------------
Sat Mar 26 06:03:18 MDT 2022
STARTING: AsyncIONonblockingProto
rm -f PET*.ESMF_LogFile *.nc *.stdout
rm -f asyncIOApp *.o *.mod
c     model.F90
make: c: Command not found
Makefile:36: recipe for target 'model.o' failed
make: [model.o] Error 127 (ignored)
c     io.F90
make: c: Command not found
Makefile:36: recipe for target 'io.o' failed
make: [io.o] Error 127 (ignored)
c     conn.F90
make: c: Command not found
Makefile:36: recipe for target 'conn.o' failed
make: [conn.o] Error 127 (ignored)
c     asyncIODriver.F90
make: c: Command not found
Makefile:36: recipe for target 'asyncIODriver.o' failed
make: [asyncIODriver.o] Error 127 (ignored)
c     asyncIOApp.F90
make: c: Command not found
Makefile:36: recipe for target 'asyncIOApp.o' failed
make: [asyncIOApp.o] Error 127 (ignored)
o asyncIOApp asyncIOApp.o asyncIODriver.o model.o io.o conn.o 
make: o: Command not found
Makefile:47: recipe for target 'asyncIOApp' failed
make: [asyncIOApp] Error 127 (ignored)
+ -np 4 ./asyncIOApp
+ local result=127
+ set +x
FINISHED: AsyncIONonblockingProto
Sat Mar 26 06:03:18 MDT 2022
---------------------------------------------------------------------------

---------------------------------------------------------------------------
Sat Mar 26 06:03:18 MDT 2022
STARTING: AtmOcnConOptsProto
rm -rf PET*.ESMF_LogFile traceout *.nc *.stdout
rm -f esmApp *.o *.mod
c     atm.F90
make: c: Command not found
Makefile:36: recipe for target 'atm.o' failed
make: [atm.o] Error 127 (ignored)
c     ocn.F90
make: c: Command not found
Makefile:36: recipe for target 'ocn.o' failed
make: [ocn.o] Error 127 (ignored)
c     esm.F90
make: c: Command not found
Makefile:36: recipe for target 'esm.o' failed
make: [esm.o] Error 127 (ignored)
c     esmApp.F90
make: c: Command not found
Makefile:36: recipe for target 'esmApp.o' failed
make: [esmApp.o] Error 127 (ignored)
o esmApp esmApp.o esm.o atm.o ocn.o 
make: o: Command not found
Makefile:47: recipe for target 'esmApp' failed
make: [esmApp] Error 127 (ignored)
+ -np 4 ./esmApp
+ local result=127
+ set +x
FINISHED: AtmOcnConOptsProto
Sat Mar 26 06:03:18 MDT 2022
---------------------------------------------------------------------------

---------------------------------------------------------------------------
Sat Mar 26 06:03:18 MDT 2022
STARTING: AtmOcnConProto
rm -f PET*.ESMF_LogFile *.nc *.stdout
rm -f esmApp *.o *.mod
c     atm.F90
make: c: Command not found
Makefile:36: recipe for target 'atm.o' failed
make: [atm.o] Error 127 (ignored)
c     ocn.F90
make: c: Command not found
Makefile:36: recipe for target 'ocn.o' failed
make: [ocn.o] Error 127 (ignored)
c     conn.F90
make: c: Command not found
Makefile:36: recipe for target 'conn.o' failed
make: [conn.o] Error 127 (ignored)
c     esm.F90
make: c: Command not found
Makefile:36: recipe for target 'esm.o' failed
make: [esm.o] Error 127 (ignored)
c     esmApp.F90
make: c: Command not found
Makefile:36: recipe for target 'esmApp.o' failed
make: [esmApp.o] Error 127 (ignored)
o esmApp esmApp.o esm.o atm.o ocn.o conn.o 
make: o: Command not found
Makefile:47: recipe for target 'esmApp' failed
make: [esmApp] Error 127 (ignored)
+ -np 4 ./esmApp
+ local result=127
+ set +x
FINISHED: AtmOcnConProto
Sat Mar 26 06:03:18 MDT 2022
---------------------------------------------------------------------------

---------------------------------------------------------------------------
Sat Mar 26 06:03:18 MDT 2022
STARTING: AtmOcnCplListProto
rm -f PET*.ESMF_LogFile *.nc *.stdout
rm -f esmApp *.o *.mod
c     atm.F90
make: c: Command not found
Makefile:36: recipe for target 'atm.o' failed
make: [atm.o] Error 127 (ignored)
c     ocn.F90
make: c: Command not found
Makefile:36: recipe for target 'ocn.o' failed
make: [ocn.o] Error 127 (ignored)
c     esm.F90
make: c: Command not found
Makefile:36: recipe for target 'esm.o' failed
make: [esm.o] Error 127 (ignored)
c     esmApp.F90
make: c: Command not found
Makefile:36: recipe for target 'esmApp.o' failed
make: [esmApp.o] Error 127 (ignored)
o esmApp esmApp.o esm.o atm.o ocn.o 
make: o: Command not found
Makefile:47: recipe for target 'esmApp' failed
make: [esmApp] Error 127 (ignored)
+ -np 4 ./esmApp
+ local result=127
+ set +x
FINISHED: AtmOcnCplListProto
Sat Mar 26 06:03:18 MDT 2022
---------------------------------------------------------------------------

---------------------------------------------------------------------------
Sat Mar 26 06:03:18 MDT 2022
STARTING: AtmOcnCplSetProto
rm -f PET*.ESMF_LogFile err out core* *.nc *.stdout
rm -f esmApp *.o *.mod
g -c     atm.F90
make: g: Command not found
Makefile:36: recipe for target 'atm.o' failed
make: [atm.o] Error 127 (ignored)
g -c     ocn.F90
make: g: Command not found
Makefile:36: recipe for target 'ocn.o' failed
make: [ocn.o] Error 127 (ignored)
g -c     esm.F90
make: g: Command not found
Makefile:36: recipe for target 'esm.o' failed
make: [esm.o] Error 127 (ignored)
g -c     esmApp.F90
make: g: Command not found
Makefile:36: recipe for target 'esmApp.o' failed
make: [esmApp.o] Error 127 (ignored)
o esmApp esmApp.o esm.o atm.o ocn.o 
make: o: Command not found
Makefile:47: recipe for target 'esmApp' failed
make: [esmApp] Error 127 (ignored)
+ -np 4 ./esmApp
+ local result=127
+ set +x
FINISHED: AtmOcnCplSetProto
Sat Mar 26 06:03:18 MDT 2022
---------------------------------------------------------------------------

---------------------------------------------------------------------------
Sat Mar 26 06:03:18 MDT 2022
STARTING: AtmOcnFDSynoProto
rm -f PET*.ESMF_LogFile *.nc *.stdout
rm -f esmApp *.o *.mod
c     atm.F90
make: c: Command not found
Makefile:36: recipe for target 'atm.o' failed
make: [atm.o] Error 127 (ignored)
c     ocn.F90
make: c: Command not found
Makefile:36: recipe for target 'ocn.o' failed
make: [ocn.o] Error 127 (ignored)
c     esm.F90
make: c: Command not found
Makefile:36: recipe for target 'esm.o' failed
make: [esm.o] Error 127 (ignored)
c     esmApp.F90
make: c: Command not found
Makefile:36: recipe for target 'esmApp.o' failed
make: [esmApp.o] Error 127 (ignored)
o esmApp esmApp.o esm.o atm.o ocn.o 
make: o: Command not found
Makefile:47: recipe for target 'esmApp' failed
make: [esmApp] Error 127 (ignored)
+ -np 4 ./esmApp
+ local result=127
+ set +x
FINISHED: AtmOcnFDSynoProto
Sat Mar 26 06:03:18 MDT 2022
---------------------------------------------------------------------------

---------------------------------------------------------------------------
Sat Mar 26 06:03:18 MDT 2022
STARTING: AtmOcnIceSimpleImplicitProto
rm -f PET*.ESMF_LogFile *.nc *.stdout
rm -f esmApp *.o *.mod
c     atm.F90
make: c: Command not found
Makefile:36: recipe for target 'atm.o' failed
make: [atm.o] Error 127 (ignored)
c     ocn.F90
make: c: Command not found
Makefile:36: recipe for target 'ocn.o' failed
make: [ocn.o] Error 127 (ignored)
c     ice.F90
make: c: Command not found
Makefile:36: recipe for target 'ice.o' failed
make: [ice.o] Error 127 (ignored)
c     esm.F90
make: c: Command not found
Makefile:36: recipe for target 'esm.o' failed
make: [esm.o] Error 127 (ignored)
c     esmApp.F90
make: c: Command not found
Makefile:36: recipe for target 'esmApp.o' failed
make: [esmApp.o] Error 127 (ignored)
o esmApp esmApp.o esm.o atm.o ocn.o ice.o 
make: o: Command not found
Makefile:47: recipe for target 'esmApp' failed
make: [esmApp] Error 127 (ignored)
+ -np 4 ./esmApp
+ local result=127
+ set +x
FINISHED: AtmOcnIceSimpleImplicitProto
Sat Mar 26 06:03:18 MDT 2022
---------------------------------------------------------------------------

---------------------------------------------------------------------------
Sat Mar 26 06:03:18 MDT 2022
STARTING: AtmOcnImplicitProto
rm -f PET*.ESMF_LogFile *.nc *.stdout
rm -f esmApp *.o *.mod
c     atm.F90
make: c: Command not found
Makefile:36: recipe for target 'atm.o' failed
make: [atm.o] Error 127 (ignored)
c     ocn.F90
make: c: Command not found
Makefile:36: recipe for target 'ocn.o' failed
make: [ocn.o] Error 127 (ignored)
c     esm.F90
make: c: Command not found
Makefile:36: recipe for target 'esm.o' failed
make: [esm.o] Error 127 (ignored)
c     esmApp.F90
make: c: Command not found
Makefile:36: recipe for target 'esmApp.o' failed
make: [esmApp.o] Error 127 (ignored)
o esmApp esmApp.o esm.o atm.o ocn.o 
make: o: Command not found
Makefile:47: recipe for target 'esmApp' failed
make: [esmApp] Error 127 (ignored)
+ -np 4 ./esmApp
+ local result=127
+ set +x
FINISHED: AtmOcnImplicitProto
Sat Mar 26 06:03:18 MDT 2022
---------------------------------------------------------------------------

---------------------------------------------------------------------------
Sat Mar 26 06:03:18 MDT 2022
STARTING: AtmOcnLndProto
rm -f PET*.ESMF_LogFile *.nc *.stdout
rm -f esmApp *.o *.mod
c     atm.F90
make: c: Command not found
Makefile:36: recipe for target 'atm.o' failed
make: [atm.o] Error 127 (ignored)
c     ocn.F90
make: c: Command not found
Makefile:36: recipe for target 'ocn.o' failed
make: [ocn.o] Error 127 (ignored)
c     lnd.F90
make: c: Command not found
Makefile:36: recipe for target 'lnd.o' failed
make: [lnd.o] Error 127 (ignored)
c     esm.F90
make: c: Command not found
Makefile:36: recipe for target 'esm.o' failed
make: [esm.o] Error 127 (ignored)
c     esmApp.F90
make: c: Command not found
Makefile:36: recipe for target 'esmApp.o' failed
make: [esmApp.o] Error 127 (ignored)
o esmApp esmApp.o esm.o atm.o ocn.o lnd.o 
make: o: Command not found
Makefile:47: recipe for target 'esmApp' failed
make: [esmApp] Error 127 (ignored)
+ -np 4 ./esmApp
+ local result=127
+ set +x
FINISHED: AtmOcnLndProto
Sat Mar 26 06:03:18 MDT 2022
---------------------------------------------------------------------------

---------------------------------------------------------------------------
Sat Mar 26 06:03:18 MDT 2022
STARTING: AtmOcnLogNoneProto
rm -rf PET*.ESMF_LogFile traceout *.nc *.stdout
rm -f esmApp *.o *.mod
c     atm.F90
make: c: Command not found
Makefile:36: recipe for target 'atm.o' failed
make: [atm.o] Error 127 (ignored)
c     ocn.F90
make: c: Command not found
Makefile:36: recipe for target 'ocn.o' failed
make: [ocn.o] Error 127 (ignored)
c     esm.F90
make: c: Command not found
Makefile:36: recipe for target 'esm.o' failed
make: [esm.o] Error 127 (ignored)
c     esmApp.F90
make: c: Command not found
Makefile:36: recipe for target 'esmApp.o' failed
make: [esmApp.o] Error 127 (ignored)
o esmApp esmApp.o esm.o atm.o ocn.o 
make: o: Command not found
Makefile:47: recipe for target 'esmApp' failed
make: [esmApp] Error 127 (ignored)
+ -np 4 ./esmApp
+ local result=127
+ set +x
FINISHED: AtmOcnLogNoneProto
Sat Mar 26 06:03:18 MDT 2022
---------------------------------------------------------------------------

---------------------------------------------------------------------------
Sat Mar 26 06:03:18 MDT 2022
STARTING: AtmOcnMedIngestFromConfigProto
rm -f PET*.ESMF_LogFile *.nc *.stdout
rm -f esmApp *.o *.mod
c     atm.F90
make: c: Command not found
Makefile:36: recipe for target 'atm.o' failed
make: [atm.o] Error 127 (ignored)
c     ocn.F90
make: c: Command not found
Makefile:36: recipe for target 'ocn.o' failed
make: [ocn.o] Error 127 (ignored)
c     med.F90
make: c: Command not found
Makefile:36: recipe for target 'med.o' failed
make: [med.o] Error 127 (ignored)
c     esm.F90
make: c: Command not found
Makefile:36: recipe for target 'esm.o' failed
make: [esm.o] Error 127 (ignored)
c     esmApp.F90
make: c: Command not found
Makefile:36: recipe for target 'esmApp.o' failed
make: [esmApp.o] Error 127 (ignored)
o esmApp esmApp.o esm.o atm.o ocn.o med.o 
make: o: Command not found
Makefile:47: recipe for target 'esmApp' failed
make: [esmApp] Error 127 (ignored)
+ -np 4 ./esmApp
+ local result=127
+ set +x
FINISHED: AtmOcnMedIngestFromConfigProto
Sat Mar 26 06:03:19 MDT 2022
---------------------------------------------------------------------------

---------------------------------------------------------------------------
Sat Mar 26 06:03:19 MDT 2022
STARTING: AtmOcnMedIngestFromInternalProto
rm -f PET*.ESMF_LogFile *.nc *.stdout
rm -f esmApp *.o *.mod
c     atm.F90
make: c: Command not found
Makefile:36: recipe for target 'atm.o' failed
make: [atm.o] Error 127 (ignored)
c     ocn.F90
make: c: Command not found
Makefile:36: recipe for target 'ocn.o' failed
make: [ocn.o] Error 127 (ignored)
c     med.F90
make: c: Command not found
Makefile:36: recipe for target 'med.o' failed
make: [med.o] Error 127 (ignored)
c     esm.F90
make: c: Command not found
Makefile:36: recipe for target 'esm.o' failed
make: [esm.o] Error 127 (ignored)
c     esmApp.F90
make: c: Command not found
Makefile:36: recipe for target 'esmApp.o' failed
make: [esmApp.o] Error 127 (ignored)
o esmApp esmApp.o esm.o atm.o ocn.o med.o 
make: o: Command not found
Makefile:47: recipe for target 'esmApp' failed
make: [esmApp] Error 127 (ignored)
+ -np 4 ./esmApp
+ local result=127
+ set +x
FINISHED: AtmOcnMedIngestFromInternalProto
Sat Mar 26 06:03:19 MDT 2022
---------------------------------------------------------------------------

---------------------------------------------------------------------------
Sat Mar 26 06:03:19 MDT 2022
STARTING: AtmOcnMedPetListProto
rm -f PET*.ESMF_LogFile *.nc *.stdout
rm -f esmApp *.o *.mod
c     atm.F90
make: c: Command not found
Makefile:36: recipe for target 'atm.o' failed
make: [atm.o] Error 127 (ignored)
c     ocn.F90
make: c: Command not found
Makefile:36: recipe for target 'ocn.o' failed
make: [ocn.o] Error 127 (ignored)
c     med.F90
make: c: Command not found
Makefile:36: recipe for target 'med.o' failed
make: [med.o] Error 127 (ignored)
c     esm.F90
make: c: Command not found
Makefile:36: recipe for target 'esm.o' failed
make: [esm.o] Error 127 (ignored)
c     esmApp.F90
make: c: Command not found
Makefile:36: recipe for target 'esmApp.o' failed
make: [esmApp.o] Error 127 (ignored)
o esmApp esmApp.o esm.o atm.o ocn.o med.o 
make: o: Command not found
Makefile:47: recipe for target 'esmApp' failed
make: [esmApp] Error 127 (ignored)
+ -np 4 ./esmApp
+ local result=127
+ set +x
FINISHED: AtmOcnMedPetListProto
Sat Mar 26 06:03:19 MDT 2022
---------------------------------------------------------------------------

---------------------------------------------------------------------------
Sat Mar 26 06:03:19 MDT 2022
STARTING: AtmOcnMedPetListTimescalesProto
rm -f PET*.ESMF_LogFile *.nc *.stdout
rm -f esmApp *.o *.mod
c     atm.F90
make: c: Command not found
Makefile:36: recipe for target 'atm.o' failed
make: [atm.o] Error 127 (ignored)
c     ocn.F90
make: c: Command not found
Makefile:36: recipe for target 'ocn.o' failed
make: [ocn.o] Error 127 (ignored)
c     med.F90
make: c: Command not found
Makefile:36: recipe for target 'med.o' failed
make: [med.o] Error 127 (ignored)
c     esm.F90
make: c: Command not found
Makefile:36: recipe for target 'esm.o' failed
make: [esm.o] Error 127 (ignored)
c     esmApp.F90
make: c: Command not found
Makefile:36: recipe for target 'esmApp.o' failed
make: [esmApp.o] Error 127 (ignored)
o esmApp esmApp.o esm.o atm.o ocn.o med.o 
make: o: Command not found
Makefile:47: recipe for target 'esmApp' failed
make: [esmApp] Error 127 (ignored)
+ -np 4 ./esmApp
+ local result=127
+ set +x
FINISHED: AtmOcnMedPetListTimescalesProto
Sat Mar 26 06:03:19 MDT 2022
---------------------------------------------------------------------------

---------------------------------------------------------------------------
Sat Mar 26 06:03:19 MDT 2022
STARTING: AtmOcnMedPetListTimescalesSplitFastProto
rm -f PET*.ESMF_LogFile *.nc *.stdout
rm -f esmApp *.o *.mod
c     atm.F90
make: c: Command not found
Makefile:36: recipe for target 'atm.o' failed
make: [atm.o] Error 127 (ignored)
c     ocn.F90
make: c: Command not found
Makefile:36: recipe for target 'ocn.o' failed
make: [ocn.o] Error 127 (ignored)
c     med.F90
make: c: Command not found
Makefile:36: recipe for target 'med.o' failed
make: [med.o] Error 127 (ignored)
c     esm.F90
make: c: Command not found
Makefile:36: recipe for target 'esm.o' failed
make: [esm.o] Error 127 (ignored)
c     esmApp.F90
make: c: Command not found
Makefile:36: recipe for target 'esmApp.o' failed
make: [esmApp.o] Error 127 (ignored)
o esmApp esmApp.o esm.o atm.o ocn.o med.o 
make: o: Command not found
Makefile:47: recipe for target 'esmApp' failed
make: [esmApp] Error 127 (ignored)
+ -np 4 ./esmApp
+ local result=127
+ set +x
FINISHED: AtmOcnMedPetListTimescalesSplitFastProto
Sat Mar 26 06:03:19 MDT 2022
---------------------------------------------------------------------------

---------------------------------------------------------------------------
Sat Mar 26 06:03:19 MDT 2022
STARTING: AtmOcnMedProto
rm -f PET*.ESMF_LogFile *.nc *.stdout
rm -f esmApp *.o *.mod
c     atm.F90
make: c: Command not found
Makefile:36: recipe for target 'atm.o' failed
make: [atm.o] Error 127 (ignored)
c     ocn.F90
make: c: Command not found
Makefile:36: recipe for target 'ocn.o' failed
make: [ocn.o] Error 127 (ignored)
c     med.F90
make: c: Command not found
Makefile:36: recipe for target 'med.o' failed
make: [med.o] Error 127 (ignored)
c     esm.F90
make: c: Command not found
Makefile:36: recipe for target 'esm.o' failed
make: [esm.o] Error 127 (ignored)
c     esmApp.F90
make: c: Command not found
Makefile:36: recipe for target 'esmApp.o' failed
make: [esmApp.o] Error 127 (ignored)
o esmApp esmApp.o esm.o atm.o ocn.o med.o 
make: o: Command not found
Makefile:47: recipe for target 'esmApp' failed
make: [esmApp] Error 127 (ignored)
+ -np 4 ./esmApp
+ local result=127
+ set +x
FINISHED: AtmOcnMedProto
Sat Mar 26 06:03:19 MDT 2022
---------------------------------------------------------------------------

---------------------------------------------------------------------------
Sat Mar 26 06:03:19 MDT 2022
STARTING: AtmOcnMirrorFieldsProto
rm -f PET*.ESMF_LogFile *.nc *.stdout
rm -f esmApp *.o *.mod
c     atm.F90
make: c: Command not found
Makefile:36: recipe for target 'atm.o' failed
make: [atm.o] Error 127 (ignored)
c     ocn.F90
make: c: Command not found
Makefile:36: recipe for target 'ocn.o' failed
make: [ocn.o] Error 127 (ignored)
c     esm.F90
make: c: Command not found
Makefile:36: recipe for target 'esm.o' failed
make: [esm.o] Error 127 (ignored)
c     esmApp.F90
make: c: Command not found
Makefile:36: recipe for target 'esmApp.o' failed
make: [esmApp.o] Error 127 (ignored)
o esmApp esmApp.o esm.o atm.o ocn.o 
make: o: Command not found
Makefile:47: recipe for target 'esmApp' failed
make: [esmApp] Error 127 (ignored)
+ -np 4 ./esmApp
+ local result=127
+ set +x
FINISHED: AtmOcnMirrorFieldsProto
Sat Mar 26 06:03:19 MDT 2022
---------------------------------------------------------------------------

---------------------------------------------------------------------------
Sat Mar 26 06:03:19 MDT 2022
STARTING: AtmOcnPetListProto
rm -f PET*.ESMF_LogFile *.nc *.stdout
rm -f esmApp *.o *.mod
c     atm.F90
make: c: Command not found
Makefile:36: recipe for target 'atm.o' failed
make: [atm.o] Error 127 (ignored)
c     ocn.F90
make: c: Command not found
Makefile:36: recipe for target 'ocn.o' failed
make: [ocn.o] Error 127 (ignored)
c     esm.F90
make: c: Command not found
Makefile:36: recipe for target 'esm.o' failed
make: [esm.o] Error 127 (ignored)
c     esmApp.F90
make: c: Command not found
Makefile:36: recipe for target 'esmApp.o' failed
make: [esmApp.o] Error 127 (ignored)
o esmApp esmApp.o esm.o atm.o ocn.o 
make: o: Command not found
Makefile:47: recipe for target 'esmApp' failed
make: [esmApp] Error 127 (ignored)
+ -np 4 ./esmApp
+ local result=127
+ set +x
FINISHED: AtmOcnPetListProto
Sat Mar 26 06:03:19 MDT 2022
---------------------------------------------------------------------------

---------------------------------------------------------------------------
Sat Mar 26 06:03:19 MDT 2022
STARTING: AtmOcnProto
rm -rf PET*.ESMF_LogFile traceout *.nc *.stdout
rm -f esmApp *.o *.mod
c     atm.F90
make: c: Command not found
Makefile:36: recipe for target 'atm.o' failed
make: [atm.o] Error 127 (ignored)
c     ocn.F90
make: c: Command not found
Makefile:36: recipe for target 'ocn.o' failed
make: [ocn.o] Error 127 (ignored)
c     esm.F90
make: c: Command not found
Makefile:36: recipe for target 'esm.o' failed
make: [esm.o] Error 127 (ignored)
c     esmApp.F90
make: c: Command not found
Makefile:36: recipe for target 'esmApp.o' failed
make: [esmApp.o] Error 127 (ignored)
o esmApp esmApp.o esm.o atm.o ocn.o 
make: o: Command not found
Makefile:47: recipe for target 'esmApp' failed
make: [esmApp] Error 127 (ignored)
+ -np 4 ./esmApp
+ local result=127
+ set +x
FINISHED: AtmOcnProto
Sat Mar 26 06:03:19 MDT 2022
---------------------------------------------------------------------------

---------------------------------------------------------------------------
Sat Mar 26 06:03:19 MDT 2022
STARTING: AtmOcnRtmTwoTimescalesProto
rm -f PET*.ESMF_LogFile *.nc *.stdout
rm -f esmApp *.o *.mod
c     atm.F90
make: c: Command not found
Makefile:36: recipe for target 'atm.o' failed
make: [atm.o] Error 127 (ignored)
c     ocn.F90
make: c: Command not found
Makefile:36: recipe for target 'ocn.o' failed
make: [ocn.o] Error 127 (ignored)
c     rtm.F90
make: c: Command not found
Makefile:36: recipe for target 'rtm.o' failed
make: [rtm.o] Error 127 (ignored)
c     esm.F90
make: c: Command not found
Makefile:36: recipe for target 'esm.o' failed
make: [esm.o] Error 127 (ignored)
c     esmApp.F90
make: c: Command not found
Makefile:36: recipe for target 'esmApp.o' failed
make: [esmApp.o] Error 127 (ignored)
o esmApp esmApp.o esm.o atm.o ocn.o rtm.o 
make: o: Command not found
Makefile:47: recipe for target 'esmApp' failed
make: [esmApp] Error 127 (ignored)
+ -np 4 ./esmApp
+ local result=127
+ set +x
FINISHED: AtmOcnRtmTwoTimescalesProto
Sat Mar 26 06:03:19 MDT 2022
---------------------------------------------------------------------------

---------------------------------------------------------------------------
Sat Mar 26 06:03:19 MDT 2022
STARTING: AtmOcnScalarProto
rm -f PET*.ESMF_LogFile *.nc *.stdout
rm -f esmApp *.o *.mod
c     atm.F90
make: c: Command not found
Makefile:36: recipe for target 'atm.o' failed
make: [atm.o] Error 127 (ignored)
c     ocn.F90
make: c: Command not found
Makefile:36: recipe for target 'ocn.o' failed
make: [ocn.o] Error 127 (ignored)
c     esm.F90
make: c: Command not found
Makefile:36: recipe for target 'esm.o' failed
make: [esm.o] Error 127 (ignored)
c     esmApp.F90
make: c: Command not found
Makefile:36: recipe for target 'esmApp.o' failed
make: [esmApp.o] Error 127 (ignored)
o esmApp esmApp.o esm.o atm.o ocn.o 
make: o: Command not found
Makefile:47: recipe for target 'esmApp' failed
make: [esmApp] Error 127 (ignored)
+ -np 4 ./esmApp
+ local result=127
+ set +x
FINISHED: AtmOcnScalarProto
Sat Mar 26 06:03:19 MDT 2022
---------------------------------------------------------------------------

---------------------------------------------------------------------------
Sat Mar 26 06:03:19 MDT 2022
STARTING: AtmOcnSelectExternalProto
rm -f PET*.ESMF_LogFile *.nc *.stdout
rm -f esmApp *.o *.mod
rm -f *.so
rm -f PET*.ESMF_LogFile
rm -f *.o *.mod *.mk
rm -f PET*.ESMF_LogFile
rm -f *.o *.mod *.mk
rm -f PET*.ESMF_LogFile
rm -f *.o *.mod *.a *.mk
rm -f PET*.ESMF_LogFile
rm -f *.o *.so *.mod *.mk
rm -f PET*.ESMF_LogFile
rm -f *.o *.so *.mod *.mk
rm -f PET*.ESMF_LogFile
rm -f *.o *.mod *.mk
Makefile:30: ../OcnCommon/ocnCommon.mk: No such file or directory
c  -DFRONT_OCNCOMMON=       ../OcnCommon/ocnCommon.F90
make: c: Command not found
Makefile:47: recipe for target '../OcnCommon/ocnCommon.o' failed
make: [../OcnCommon/ocnCommon.o] Error 127 (ignored)
rm -f PET*.ESMF_LogFile
rm -f *.o *.mod *.mk
Makefile:38: OcnSub/ocnSub.mk: No such file or directory
c  -DFRONT_OCNCOMMON=ocnA -DFRONT_OCNSUB=ocnA  -I/glade/scratch/rlong/esmf-testing/intel_18.0.5_module_g_develop/nuopc-app-prototypes/AtmOcnSelectExternalProto/OcnModelA -I/glade/scratch/rlong/esmf-testing/intel_18.0.5_module_g_develop/nuopc-app-prototypes/AtmOcnSelectExternalProto/OcnModelA     OcnSub/ocnSub.F90
make: c: Command not found
Makefile:55: recipe for target 'OcnSub/ocnSub.o' failed
make: [OcnSub/ocnSub.o] Error 127 (ignored)
rm -f PET*.ESMF_LogFile
rm -f *.o *.mod *.mk
rm -f PET*.ESMF_LogFile
rm -f *.o *.mod *.mk
Makefile:42: OcnSub/ocnSub.mk: No such file or directory
make: *** No rule to make target 'OcnSub/ocnSub.mk'.  Stop.
rm -f PET*.ESMF_LogFile
rm -f *.o *.mod *.mk
rm -f PET*.ESMF_LogFile
rm -f *.o *.mod *.mk
rm -f PET*.ESMF_LogFile
rm -f *.o *.mod *.mk
c     atmA.F90
make: c: Command not found
Makefile:36: recipe for target 'atmA.o' failed
make: [atmA.o] Error 127 (ignored)
rm -f PET*.ESMF_LogFile
rm -f *.o *.mod *.mk
c     atmB.F90
make: c: Command not found
Makefile:36: recipe for target 'atmB.o' failed
make: [atmB.o] Error 127 (ignored)
c     procedure.F90
make: c: Command not found
Makefile:36: recipe for target 'procedure.o' failed
make: [procedure.o] Error 127 (ignored)
rm -f PET*.ESMF_LogFile
rm -f *.o *.mod *.a *.mk
c     atmC.F90
make: c: Command not found
Makefile:36: recipe for target 'atmC.o' failed
make: [atmC.o] Error 127 (ignored)
c     procedure.F90
make: c: Command not found
Makefile:36: recipe for target 'procedure.o' failed
make: [procedure.o] Error 127 (ignored)
ar cr libatmC.a atmC.o procedure.o
ar: atmC.o: No such file or directory
Makefile:59: recipe for target 'libatmC.a' failed
make: *** [libatmC.a] Error 1
rm -f PET*.ESMF_LogFile
rm -f *.o *.so *.mod *.mk
c     atmD.F90
make: c: Command not found
Makefile:36: recipe for target 'atmD.o' failed
make: [atmD.o] Error 127 (ignored)
shared -o atmD.so atmD.o
make: shared: Command not found
Makefile:60: recipe for target 'atmD.so' failed
make: [atmD.so] Error 127 (ignored)
mv atmD.so libatmD.so
mv: cannot stat 'atmD.so': No such file or directory
Makefile:60: recipe for target 'atmD.so' failed
make: *** [atmD.so] Error 1
rm -f PET*.ESMF_LogFile
rm -f *.o *.so *.mod *.mk
c     atmE.F90
make: c: Command not found
Makefile:36: recipe for target 'atmE.o' failed
make: [atmE.o] Error 127 (ignored)
shared -o atmE.so atmE.o
make: shared: Command not found
Makefile:60: recipe for target 'atmE.so' failed
make: [atmE.so] Error 127 (ignored)
rm -f atmE.o
mv: cannot stat 'atmE.so': No such file or directory
rm -f PET*.ESMF_LogFile
rm -f *.o *.mod *.mk
c     atmF.C
make: c: Command not found
Makefile:42: recipe for target 'atmF.o' failed
make: [atmF.o] Error 127 (ignored)
rm -f PET*.ESMF_LogFile
rm -f *.o *.mod *.mk
c     subModule1.F90
make: c: Command not found
Makefile:36: recipe for target 'subModule1.o' failed
make: [subModule1.o] Error 127 (ignored)
c     subModule2.F90
make: c: Command not found
Makefile:36: recipe for target 'subModule2.o' failed
make: [subModule2.o] Error 127 (ignored)
c     ocnCommon.F90
make: c: Command not found
Makefile:36: recipe for target 'ocnCommon.o' failed
make: [ocnCommon.o] Error 127 (ignored)
rm -f PET*.ESMF_LogFile
rm -f *.o *.mod *.mk
c  -DFRONT_OCNCOMMON=OceanCommon  -I/glade/scratch/rlong/esmf-testing/intel_18.0.5_module_g_develop/nuopc-app-prototypes/AtmOcnSelectExternalProto/OcnCommon     /glade/scratch/rlong/esmf-testing/intel_18.0.5_module_g_develop/nuopc-app-prototypes/AtmOcnSelectExternalProto/OcnCommon/ocnCommon.F90
make: c: Command not found
Makefile:47: recipe for target '/glade/scratch/rlong/esmf-testing/intel_18.0.5_module_g_develop/nuopc-app-prototypes/AtmOcnSelectExternalProto/OcnCommon/ocnCommon.o' failed
make: [/glade/scratch/rlong/esmf-testing/intel_18.0.5_module_g_develop/nuopc-app-prototypes/AtmOcnSelectExternalProto/OcnCommon/ocnCommon.o] Error 127 (ignored)
c  -DFRONT_OCNCOMMON=OceanCommon  -I/glade/scratch/rlong/esmf-testing/intel_18.0.5_module_g_develop/nuopc-app-prototypes/AtmOcnSelectExternalProto/OcnCommon     ocn.F90
make: c: Command not found
Makefile:47: recipe for target 'ocn.o' failed
make: [ocn.o] Error 127 (ignored)
rm -f PET*.ESMF_LogFile
rm -f *.o *.mod *.mk
c     ocnSub.F90
make: c: Command not found
Makefile:36: recipe for target 'ocnSub.o' failed
make: [ocnSub.o] Error 127 (ignored)
rm -f PET*.ESMF_LogFile
rm -f *.o *.mod *.mk
c  -DFRONT_OCNCOMMON=OceanCommon -DFRONT_OCNSUB=ocnSub  -I/glade/scratch/rlong/esmf-testing/intel_18.0.5_module_g_develop/nuopc-app-prototypes/AtmOcnSelectExternalProto/OcnCommon -I/glade/scratch/rlong/esmf-testing/intel_18.0.5_module_g_develop/nuopc-app-prototypes/AtmOcnSelectExternalProto/OcnModelB/OcnSub     /glade/scratch/rlong/esmf-testing/intel_18.0.5_module_g_develop/nuopc-app-prototypes/AtmOcnSelectExternalProto/OcnCommon/ocnCommon.F90
make: c: Command not found
Makefile:55: recipe for target '/glade/scratch/rlong/esmf-testing/intel_18.0.5_module_g_develop/nuopc-app-prototypes/AtmOcnSelectExternalProto/OcnCommon/ocnCommon.o' failed
make: [/glade/scratch/rlong/esmf-testing/intel_18.0.5_module_g_develop/nuopc-app-prototypes/AtmOcnSelectExternalProto/OcnCommon/ocnCommon.o] Error 127 (ignored)
c  -DFRONT_OCNCOMMON=OceanCommon -DFRONT_OCNSUB=ocnSub  -I/glade/scratch/rlong/esmf-testing/intel_18.0.5_module_g_develop/nuopc-app-prototypes/AtmOcnSelectExternalProto/OcnCommon -I/glade/scratch/rlong/esmf-testing/intel_18.0.5_module_g_develop/nuopc-app-prototypes/AtmOcnSelectExternalProto/OcnModelB/OcnSub     /glade/scratch/rlong/esmf-testing/intel_18.0.5_module_g_develop/nuopc-app-prototypes/AtmOcnSelectExternalProto/OcnModelB/OcnSub/ocnSub.F90
make: c: Command not found
Makefile:55: recipe for target '/glade/scratch/rlong/esmf-testing/intel_18.0.5_module_g_develop/nuopc-app-prototypes/AtmOcnSelectExternalProto/OcnModelB/OcnSub/ocnSub.o' failed
make: [/glade/scratch/rlong/esmf-testing/intel_18.0.5_module_g_develop/nuopc-app-prototypes/AtmOcnSelectExternalProto/OcnModelB/OcnSub/ocnSub.o] Error 127 (ignored)
c  -DFRONT_OCNCOMMON=OceanCommon -DFRONT_OCNSUB=ocnSub  -I/glade/scratch/rlong/esmf-testing/intel_18.0.5_module_g_develop/nuopc-app-prototypes/AtmOcnSelectExternalProto/OcnCommon -I/glade/scratch/rlong/esmf-testing/intel_18.0.5_module_g_develop/nuopc-app-prototypes/AtmOcnSelectExternalProto/OcnModelB/OcnSub     ocn.F90
make: c: Command not found
Makefile:55: recipe for target 'ocn.o' failed
make: [ocn.o] Error 127 (ignored)
rm -f PET*.ESMF_LogFile
rm -f *.o *.mod *.mk
c     ocnSub.F90
make: c: Command not found
Makefile:36: recipe for target 'ocnSub.o' failed
make: [ocnSub.o] Error 127 (ignored)
rm -f PET*.ESMF_LogFile
rm -f *.o *.so *.mod *.mk
c  -DFRONT_OCNCOMMON=OceanCommon -DFRONT_OCNSUB=ocnSub  -I/glade/scratch/rlong/esmf-testing/intel_18.0.5_module_g_develop/nuopc-app-prototypes/AtmOcnSelectExternalProto/OcnCommon -I/glade/scratch/rlong/esmf-testing/intel_18.0.5_module_g_develop/nuopc-app-prototypes/AtmOcnSelectExternalProto/OcnModelC/OcnSub     ocn.F90
make: c: Command not found
Makefile:59: recipe for target 'ocn.o' failed
make: [ocn.o] Error 127 (ignored)
c  -DFRONT_OCNCOMMON=OceanCommon -DFRONT_OCNSUB=ocnSub  -I/glade/scratch/rlong/esmf-testing/intel_18.0.5_module_g_develop/nuopc-app-prototypes/AtmOcnSelectExternalProto/OcnCommon -I/glade/scratch/rlong/esmf-testing/intel_18.0.5_module_g_develop/nuopc-app-prototypes/AtmOcnSelectExternalProto/OcnModelC/OcnSub     /glade/scratch/rlong/esmf-testing/intel_18.0.5_module_g_develop/nuopc-app-prototypes/AtmOcnSelectExternalProto/OcnCommon/ocnCommon.F90
make: c: Command not found
Makefile:59: recipe for target '/glade/scratch/rlong/esmf-testing/intel_18.0.5_module_g_develop/nuopc-app-prototypes/AtmOcnSelectExternalProto/OcnCommon/ocnCommon.o' failed
make: [/glade/scratch/rlong/esmf-testing/intel_18.0.5_module_g_develop/nuopc-app-prototypes/AtmOcnSelectExternalProto/OcnCommon/ocnCommon.o] Error 127 (ignored)
c  -DFRONT_OCNCOMMON=OceanCommon -DFRONT_OCNSUB=ocnSub  -I/glade/scratch/rlong/esmf-testing/intel_18.0.5_module_g_develop/nuopc-app-prototypes/AtmOcnSelectExternalProto/OcnCommon -I/glade/scratch/rlong/esmf-testing/intel_18.0.5_module_g_develop/nuopc-app-prototypes/AtmOcnSelectExternalProto/OcnModelC/OcnSub     /glade/scratch/rlong/esmf-testing/intel_18.0.5_module_g_develop/nuopc-app-prototypes/AtmOcnSelectExternalProto/OcnModelC/OcnSub/ocnSub.F90
make: c: Command not found
Makefile:59: recipe for target '/glade/scratch/rlong/esmf-testing/intel_18.0.5_module_g_develop/nuopc-app-prototypes/AtmOcnSelectExternalProto/OcnModelC/OcnSub/ocnSub.o' failed
make: [/glade/scratch/rlong/esmf-testing/intel_18.0.5_module_g_develop/nuopc-app-prototypes/AtmOcnSelectExternalProto/OcnModelC/OcnSub/ocnSub.o] Error 127 (ignored)
shared -o ocn.so ocn.o  /glade/scratch/rlong/esmf-testing/intel_18.0.5_module_g_develop/nuopc-app-prototypes/AtmOcnSelectExternalProto/OcnCommon/ocnCommon.o /glade/scratch/rlong/esmf-testing/intel_18.0.5_module_g_develop/nuopc-app-prototypes/AtmOcnSelectExternalProto/OcnCommon/subModule1.o /glade/scratch/rlong/esmf-testing/intel_18.0.5_module_g_develop/nuopc-app-prototypes/AtmOcnSelectExternalProto/OcnCommon/subModule2.o /glade/scratch/rlong/esmf-testing/intel_18.0.5_module_g_develop/nuopc-app-prototypes/AtmOcnSelectExternalProto/OcnModelC/OcnSub/ocnSub.o        
make: shared: Command not found
Makefile:83: recipe for target 'ocn.so' failed
make: [ocn.so] Error 127 (ignored)
rm -f ocn.o
mv: cannot stat 'ocn.so': No such file or directory
c  -DFRONT_ATMA=atmA -DFRONT_OCNA=ocnA -DFRONT_OCNB=ocnB -DFRONT_SO_OCNC=\"ocn.so\"  -I/glade/scratch/rlong/esmf-testing/intel_18.0.5_module_g_develop/nuopc-app-prototypes/AtmOcnSelectExternalProto/ATM-A -I/glade/scratch/rlong/esmf-testing/intel_18.0.5_module_g_develop/nuopc-app-prototypes/AtmOcnSelectExternalProto/OcnModelA -I/glade/scratch/rlong/esmf-testing/intel_18.0.5_module_g_develop/nuopc-app-prototypes/AtmOcnSelectExternalProto/OcnModelB      /glade/scratch/rlong/esmf-testing/intel_18.0.5_module_g_develop/nuopc-app-prototypes/AtmOcnSelectExternalProto/ATM-A/atmA.F90
make: c: Command not found
Makefile:135: recipe for target '/glade/scratch/rlong/esmf-testing/intel_18.0.5_module_g_develop/nuopc-app-prototypes/AtmOcnSelectExternalProto/ATM-A/atmA.o' failed
make: [/glade/scratch/rlong/esmf-testing/intel_18.0.5_module_g_develop/nuopc-app-prototypes/AtmOcnSelectExternalProto/ATM-A/atmA.o] Error 127 (ignored)
c  -DFRONT_ATMA=atmA -DFRONT_OCNA=ocnA -DFRONT_OCNB=ocnB -DFRONT_SO_OCNC=\"ocn.so\"  -I/glade/scratch/rlong/esmf-testing/intel_18.0.5_module_g_develop/nuopc-app-prototypes/AtmOcnSelectExternalProto/ATM-A -I/glade/scratch/rlong/esmf-testing/intel_18.0.5_module_g_develop/nuopc-app-prototypes/AtmOcnSelectExternalProto/OcnModelA -I/glade/scratch/rlong/esmf-testing/intel_18.0.5_module_g_develop/nuopc-app-prototypes/AtmOcnSelectExternalProto/OcnModelB      /glade/scratch/rlong/esmf-testing/intel_18.0.5_module_g_develop/nuopc-app-prototypes/AtmOcnSelectExternalProto/OcnModelA/ocn.F90
make: c: Command not found
Makefile:135: recipe for target '/glade/scratch/rlong/esmf-testing/intel_18.0.5_module_g_develop/nuopc-app-prototypes/AtmOcnSelectExternalProto/OcnModelA/ocn.o' failed
make: [/glade/scratch/rlong/esmf-testing/intel_18.0.5_module_g_develop/nuopc-app-prototypes/AtmOcnSelectExternalProto/OcnModelA/ocn.o] Error 127 (ignored)
c  -DFRONT_ATMA=atmA -DFRONT_OCNA=ocnA -DFRONT_OCNB=ocnB -DFRONT_SO_OCNC=\"ocn.so\"  -I/glade/scratch/rlong/esmf-testing/intel_18.0.5_module_g_develop/nuopc-app-prototypes/AtmOcnSelectExternalProto/ATM-A -I/glade/scratch/rlong/esmf-testing/intel_18.0.5_module_g_develop/nuopc-app-prototypes/AtmOcnSelectExternalProto/OcnModelA -I/glade/scratch/rlong/esmf-testing/intel_18.0.5_module_g_develop/nuopc-app-prototypes/AtmOcnSelectExternalProto/OcnModelB      /glade/scratch/rlong/esmf-testing/intel_18.0.5_module_g_develop/nuopc-app-prototypes/AtmOcnSelectExternalProto/OcnModelB/ocn.F90
make: c: Command not found
Makefile:135: recipe for target '/glade/scratch/rlong/esmf-testing/intel_18.0.5_module_g_develop/nuopc-app-prototypes/AtmOcnSelectExternalProto/OcnModelB/ocn.o' failed
make: [/glade/scratch/rlong/esmf-testing/intel_18.0.5_module_g_develop/nuopc-app-prototypes/AtmOcnSelectExternalProto/OcnModelB/ocn.o] Error 127 (ignored)
c  -DFRONT_ATMA=atmA -DFRONT_OCNA=ocnA -DFRONT_OCNB=ocnB -DFRONT_SO_OCNC=\"ocn.so\"  -I/glade/scratch/rlong/esmf-testing/intel_18.0.5_module_g_develop/nuopc-app-prototypes/AtmOcnSelectExternalProto/ATM-A -I/glade/scratch/rlong/esmf-testing/intel_18.0.5_module_g_develop/nuopc-app-prototypes/AtmOcnSelectExternalProto/OcnModelA -I/glade/scratch/rlong/esmf-testing/intel_18.0.5_module_g_develop/nuopc-app-prototypes/AtmOcnSelectExternalProto/OcnModelB      esm.F90
make: c: Command not found
Makefile:135: recipe for target 'esm.o' failed
make: [esm.o] Error 127 (ignored)
c  -DFRONT_ATMA=atmA -DFRONT_OCNA=ocnA -DFRONT_OCNB=ocnB -DFRONT_SO_OCNC=\"ocn.so\"  -I/glade/scratch/rlong/esmf-testing/intel_18.0.5_module_g_develop/nuopc-app-prototypes/AtmOcnSelectExternalProto/ATM-A -I/glade/scratch/rlong/esmf-testing/intel_18.0.5_module_g_develop/nuopc-app-prototypes/AtmOcnSelectExternalProto/OcnModelA -I/glade/scratch/rlong/esmf-testing/intel_18.0.5_module_g_develop/nuopc-app-prototypes/AtmOcnSelectExternalProto/OcnModelB      esmApp.F90
make: c: Command not found
Makefile:135: recipe for target 'esmApp.o' failed
make: [esmApp.o] Error 127 (ignored)
c  -DFRONT_ATMA=atmA -DFRONT_OCNA=ocnA -DFRONT_OCNB=ocnB -DFRONT_SO_OCNC=\"ocn.so\"  -I/glade/scratch/rlong/esmf-testing/intel_18.0.5_module_g_develop/nuopc-app-prototypes/AtmOcnSelectExternalProto/ATM-A -I/glade/scratch/rlong/esmf-testing/intel_18.0.5_module_g_develop/nuopc-app-prototypes/AtmOcnSelectExternalProto/OcnModelA -I/glade/scratch/rlong/esmf-testing/intel_18.0.5_module_g_develop/nuopc-app-prototypes/AtmOcnSelectExternalProto/OcnModelB      /glade/scratch/rlong/esmf-testing/intel_18.0.5_module_g_develop/nuopc-app-prototypes/AtmOcnSelectExternalProto/OcnCommon/ocnCommon.F90
make: c: Command not found
Makefile:135: recipe for target '/glade/scratch/rlong/esmf-testing/intel_18.0.5_module_g_develop/nuopc-app-prototypes/AtmOcnSelectExternalProto/OcnCommon/ocnCommon.o' failed
make: [/glade/scratch/rlong/esmf-testing/intel_18.0.5_module_g_develop/nuopc-app-prototypes/AtmOcnSelectExternalProto/OcnCommon/ocnCommon.o] Error 127 (ignored)
c  -DFRONT_ATMA=atmA -DFRONT_OCNA=ocnA -DFRONT_OCNB=ocnB -DFRONT_SO_OCNC=\"ocn.so\"  -I/glade/scratch/rlong/esmf-testing/intel_18.0.5_module_g_develop/nuopc-app-prototypes/AtmOcnSelectExternalProto/ATM-A -I/glade/scratch/rlong/esmf-testing/intel_18.0.5_module_g_develop/nuopc-app-prototypes/AtmOcnSelectExternalProto/OcnModelA -I/glade/scratch/rlong/esmf-testing/intel_18.0.5_module_g_develop/nuopc-app-prototypes/AtmOcnSelectExternalProto/OcnModelB      /glade/scratch/rlong/esmf-testing/intel_18.0.5_module_g_develop/nuopc-app-prototypes/AtmOcnSelectExternalProto/OcnCommon/subModule1.F90
make: c: Command not found
Makefile:135: recipe for target '/glade/scratch/rlong/esmf-testing/intel_18.0.5_module_g_develop/nuopc-app-prototypes/AtmOcnSelectExternalProto/OcnCommon/subModule1.o' failed
make: [/glade/scratch/rlong/esmf-testing/intel_18.0.5_module_g_develop/nuopc-app-prototypes/AtmOcnSelectExternalProto/OcnCommon/subModule1.o] Error 127 (ignored)
c  -DFRONT_ATMA=atmA -DFRONT_OCNA=ocnA -DFRONT_OCNB=ocnB -DFRONT_SO_OCNC=\"ocn.so\"  -I/glade/scratch/rlong/esmf-testing/intel_18.0.5_module_g_develop/nuopc-app-prototypes/AtmOcnSelectExternalProto/ATM-A -I/glade/scratch/rlong/esmf-testing/intel_18.0.5_module_g_develop/nuopc-app-prototypes/AtmOcnSelectExternalProto/OcnModelA -I/glade/scratch/rlong/esmf-testing/intel_18.0.5_module_g_develop/nuopc-app-prototypes/AtmOcnSelectExternalProto/OcnModelB      /glade/scratch/rlong/esmf-testing/intel_18.0.5_module_g_develop/nuopc-app-prototypes/AtmOcnSelectExternalProto/OcnCommon/subModule2.F90
make: c: Command not found
Makefile:135: recipe for target '/glade/scratch/rlong/esmf-testing/intel_18.0.5_module_g_develop/nuopc-app-prototypes/AtmOcnSelectExternalProto/OcnCommon/subModule2.o' failed
make: [/glade/scratch/rlong/esmf-testing/intel_18.0.5_module_g_develop/nuopc-app-prototypes/AtmOcnSelectExternalProto/OcnCommon/subModule2.o] Error 127 (ignored)
c  -DFRONT_ATMA=atmA -DFRONT_OCNA=ocnA -DFRONT_OCNB=ocnB -DFRONT_SO_OCNC=\"ocn.so\"  -I/glade/scratch/rlong/esmf-testing/intel_18.0.5_module_g_develop/nuopc-app-prototypes/AtmOcnSelectExternalProto/ATM-A -I/glade/scratch/rlong/esmf-testing/intel_18.0.5_module_g_develop/nuopc-app-prototypes/AtmOcnSelectExternalProto/OcnModelA -I/glade/scratch/rlong/esmf-testing/intel_18.0.5_module_g_develop/nuopc-app-prototypes/AtmOcnSelectExternalProto/OcnModelB      /glade/scratch/rlong/esmf-testing/intel_18.0.5_module_g_develop/nuopc-app-prototypes/AtmOcnSelectExternalProto/OcnModelB/OcnSub/ocnSub.F90
make: c: Command not found
Makefile:135: recipe for target '/glade/scratch/rlong/esmf-testing/intel_18.0.5_module_g_develop/nuopc-app-prototypes/AtmOcnSelectExternalProto/OcnModelB/OcnSub/ocnSub.o' failed
make: [/glade/scratch/rlong/esmf-testing/intel_18.0.5_module_g_develop/nuopc-app-prototypes/AtmOcnSelectExternalProto/OcnModelB/OcnSub/ocnSub.o] Error 127 (ignored)
o esmApp esmApp.o esm.o /glade/scratch/rlong/esmf-testing/intel_18.0.5_module_g_develop/nuopc-app-prototypes/AtmOcnSelectExternalProto/ATM-A/atmA.o /glade/scratch/rlong/esmf-testing/intel_18.0.5_module_g_develop/nuopc-app-prototypes/AtmOcnSelectExternalProto/OcnModelA/ocn.o /glade/scratch/rlong/esmf-testing/intel_18.0.5_module_g_develop/nuopc-app-prototypes/AtmOcnSelectExternalProto/OcnCommon/ocnCommon.o /glade/scratch/rlong/esmf-testing/intel_18.0.5_module_g_develop/nuopc-app-prototypes/AtmOcnSelectExternalProto/OcnCommon/subModule1.o /glade/scratch/rlong/esmf-testing/intel_18.0.5_module_g_develop/nuopc-app-prototypes/AtmOcnSelectExternalProto/OcnCommon/subModule2.o /glade/scratch/rlong/esmf-testing/intel_18.0.5_module_g_develop/nuopc-app-prototypes/AtmOcnSelectExternalProto/OcnModelB/ocn.o /glade/scratch/rlong/esmf-testing/intel_18.0.5_module_g_develop/nuopc-app-prototypes/AtmOcnSelectExternalProto/OcnModelB/OcnSub/ocnSub.o               
make: o: Command not found
Makefile:146: recipe for target 'esmApp' failed
make: [esmApp] Error 127 (ignored)
+ -np 4 ./esmApp
+ local result=127
+ set +x

rm -f esmApp *.o *.mod
c  -DFRONT_ATMB=atmB -DFRONT_OCNA=ocnA -DFRONT_OCNB=ocnB -DFRONT_SO_OCNC=\"ocn.so\"  -I/glade/scratch/rlong/esmf-testing/intel_18.0.5_module_g_develop/nuopc-app-prototypes/AtmOcnSelectExternalProto/ATM-B -I/glade/scratch/rlong/esmf-testing/intel_18.0.5_module_g_develop/nuopc-app-prototypes/AtmOcnSelectExternalProto/OcnModelA -I/glade/scratch/rlong/esmf-testing/intel_18.0.5_module_g_develop/nuopc-app-prototypes/AtmOcnSelectExternalProto/OcnModelB      /glade/scratch/rlong/esmf-testing/intel_18.0.5_module_g_develop/nuopc-app-prototypes/AtmOcnSelectExternalProto/ATM-B/atmB.F90
make: c: Command not found
Makefile:135: recipe for target '/glade/scratch/rlong/esmf-testing/intel_18.0.5_module_g_develop/nuopc-app-prototypes/AtmOcnSelectExternalProto/ATM-B/atmB.o' failed
make: [/glade/scratch/rlong/esmf-testing/intel_18.0.5_module_g_develop/nuopc-app-prototypes/AtmOcnSelectExternalProto/ATM-B/atmB.o] Error 127 (ignored)
c  -DFRONT_ATMB=atmB -DFRONT_OCNA=ocnA -DFRONT_OCNB=ocnB -DFRONT_SO_OCNC=\"ocn.so\"  -I/glade/scratch/rlong/esmf-testing/intel_18.0.5_module_g_develop/nuopc-app-prototypes/AtmOcnSelectExternalProto/ATM-B -I/glade/scratch/rlong/esmf-testing/intel_18.0.5_module_g_develop/nuopc-app-prototypes/AtmOcnSelectExternalProto/OcnModelA -I/glade/scratch/rlong/esmf-testing/intel_18.0.5_module_g_develop/nuopc-app-prototypes/AtmOcnSelectExternalProto/OcnModelB      /glade/scratch/rlong/esmf-testing/intel_18.0.5_module_g_develop/nuopc-app-prototypes/AtmOcnSelectExternalProto/OcnModelA/ocn.F90
make: c: Command not found
Makefile:135: recipe for target '/glade/scratch/rlong/esmf-testing/intel_18.0.5_module_g_develop/nuopc-app-prototypes/AtmOcnSelectExternalProto/OcnModelA/ocn.o' failed
make: [/glade/scratch/rlong/esmf-testing/intel_18.0.5_module_g_develop/nuopc-app-prototypes/AtmOcnSelectExternalProto/OcnModelA/ocn.o] Error 127 (ignored)
c  -DFRONT_ATMB=atmB -DFRONT_OCNA=ocnA -DFRONT_OCNB=ocnB -DFRONT_SO_OCNC=\"ocn.so\"  -I/glade/scratch/rlong/esmf-testing/intel_18.0.5_module_g_develop/nuopc-app-prototypes/AtmOcnSelectExternalProto/ATM-B -I/glade/scratch/rlong/esmf-testing/intel_18.0.5_module_g_develop/nuopc-app-prototypes/AtmOcnSelectExternalProto/OcnModelA -I/glade/scratch/rlong/esmf-testing/intel_18.0.5_module_g_develop/nuopc-app-prototypes/AtmOcnSelectExternalProto/OcnModelB      /glade/scratch/rlong/esmf-testing/intel_18.0.5_module_g_develop/nuopc-app-prototypes/AtmOcnSelectExternalProto/OcnModelB/ocn.F90
make: c: Command not found
Makefile:135: recipe for target '/glade/scratch/rlong/esmf-testing/intel_18.0.5_module_g_develop/nuopc-app-prototypes/AtmOcnSelectExternalProto/OcnModelB/ocn.o' failed
make: [/glade/scratch/rlong/esmf-testing/intel_18.0.5_module_g_develop/nuopc-app-prototypes/AtmOcnSelectExternalProto/OcnModelB/ocn.o] Error 127 (ignored)
c  -DFRONT_ATMB=atmB -DFRONT_OCNA=ocnA -DFRONT_OCNB=ocnB -DFRONT_SO_OCNC=\"ocn.so\"  -I/glade/scratch/rlong/esmf-testing/intel_18.0.5_module_g_develop/nuopc-app-prototypes/AtmOcnSelectExternalProto/ATM-B -I/glade/scratch/rlong/esmf-testing/intel_18.0.5_module_g_develop/nuopc-app-prototypes/AtmOcnSelectExternalProto/OcnModelA -I/glade/scratch/rlong/esmf-testing/intel_18.0.5_module_g_develop/nuopc-app-prototypes/AtmOcnSelectExternalProto/OcnModelB      esm.F90
make: c: Command not found
Makefile:135: recipe for target 'esm.o' failed
make: [esm.o] Error 127 (ignored)
c  -DFRONT_ATMB=atmB -DFRONT_OCNA=ocnA -DFRONT_OCNB=ocnB -DFRONT_SO_OCNC=\"ocn.so\"  -I/glade/scratch/rlong/esmf-testing/intel_18.0.5_module_g_develop/nuopc-app-prototypes/AtmOcnSelectExternalProto/ATM-B -I/glade/scratch/rlong/esmf-testing/intel_18.0.5_module_g_develop/nuopc-app-prototypes/AtmOcnSelectExternalProto/OcnModelA -I/glade/scratch/rlong/esmf-testing/intel_18.0.5_module_g_develop/nuopc-app-prototypes/AtmOcnSelectExternalProto/OcnModelB      esmApp.F90
make: c: Command not found
Makefile:135: recipe for target 'esmApp.o' failed
make: [esmApp.o] Error 127 (ignored)
c  -DFRONT_ATMB=atmB -DFRONT_OCNA=ocnA -DFRONT_OCNB=ocnB -DFRONT_SO_OCNC=\"ocn.so\"  -I/glade/scratch/rlong/esmf-testing/intel_18.0.5_module_g_develop/nuopc-app-prototypes/AtmOcnSelectExternalProto/ATM-B -I/glade/scratch/rlong/esmf-testing/intel_18.0.5_module_g_develop/nuopc-app-prototypes/AtmOcnSelectExternalProto/OcnModelA -I/glade/scratch/rlong/esmf-testing/intel_18.0.5_module_g_develop/nuopc-app-prototypes/AtmOcnSelectExternalProto/OcnModelB      /glade/scratch/rlong/esmf-testing/intel_18.0.5_module_g_develop/nuopc-app-prototypes/AtmOcnSelectExternalProto/ATM-B/procedure.F90
make: c: Command not found
Makefile:135: recipe for target '/glade/scratch/rlong/esmf-testing/intel_18.0.5_module_g_develop/nuopc-app-prototypes/AtmOcnSelectExternalProto/ATM-B/procedure.o' failed
make: [/glade/scratch/rlong/esmf-testing/intel_18.0.5_module_g_develop/nuopc-app-prototypes/AtmOcnSelectExternalProto/ATM-B/procedure.o] Error 127 (ignored)
c  -DFRONT_ATMB=atmB -DFRONT_OCNA=ocnA -DFRONT_OCNB=ocnB -DFRONT_SO_OCNC=\"ocn.so\"  -I/glade/scratch/rlong/esmf-testing/intel_18.0.5_module_g_develop/nuopc-app-prototypes/AtmOcnSelectExternalProto/ATM-B -I/glade/scratch/rlong/esmf-testing/intel_18.0.5_module_g_develop/nuopc-app-prototypes/AtmOcnSelectExternalProto/OcnModelA -I/glade/scratch/rlong/esmf-testing/intel_18.0.5_module_g_develop/nuopc-app-prototypes/AtmOcnSelectExternalProto/OcnModelB      /glade/scratch/rlong/esmf-testing/intel_18.0.5_module_g_develop/nuopc-app-prototypes/AtmOcnSelectExternalProto/OcnCommon/ocnCommon.F90
make: c: Command not found
Makefile:135: recipe for target '/glade/scratch/rlong/esmf-testing/intel_18.0.5_module_g_develop/nuopc-app-prototypes/AtmOcnSelectExternalProto/OcnCommon/ocnCommon.o' failed
make: [/glade/scratch/rlong/esmf-testing/intel_18.0.5_module_g_develop/nuopc-app-prototypes/AtmOcnSelectExternalProto/OcnCommon/ocnCommon.o] Error 127 (ignored)
c  -DFRONT_ATMB=atmB -DFRONT_OCNA=ocnA -DFRONT_OCNB=ocnB -DFRONT_SO_OCNC=\"ocn.so\"  -I/glade/scratch/rlong/esmf-testing/intel_18.0.5_module_g_develop/nuopc-app-prototypes/AtmOcnSelectExternalProto/ATM-B -I/glade/scratch/rlong/esmf-testing/intel_18.0.5_module_g_develop/nuopc-app-prototypes/AtmOcnSelectExternalProto/OcnModelA -I/glade/scratch/rlong/esmf-testing/intel_18.0.5_module_g_develop/nuopc-app-prototypes/AtmOcnSelectExternalProto/OcnModelB      /glade/scratch/rlong/esmf-testing/intel_18.0.5_module_g_develop/nuopc-app-prototypes/AtmOcnSelectExternalProto/OcnCommon/subModule1.F90
make: c: Command not found
Makefile:135: recipe for target '/glade/scratch/rlong/esmf-testing/intel_18.0.5_module_g_develop/nuopc-app-prototypes/AtmOcnSelectExternalProto/OcnCommon/subModule1.o' failed
make: [/glade/scratch/rlong/esmf-testing/intel_18.0.5_module_g_develop/nuopc-app-prototypes/AtmOcnSelectExternalProto/OcnCommon/subModule1.o] Error 127 (ignored)
c  -DFRONT_ATMB=atmB -DFRONT_OCNA=ocnA -DFRONT_OCNB=ocnB -DFRONT_SO_OCNC=\"ocn.so\"  -I/glade/scratch/rlong/esmf-testing/intel_18.0.5_module_g_develop/nuopc-app-prototypes/AtmOcnSelectExternalProto/ATM-B -I/glade/scratch/rlong/esmf-testing/intel_18.0.5_module_g_develop/nuopc-app-prototypes/AtmOcnSelectExternalProto/OcnModelA -I/glade/scratch/rlong/esmf-testing/intel_18.0.5_module_g_develop/nuopc-app-prototypes/AtmOcnSelectExternalProto/OcnModelB      /glade/scratch/rlong/esmf-testing/intel_18.0.5_module_g_develop/nuopc-app-prototypes/AtmOcnSelectExternalProto/OcnCommon/subModule2.F90
make: c: Command not found
Makefile:135: recipe for target '/glade/scratch/rlong/esmf-testing/intel_18.0.5_module_g_develop/nuopc-app-prototypes/AtmOcnSelectExternalProto/OcnCommon/subModule2.o' failed
make: [/glade/scratch/rlong/esmf-testing/intel_18.0.5_module_g_develop/nuopc-app-prototypes/AtmOcnSelectExternalProto/OcnCommon/subModule2.o] Error 127 (ignored)
c  -DFRONT_ATMB=atmB -DFRONT_OCNA=ocnA -DFRONT_OCNB=ocnB -DFRONT_SO_OCNC=\"ocn.so\"  -I/glade/scratch/rlong/esmf-testing/intel_18.0.5_module_g_develop/nuopc-app-prototypes/AtmOcnSelectExternalProto/ATM-B -I/glade/scratch/rlong/esmf-testing/intel_18.0.5_module_g_develop/nuopc-app-prototypes/AtmOcnSelectExternalProto/OcnModelA -I/glade/scratch/rlong/esmf-testing/intel_18.0.5_module_g_develop/nuopc-app-prototypes/AtmOcnSelectExternalProto/OcnModelB      /glade/scratch/rlong/esmf-testing/intel_18.0.5_module_g_develop/nuopc-app-prototypes/AtmOcnSelectExternalProto/OcnModelB/OcnSub/ocnSub.F90
make: c: Command not found
Makefile:135: recipe for target '/glade/scratch/rlong/esmf-testing/intel_18.0.5_module_g_develop/nuopc-app-prototypes/AtmOcnSelectExternalProto/OcnModelB/OcnSub/ocnSub.o' failed
make: [/glade/scratch/rlong/esmf-testing/intel_18.0.5_module_g_develop/nuopc-app-prototypes/AtmOcnSelectExternalProto/OcnModelB/OcnSub/ocnSub.o] Error 127 (ignored)
o esmApp esmApp.o esm.o /glade/scratch/rlong/esmf-testing/intel_18.0.5_module_g_develop/nuopc-app-prototypes/AtmOcnSelectExternalProto/ATM-B/atmB.o /glade/scratch/rlong/esmf-testing/intel_18.0.5_module_g_develop/nuopc-app-prototypes/AtmOcnSelectExternalProto/ATM-B/procedure.o /glade/scratch/rlong/esmf-testing/intel_18.0.5_module_g_develop/nuopc-app-prototypes/AtmOcnSelectExternalProto/OcnModelA/ocn.o /glade/scratch/rlong/esmf-testing/intel_18.0.5_module_g_develop/nuopc-app-prototypes/AtmOcnSelectExternalProto/OcnCommon/ocnCommon.o /glade/scratch/rlong/esmf-testing/intel_18.0.5_module_g_develop/nuopc-app-prototypes/AtmOcnSelectExternalProto/OcnCommon/subModule1.o /glade/scratch/rlong/esmf-testing/intel_18.0.5_module_g_develop/nuopc-app-prototypes/AtmOcnSelectExternalProto/OcnCommon/subModule2.o /glade/scratch/rlong/esmf-testing/intel_18.0.5_module_g_develop/nuopc-app-prototypes/AtmOcnSelectExternalProto/OcnModelB/ocn.o /glade/scratch/rlong/esmf-testing/intel_18.0.5_module_g_develop/nuopc-app-prototypes/AtmOcnSelectExternalProto/OcnModelB/OcnSub/ocnSub.o               
make: o: Command not found
Makefile:146: recipe for target 'esmApp' failed
make: [esmApp] Error 127 (ignored)
+ -np 4 ./esmApp
+ local result=127
+ set +x

rm -f esmApp *.o *.mod
Makefile:53: ATM-C/atmC.mk: No such file or directory
make: *** No rule to make target 'ATM-C/atmC.mk'.  Stop.
+ -np 4 ./esmApp
+ local result=127
+ set +x

rm -f esmApp *.o *.mod
Makefile:62: ATM-D/atmD.mk: No such file or directory
make: *** No rule to make target 'ATM-D/atmD.mk'.  Stop.
+ -np 4 ./esmApp
+ local result=127
+ set +x
FINISHED: AtmOcnSelectExternalProto

rm -f esmApp *.o *.mod
c  -DFRONT_SO_ATME=\"atmE.so\" -DFRONT_OCNA=ocnA -DFRONT_OCNB=ocnB -DFRONT_SO_OCNC=\"ocn.so\"   -I/glade/scratch/rlong/esmf-testing/intel_18.0.5_module_g_develop/nuopc-app-prototypes/AtmOcnSelectExternalProto/OcnModelA -I/glade/scratch/rlong/esmf-testing/intel_18.0.5_module_g_develop/nuopc-app-prototypes/AtmOcnSelectExternalProto/OcnModelB      /glade/scratch/rlong/esmf-testing/intel_18.0.5_module_g_develop/nuopc-app-prototypes/AtmOcnSelectExternalProto/OcnModelA/ocn.F90
make: c: Command not found
Makefile:135: recipe for target '/glade/scratch/rlong/esmf-testing/intel_18.0.5_module_g_develop/nuopc-app-prototypes/AtmOcnSelectExternalProto/OcnModelA/ocn.o' failed
make: [/glade/scratch/rlong/esmf-testing/intel_18.0.5_module_g_develop/nuopc-app-prototypes/AtmOcnSelectExternalProto/OcnModelA/ocn.o] Error 127 (ignored)
c  -DFRONT_SO_ATME=\"atmE.so\" -DFRONT_OCNA=ocnA -DFRONT_OCNB=ocnB -DFRONT_SO_OCNC=\"ocn.so\"   -I/glade/scratch/rlong/esmf-testing/intel_18.0.5_module_g_develop/nuopc-app-prototypes/AtmOcnSelectExternalProto/OcnModelA -I/glade/scratch/rlong/esmf-testing/intel_18.0.5_module_g_develop/nuopc-app-prototypes/AtmOcnSelectExternalProto/OcnModelB      /glade/scratch/rlong/esmf-testing/intel_18.0.5_module_g_develop/nuopc-app-prototypes/AtmOcnSelectExternalProto/OcnModelB/ocn.F90
make: c: Command not found
Makefile:135: recipe for target '/glade/scratch/rlong/esmf-testing/intel_18.0.5_module_g_develop/nuopc-app-prototypes/AtmOcnSelectExternalProto/OcnModelB/ocn.o' failed
make: [/glade/scratch/rlong/esmf-testing/intel_18.0.5_module_g_develop/nuopc-app-prototypes/AtmOcnSelectExternalProto/OcnModelB/ocn.o] Error 127 (ignored)
c  -DFRONT_SO_ATME=\"atmE.so\" -DFRONT_OCNA=ocnA -DFRONT_OCNB=ocnB -DFRONT_SO_OCNC=\"ocn.so\"   -I/glade/scratch/rlong/esmf-testing/intel_18.0.5_module_g_develop/nuopc-app-prototypes/AtmOcnSelectExternalProto/OcnModelA -I/glade/scratch/rlong/esmf-testing/intel_18.0.5_module_g_develop/nuopc-app-prototypes/AtmOcnSelectExternalProto/OcnModelB      esm.F90
make: c: Command not found
Makefile:135: recipe for target 'esm.o' failed
make: [esm.o] Error 127 (ignored)
c  -DFRONT_SO_ATME=\"atmE.so\" -DFRONT_OCNA=ocnA -DFRONT_OCNB=ocnB -DFRONT_SO_OCNC=\"ocn.so\"   -I/glade/scratch/rlong/esmf-testing/intel_18.0.5_module_g_develop/nuopc-app-prototypes/AtmOcnSelectExternalProto/OcnModelA -I/glade/scratch/rlong/esmf-testing/intel_18.0.5_module_g_develop/nuopc-app-prototypes/AtmOcnSelectExternalProto/OcnModelB      esmApp.F90
make: c: Command not found
Makefile:135: recipe for target 'esmApp.o' failed
make: [esmApp.o] Error 127 (ignored)
c  -DFRONT_SO_ATME=\"atmE.so\" -DFRONT_OCNA=ocnA -DFRONT_OCNB=ocnB -DFRONT_SO_OCNC=\"ocn.so\"   -I/glade/scratch/rlong/esmf-testing/intel_18.0.5_module_g_develop/nuopc-app-prototypes/AtmOcnSelectExternalProto/OcnModelA -I/glade/scratch/rlong/esmf-testing/intel_18.0.5_module_g_develop/nuopc-app-prototypes/AtmOcnSelectExternalProto/OcnModelB      /glade/scratch/rlong/esmf-testing/intel_18.0.5_module_g_develop/nuopc-app-prototypes/AtmOcnSelectExternalProto/OcnCommon/ocnCommon.F90
make: c: Command not found
Makefile:135: recipe for target '/glade/scratch/rlong/esmf-testing/intel_18.0.5_module_g_develop/nuopc-app-prototypes/AtmOcnSelectExternalProto/OcnCommon/ocnCommon.o' failed
make: [/glade/scratch/rlong/esmf-testing/intel_18.0.5_module_g_develop/nuopc-app-prototypes/AtmOcnSelectExternalProto/OcnCommon/ocnCommon.o] Error 127 (ignored)
c  -DFRONT_SO_ATME=\"atmE.so\" -DFRONT_OCNA=ocnA -DFRONT_OCNB=ocnB -DFRONT_SO_OCNC=\"ocn.so\"   -I/glade/scratch/rlong/esmf-testing/intel_18.0.5_module_g_develop/nuopc-app-prototypes/AtmOcnSelectExternalProto/OcnModelA -I/glade/scratch/rlong/esmf-testing/intel_18.0.5_module_g_develop/nuopc-app-prototypes/AtmOcnSelectExternalProto/OcnModelB      /glade/scratch/rlong/esmf-testing/intel_18.0.5_module_g_develop/nuopc-app-prototypes/AtmOcnSelectExternalProto/OcnCommon/subModule1.F90
make: c: Command not found
Makefile:135: recipe for target '/glade/scratch/rlong/esmf-testing/intel_18.0.5_module_g_develop/nuopc-app-prototypes/AtmOcnSelectExternalProto/OcnCommon/subModule1.o' failed
make: [/glade/scratch/rlong/esmf-testing/intel_18.0.5_module_g_develop/nuopc-app-prototypes/AtmOcnSelectExternalProto/OcnCommon/subModule1.o] Error 127 (ignored)
c  -DFRONT_SO_ATME=\"atmE.so\" -DFRONT_OCNA=ocnA -DFRONT_OCNB=ocnB -DFRONT_SO_OCNC=\"ocn.so\"   -I/glade/scratch/rlong/esmf-testing/intel_18.0.5_module_g_develop/nuopc-app-prototypes/AtmOcnSelectExternalProto/OcnModelA -I/glade/scratch/rlong/esmf-testing/intel_18.0.5_module_g_develop/nuopc-app-prototypes/AtmOcnSelectExternalProto/OcnModelB      /glade/scratch/rlong/esmf-testing/intel_18.0.5_module_g_develop/nuopc-app-prototypes/AtmOcnSelectExternalProto/OcnCommon/subModule2.F90
make: c: Command not found
Makefile:135: recipe for target '/glade/scratch/rlong/esmf-testing/intel_18.0.5_module_g_develop/nuopc-app-prototypes/AtmOcnSelectExternalProto/OcnCommon/subModule2.o' failed
make: [/glade/scratch/rlong/esmf-testing/intel_18.0.5_module_g_develop/nuopc-app-prototypes/AtmOcnSelectExternalProto/OcnCommon/subModule2.o] Error 127 (ignored)
c  -DFRONT_SO_ATME=\"atmE.so\" -DFRONT_OCNA=ocnA -DFRONT_OCNB=ocnB -DFRONT_SO_OCNC=\"ocn.so\"   -I/glade/scratch/rlong/esmf-testing/intel_18.0.5_module_g_develop/nuopc-app-prototypes/AtmOcnSelectExternalProto/OcnModelA -I/glade/scratch/rlong/esmf-testing/intel_18.0.5_module_g_develop/nuopc-app-prototypes/AtmOcnSelectExternalProto/OcnModelB      /glade/scratch/rlong/esmf-testing/intel_18.0.5_module_g_develop/nuopc-app-prototypes/AtmOcnSelectExternalProto/OcnModelB/OcnSub/ocnSub.F90
make: c: Command not found
Makefile:135: recipe for target '/glade/scratch/rlong/esmf-testing/intel_18.0.5_module_g_develop/nuopc-app-prototypes/AtmOcnSelectExternalProto/OcnModelB/OcnSub/ocnSub.o' failed
make: [/glade/scratch/rlong/esmf-testing/intel_18.0.5_module_g_develop/nuopc-app-prototypes/AtmOcnSelectExternalProto/OcnModelB/OcnSub/ocnSub.o] Error 127 (ignored)
o esmApp esmApp.o esm.o /glade/scratch/rlong/esmf-testing/intel_18.0.5_module_g_develop/nuopc-app-prototypes/AtmOcnSelectExternalProto/OcnModelA/ocn.o /glade/scratch/rlong/esmf-testing/intel_18.0.5_module_g_develop/nuopc-app-prototypes/AtmOcnSelectExternalProto/OcnCommon/ocnCommon.o /glade/scratch/rlong/esmf-testing/intel_18.0.5_module_g_develop/nuopc-app-prototypes/AtmOcnSelectExternalProto/OcnCommon/subModule1.o /glade/scratch/rlong/esmf-testing/intel_18.0.5_module_g_develop/nuopc-app-prototypes/AtmOcnSelectExternalProto/OcnCommon/subModule2.o /glade/scratch/rlong/esmf-testing/intel_18.0.5_module_g_develop/nuopc-app-prototypes/AtmOcnSelectExternalProto/OcnModelB/ocn.o /glade/scratch/rlong/esmf-testing/intel_18.0.5_module_g_develop/nuopc-app-prototypes/AtmOcnSelectExternalProto/OcnModelB/OcnSub/ocnSub.o               
make: o: Command not found
Makefile:146: recipe for target 'esmApp' failed
make: [esmApp] Error 127 (ignored)
+ -np 4 ./esmApp
+ local result=127
+ set +x

rm -f esmApp *.o *.mod
c  -DFRONT_H_ATMF=\"atmF.h\" -DFRONT_H_ATMF_SS=SetServices_atmF -DFRONT_OCNA=ocnA -DFRONT_OCNB=ocnB -DFRONT_SO_OCNC=\"ocn.so\"  -I/glade/scratch/rlong/esmf-testing/intel_18.0.5_module_g_develop/nuopc-app-prototypes/AtmOcnSelectExternalProto/ATM-F -I/glade/scratch/rlong/esmf-testing/intel_18.0.5_module_g_develop/nuopc-app-prototypes/AtmOcnSelectExternalProto/OcnModelA -I/glade/scratch/rlong/esmf-testing/intel_18.0.5_module_g_develop/nuopc-app-prototypes/AtmOcnSelectExternalProto/OcnModelB      /glade/scratch/rlong/esmf-testing/intel_18.0.5_module_g_develop/nuopc-app-prototypes/AtmOcnSelectExternalProto/ATM-F/atmF.C
make: c: Command not found
Makefile:141: recipe for target '/glade/scratch/rlong/esmf-testing/intel_18.0.5_module_g_develop/nuopc-app-prototypes/AtmOcnSelectExternalProto/ATM-F/atmF.o' failed
make: [/glade/scratch/rlong/esmf-testing/intel_18.0.5_module_g_develop/nuopc-app-prototypes/AtmOcnSelectExternalProto/ATM-F/atmF.o] Error 127 (ignored)
c  -DFRONT_H_ATMF=\"atmF.h\" -DFRONT_H_ATMF_SS=SetServices_atmF -DFRONT_OCNA=ocnA -DFRONT_OCNB=ocnB -DFRONT_SO_OCNC=\"ocn.so\"  -I/glade/scratch/rlong/esmf-testing/intel_18.0.5_module_g_develop/nuopc-app-prototypes/AtmOcnSelectExternalProto/ATM-F -I/glade/scratch/rlong/esmf-testing/intel_18.0.5_module_g_develop/nuopc-app-prototypes/AtmOcnSelectExternalProto/OcnModelA -I/glade/scratch/rlong/esmf-testing/intel_18.0.5_module_g_develop/nuopc-app-prototypes/AtmOcnSelectExternalProto/OcnModelB      /glade/scratch/rlong/esmf-testing/intel_18.0.5_module_g_develop/nuopc-app-prototypes/AtmOcnSelectExternalProto/OcnModelA/ocn.F90
make: c: Command not found
Makefile:135: recipe for target '/glade/scratch/rlong/esmf-testing/intel_18.0.5_module_g_develop/nuopc-app-prototypes/AtmOcnSelectExternalProto/OcnModelA/ocn.o' failed
make: [/glade/scratch/rlong/esmf-testing/intel_18.0.5_module_g_develop/nuopc-app-prototypes/AtmOcnSelectExternalProto/OcnModelA/ocn.o] Error 127 (ignored)
c  -DFRONT_H_ATMF=\"atmF.h\" -DFRONT_H_ATMF_SS=SetServices_atmF -DFRONT_OCNA=ocnA -DFRONT_OCNB=ocnB -DFRONT_SO_OCNC=\"ocn.so\"  -I/glade/scratch/rlong/esmf-testing/intel_18.0.5_module_g_develop/nuopc-app-prototypes/AtmOcnSelectExternalProto/ATM-F -I/glade/scratch/rlong/esmf-testing/intel_18.0.5_module_g_develop/nuopc-app-prototypes/AtmOcnSelectExternalProto/OcnModelA -I/glade/scratch/rlong/esmf-testing/intel_18.0.5_module_g_develop/nuopc-app-prototypes/AtmOcnSelectExternalProto/OcnModelB      /glade/scratch/rlong/esmf-testing/intel_18.0.5_module_g_develop/nuopc-app-prototypes/AtmOcnSelectExternalProto/OcnModelB/ocn.F90
make: c: Command not found
Makefile:135: recipe for target '/glade/scratch/rlong/esmf-testing/intel_18.0.5_module_g_develop/nuopc-app-prototypes/AtmOcnSelectExternalProto/OcnModelB/ocn.o' failed
make: [/glade/scratch/rlong/esmf-testing/intel_18.0.5_module_g_develop/nuopc-app-prototypes/AtmOcnSelectExternalProto/OcnModelB/ocn.o] Error 127 (ignored)
c  -DFRONT_H_ATMF=\"atmF.h\" -DFRONT_H_ATMF_SS=SetServices_atmF -DFRONT_OCNA=ocnA -DFRONT_OCNB=ocnB -DFRONT_SO_OCNC=\"ocn.so\"  -I/glade/scratch/rlong/esmf-testing/intel_18.0.5_module_g_develop/nuopc-app-prototypes/AtmOcnSelectExternalProto/ATM-F -I/glade/scratch/rlong/esmf-testing/intel_18.0.5_module_g_develop/nuopc-app-prototypes/AtmOcnSelectExternalProto/OcnModelA -I/glade/scratch/rlong/esmf-testing/intel_18.0.5_module_g_develop/nuopc-app-prototypes/AtmOcnSelectExternalProto/OcnModelB      esm.F90
make: c: Command not found
Makefile:135: recipe for target 'esm.o' failed
make: [esm.o] Error 127 (ignored)
c  -DFRONT_H_ATMF=\"atmF.h\" -DFRONT_H_ATMF_SS=SetServices_atmF -DFRONT_OCNA=ocnA -DFRONT_OCNB=ocnB -DFRONT_SO_OCNC=\"ocn.so\"  -I/glade/scratch/rlong/esmf-testing/intel_18.0.5_module_g_develop/nuopc-app-prototypes/AtmOcnSelectExternalProto/ATM-F -I/glade/scratch/rlong/esmf-testing/intel_18.0.5_module_g_develop/nuopc-app-prototypes/AtmOcnSelectExternalProto/OcnModelA -I/glade/scratch/rlong/esmf-testing/intel_18.0.5_module_g_develop/nuopc-app-prototypes/AtmOcnSelectExternalProto/OcnModelB      esmApp.F90
make: c: Command not found
Makefile:135: recipe for target 'esmApp.o' failed
make: [esmApp.o] Error 127 (ignored)
c  -DFRONT_H_ATMF=\"atmF.h\" -DFRONT_H_ATMF_SS=SetServices_atmF -DFRONT_OCNA=ocnA -DFRONT_OCNB=ocnB -DFRONT_SO_OCNC=\"ocn.so\"  -I/glade/scratch/rlong/esmf-testing/intel_18.0.5_module_g_develop/nuopc-app-prototypes/AtmOcnSelectExternalProto/ATM-F -I/glade/scratch/rlong/esmf-testing/intel_18.0.5_module_g_develop/nuopc-app-prototypes/AtmOcnSelectExternalProto/OcnModelA -I/glade/scratch/rlong/esmf-testing/intel_18.0.5_module_g_develop/nuopc-app-prototypes/AtmOcnSelectExternalProto/OcnModelB      /glade/scratch/rlong/esmf-testing/intel_18.0.5_module_g_develop/nuopc-app-prototypes/AtmOcnSelectExternalProto/OcnCommon/ocnCommon.F90
make: c: Command not found
Makefile:135: recipe for target '/glade/scratch/rlong/esmf-testing/intel_18.0.5_module_g_develop/nuopc-app-prototypes/AtmOcnSelectExternalProto/OcnCommon/ocnCommon.o' failed
make: [/glade/scratch/rlong/esmf-testing/intel_18.0.5_module_g_develop/nuopc-app-prototypes/AtmOcnSelectExternalProto/OcnCommon/ocnCommon.o] Error 127 (ignored)
c  -DFRONT_H_ATMF=\"atmF.h\" -DFRONT_H_ATMF_SS=SetServices_atmF -DFRONT_OCNA=ocnA -DFRONT_OCNB=ocnB -DFRONT_SO_OCNC=\"ocn.so\"  -I/glade/scratch/rlong/esmf-testing/intel_18.0.5_module_g_develop/nuopc-app-prototypes/AtmOcnSelectExternalProto/ATM-F -I/glade/scratch/rlong/esmf-testing/intel_18.0.5_module_g_develop/nuopc-app-prototypes/AtmOcnSelectExternalProto/OcnModelA -I/glade/scratch/rlong/esmf-testing/intel_18.0.5_module_g_develop/nuopc-app-prototypes/AtmOcnSelectExternalProto/OcnModelB      /glade/scratch/rlong/esmf-testing/intel_18.0.5_module_g_develop/nuopc-app-prototypes/AtmOcnSelectExternalProto/OcnCommon/subModule1.F90
make: c: Command not found
Makefile:135: recipe for target '/glade/scratch/rlong/esmf-testing/intel_18.0.5_module_g_develop/nuopc-app-prototypes/AtmOcnSelectExternalProto/OcnCommon/subModule1.o' failed
make: [/glade/scratch/rlong/esmf-testing/intel_18.0.5_module_g_develop/nuopc-app-prototypes/AtmOcnSelectExternalProto/OcnCommon/subModule1.o] Error 127 (ignored)
c  -DFRONT_H_ATMF=\"atmF.h\" -DFRONT_H_ATMF_SS=SetServices_atmF -DFRONT_OCNA=ocnA -DFRONT_OCNB=ocnB -DFRONT_SO_OCNC=\"ocn.so\"  -I/glade/scratch/rlong/esmf-testing/intel_18.0.5_module_g_develop/nuopc-app-prototypes/AtmOcnSelectExternalProto/ATM-F -I/glade/scratch/rlong/esmf-testing/intel_18.0.5_module_g_develop/nuopc-app-prototypes/AtmOcnSelectExternalProto/OcnModelA -I/glade/scratch/rlong/esmf-testing/intel_18.0.5_module_g_develop/nuopc-app-prototypes/AtmOcnSelectExternalProto/OcnModelB      /glade/scratch/rlong/esmf-testing/intel_18.0.5_module_g_develop/nuopc-app-prototypes/AtmOcnSelectExternalProto/OcnCommon/subModule2.F90
make: c: Command not found
Makefile:135: recipe for target '/glade/scratch/rlong/esmf-testing/intel_18.0.5_module_g_develop/nuopc-app-prototypes/AtmOcnSelectExternalProto/OcnCommon/subModule2.o' failed
make: [/glade/scratch/rlong/esmf-testing/intel_18.0.5_module_g_develop/nuopc-app-prototypes/AtmOcnSelectExternalProto/OcnCommon/subModule2.o] Error 127 (ignored)
c  -DFRONT_H_ATMF=\"atmF.h\" -DFRONT_H_ATMF_SS=SetServices_atmF -DFRONT_OCNA=ocnA -DFRONT_OCNB=ocnB -DFRONT_SO_OCNC=\"ocn.so\"  -I/glade/scratch/rlong/esmf-testing/intel_18.0.5_module_g_develop/nuopc-app-prototypes/AtmOcnSelectExternalProto/ATM-F -I/glade/scratch/rlong/esmf-testing/intel_18.0.5_module_g_develop/nuopc-app-prototypes/AtmOcnSelectExternalProto/OcnModelA -I/glade/scratch/rlong/esmf-testing/intel_18.0.5_module_g_develop/nuopc-app-prototypes/AtmOcnSelectExternalProto/OcnModelB      /glade/scratch/rlong/esmf-testing/intel_18.0.5_module_g_develop/nuopc-app-prototypes/AtmOcnSelectExternalProto/OcnModelB/OcnSub/ocnSub.F90
make: c: Command not found
Makefile:135: recipe for target '/glade/scratch/rlong/esmf-testing/intel_18.0.5_module_g_develop/nuopc-app-prototypes/AtmOcnSelectExternalProto/OcnModelB/OcnSub/ocnSub.o' failed
make: [/glade/scratch/rlong/esmf-testing/intel_18.0.5_module_g_develop/nuopc-app-prototypes/AtmOcnSelectExternalProto/OcnModelB/OcnSub/ocnSub.o] Error 127 (ignored)
o esmApp esmApp.o esm.o /glade/scratch/rlong/esmf-testing/intel_18.0.5_module_g_develop/nuopc-app-prototypes/AtmOcnSelectExternalProto/ATM-F/atmF.o /glade/scratch/rlong/esmf-testing/intel_18.0.5_module_g_develop/nuopc-app-prototypes/AtmOcnSelectExternalProto/OcnModelA/ocn.o /glade/scratch/rlong/esmf-testing/intel_18.0.5_module_g_develop/nuopc-app-prototypes/AtmOcnSelectExternalProto/OcnCommon/ocnCommon.o /glade/scratch/rlong/esmf-testing/intel_18.0.5_module_g_develop/nuopc-app-prototypes/AtmOcnSelectExternalProto/OcnCommon/subModule1.o /glade/scratch/rlong/esmf-testing/intel_18.0.5_module_g_develop/nuopc-app-prototypes/AtmOcnSelectExternalProto/OcnCommon/subModule2.o /glade/scratch/rlong/esmf-testing/intel_18.0.5_module_g_develop/nuopc-app-prototypes/AtmOcnSelectExternalProto/OcnModelB/ocn.o /glade/scratch/rlong/esmf-testing/intel_18.0.5_module_g_develop/nuopc-app-prototypes/AtmOcnSelectExternalProto/OcnModelB/OcnSub/ocnSub.o               
make: o: Command not found
Makefile:146: recipe for target 'esmApp' failed
make: [esmApp] Error 127 (ignored)
FINISHED: AtmOcnSelectExternalProto
Sat Mar 26 06:03:20 MDT 2022
---------------------------------------------------------------------------

---------------------------------------------------------------------------
Sat Mar 26 06:03:20 MDT 2022
STARTING: AtmOcnSelectProto
rm -f PET*.ESMF_LogFile *.nc *.stdout
rm -f esmApp *.o *.mod
c -DWITH_ATM_A -DWITH_OCN_A -DWITH_OCN_B     atmA.F90
make: c: Command not found
Makefile:51: recipe for target 'atmA.o' failed
make: [atmA.o] Error 127 (ignored)
c -DWITH_ATM_A -DWITH_OCN_A -DWITH_OCN_B     atmB.F90
make: c: Command not found
Makefile:51: recipe for target 'atmB.o' failed
make: [atmB.o] Error 127 (ignored)
c -DWITH_ATM_A -DWITH_OCN_A -DWITH_OCN_B     ocnA.F90
make: c: Command not found
Makefile:51: recipe for target 'ocnA.o' failed
make: [ocnA.o] Error 127 (ignored)
c -DWITH_ATM_A -DWITH_OCN_A -DWITH_OCN_B     ocnB.F90
make: c: Command not found
Makefile:51: recipe for target 'ocnB.o' failed
make: [ocnB.o] Error 127 (ignored)
c -DWITH_ATM_A -DWITH_OCN_A -DWITH_OCN_B     esm.F90
make: c: Command not found
Makefile:51: recipe for target 'esm.o' failed
make: [esm.o] Error 127 (ignored)
c -DWITH_ATM_A -DWITH_OCN_A -DWITH_OCN_B     esmApp.F90
make: c: Command not found
Makefile:51: recipe for target 'esmApp.o' failed
make: [esmApp.o] Error 127 (ignored)
o esmApp esmApp.o esm.o atmA.o atmB.o ocnA.o ocnB.o 
make: o: Command not found
Makefile:62: recipe for target 'esmApp' failed
make: [esmApp] Error 127 (ignored)
+ -np 4 ./esmApp
+ local result=127
+ set +x

rm -f esmApp *.o *.mod
c -DWITH_ATM_B -DWITH_OCN_A -DWITH_OCN_B     atmA.F90
make: c: Command not found
Makefile:51: recipe for target 'atmA.o' failed
make: [atmA.o] Error 127 (ignored)
c -DWITH_ATM_B -DWITH_OCN_A -DWITH_OCN_B     atmB.F90
make: c: Command not found
Makefile:51: recipe for target 'atmB.o' failed
make: [atmB.o] Error 127 (ignored)
c -DWITH_ATM_B -DWITH_OCN_A -DWITH_OCN_B     ocnA.F90
make: c: Command not found
Makefile:51: recipe for target 'ocnA.o' failed
make: [ocnA.o] Error 127 (ignored)
c -DWITH_ATM_B -DWITH_OCN_A -DWITH_OCN_B     ocnB.F90
make: c: Command not found
Makefile:51: recipe for target 'ocnB.o' failed
make: [ocnB.o] Error 127 (ignored)
c -DWITH_ATM_B -DWITH_OCN_A -DWITH_OCN_B     esm.F90
make: c: Command not found
Makefile:51: recipe for target 'esm.o' failed
make: [esm.o] Error 127 (ignored)
c -DWITH_ATM_B -DWITH_OCN_A -DWITH_OCN_B     esmApp.F90
make: c: Command not found
Makefile:51: recipe for target 'esmApp.o' failed
make: [esmApp.o] Error 127 (ignored)
o esmApp esmApp.o esm.o atmA.o atmB.o ocnA.o ocnB.o 
make: o: Command not found
Makefile:62: recipe for target 'esmApp' failed
make: [esmApp] Error 127 (ignored)
+ -np 4 ./esmApp
+ local result=127
+ set +x

rm -f esmApp *.o *.mod
c -DWITH_ATM_A -DWITH_OCN_B     atmA.F90
make: c: Command not found
Makefile:51: recipe for target 'atmA.o' failed
make: [atmA.o] Error 127 (ignored)
c -DWITH_ATM_A -DWITH_OCN_B     atmB.F90
make: c: Command not found
Makefile:51: recipe for target 'atmB.o' failed
make: [atmB.o] Error 127 (ignored)
c -DWITH_ATM_A -DWITH_OCN_B     ocnA.F90
make: c: Command not found
Makefile:51: recipe for target 'ocnA.o' failed
make: [ocnA.o] Error 127 (ignored)
c -DWITH_ATM_A -DWITH_OCN_B     ocnB.F90
make: c: Command not found
Makefile:51: recipe for target 'ocnB.o' failed
make: [ocnB.o] Error 127 (ignored)
c -DWITH_ATM_A -DWITH_OCN_B     esm.F90
make: c: Command not found
Makefile:51: recipe for target 'esm.o' failed
make: [esm.o] Error 127 (ignored)
c -DWITH_ATM_A -DWITH_OCN_B     esmApp.F90
make: c: Command not found
Makefile:51: recipe for target 'esmApp.o' failed
make: [esmApp.o] Error 127 (ignored)
o esmApp esmApp.o esm.o atmA.o atmB.o ocnA.o ocnB.o 
make: o: Command not found
Makefile:62: recipe for target 'esmApp' failed
make: [esmApp] Error 127 (ignored)
+ -np 4 ./esmApp
+ local result=127
+ set +x
FINISHED: AtmOcnSelectProto
Sat Mar 26 06:03:20 MDT 2022
---------------------------------------------------------------------------

---------------------------------------------------------------------------
Sat Mar 26 06:03:20 MDT 2022
STARTING: AtmOcnSimpleImplicitProto
rm -f PET*.ESMF_LogFile *.nc *.stdout
rm -f esmApp *.o *.mod
c     atm.F90
make: c: Command not found
Makefile:36: recipe for target 'atm.o' failed
make: [atm.o] Error 127 (ignored)
c     ocn.F90
make: c: Command not found
Makefile:36: recipe for target 'ocn.o' failed
make: [ocn.o] Error 127 (ignored)
c     esm.F90
make: c: Command not found
Makefile:36: recipe for target 'esm.o' failed
make: [esm.o] Error 127 (ignored)
c     esmApp.F90
make: c: Command not found
Makefile:36: recipe for target 'esmApp.o' failed
make: [esmApp.o] Error 127 (ignored)
o esmApp esmApp.o esm.o atm.o ocn.o 
make: o: Command not found
Makefile:47: recipe for target 'esmApp' failed
make: [esmApp] Error 127 (ignored)
+ -np 4 ./esmApp
+ local result=127
+ set +x
FINISHED: AtmOcnSimpleImplicitProto
Sat Mar 26 06:03:20 MDT 2022
---------------------------------------------------------------------------

---------------------------------------------------------------------------
Sat Mar 26 06:03:20 MDT 2022
STARTING: AtmOcnTransferGridProto
rm -f PET*.ESMF_LogFile *.nc *.vtk *.stdout fort.*
rm -f esmApp *.o *.mod
c     atm.F90
make: c: Command not found
Makefile:36: recipe for target 'atm.o' failed
make: [atm.o] Error 127 (ignored)
c     ocn.F90
make: c: Command not found
Makefile:36: recipe for target 'ocn.o' failed
make: [ocn.o] Error 127 (ignored)
c     esm.F90
make: c: Command not found
Makefile:36: recipe for target 'esm.o' failed
make: [esm.o] Error 127 (ignored)
c     esmApp.F90
make: c: Command not found
Makefile:36: recipe for target 'esmApp.o' failed
make: [esmApp.o] Error 127 (ignored)
o esmApp esmApp.o esm.o atm.o ocn.o 
make: o: Command not found
Makefile:47: recipe for target 'esmApp' failed
make: [esmApp] Error 127 (ignored)
+ -np 4 ./esmApp
+ local result=127
+ set +x
FINISHED: AtmOcnTransferGridProto
Sat Mar 26 06:03:20 MDT 2022
---------------------------------------------------------------------------

---------------------------------------------------------------------------
Sat Mar 26 06:03:20 MDT 2022
STARTING: AtmOcnTransferLocStreamProto
rm -f PET*.ESMF_LogFile *.nc *.stdout
rm -f esmApp *.o *.mod
c     atm.F90
make: c: Command not found
Makefile:36: recipe for target 'atm.o' failed
make: [atm.o] Error 127 (ignored)
c     ocn.F90
make: c: Command not found
Makefile:36: recipe for target 'ocn.o' failed
make: [ocn.o] Error 127 (ignored)
c     esm.F90
make: c: Command not found
Makefile:36: recipe for target 'esm.o' failed
make: [esm.o] Error 127 (ignored)
c     esmApp.F90
make: c: Command not found
Makefile:36: recipe for target 'esmApp.o' failed
make: [esmApp.o] Error 127 (ignored)
o esmApp esmApp.o esm.o atm.o ocn.o 
make: o: Command not found
Makefile:47: recipe for target 'esmApp' failed
make: [esmApp] Error 127 (ignored)
+ -np 4 ./esmApp
+ local result=127
+ set +x
FINISHED: AtmOcnTransferLocStreamProto
Sat Mar 26 06:03:20 MDT 2022
---------------------------------------------------------------------------

---------------------------------------------------------------------------
Sat Mar 26 06:03:20 MDT 2022
STARTING: AtmOcnTransferMeshProto
rm -f PET*.ESMF_LogFile field*.nc *.vtk *.stdout fort.*
rm -f esmApp *.o *.mod
c     atm.F90
make: c: Command not found
Makefile:36: recipe for target 'atm.o' failed
make: [atm.o] Error 127 (ignored)
c     ocn.F90
make: c: Command not found
Makefile:36: recipe for target 'ocn.o' failed
make: [ocn.o] Error 127 (ignored)
c     esm.F90
make: c: Command not found
Makefile:36: recipe for target 'esm.o' failed
make: [esm.o] Error 127 (ignored)
c     esmApp.F90
make: c: Command not found
Makefile:36: recipe for target 'esmApp.o' failed
make: [esmApp.o] Error 127 (ignored)
o esmApp esmApp.o esm.o atm.o ocn.o 
make: o: Command not found
Makefile:47: recipe for target 'esmApp' failed
make: [esmApp] Error 127 (ignored)
+ -np 4 ./esmApp
+ local result=127
+ set +x
FINISHED: AtmOcnTransferMeshProto
Sat Mar 26 06:03:20 MDT 2022
---------------------------------------------------------------------------

---------------------------------------------------------------------------
Sat Mar 26 06:03:20 MDT 2022
STARTING: ComponentExplorer
rm -f PET*.ESMF_LogFile
rm -f nuopcExplorerApp *.o *.mod
+ ./nuopcExplorerScript ../AtmOcnSelectExternalProto/ATM-A/atmA.mk

NUOPC Component Explorer Script
-------------------------------
The ESMFMKFILE environment variable does not appear to be set!
Exiting with error.

+ -np 4 ./nuopcExplorerApp
+ local result=127
+ set +x
FINISHED: ComponentExplorer
Sat Mar 26 06:03:20 MDT 2022
---------------------------------------------------------------------------

---------------------------------------------------------------------------
Sat Mar 26 06:03:20 MDT 2022
STARTING: CustomFieldDictionaryProto
rm -f PET*.ESMF_LogFile *.nc *.stdout
rm -f mainApp *.o *.mod
c     -DESMF_VERSION_MAJOR= model.F90
make: c: Command not found
Makefile:36: recipe for target 'model.o' failed
make: [model.o] Error 127 (ignored)
c     -DESMF_VERSION_MAJOR= driver.F90
make: c: Command not found
Makefile:36: recipe for target 'driver.o' failed
make: [driver.o] Error 127 (ignored)
c     -DESMF_VERSION_MAJOR= util.F90
make: c: Command not found
Makefile:36: recipe for target 'util.o' failed
make: [util.o] Error 127 (ignored)
c     -DESMF_VERSION_MAJOR= mainApp.F90
make: c: Command not found
Makefile:36: recipe for target 'mainApp.o' failed
make: [mainApp.o] Error 127 (ignored)
o mainApp mainApp.o driver.o model.o util.o 
make: o: Command not found
Makefile:47: recipe for target 'mainApp' failed
make: [mainApp] Error 127 (ignored)
+ -np 4 ./mainApp
+ local result=127
+ set +x
FINISHED: CustomFieldDictionaryProto
Sat Mar 26 06:03:20 MDT 2022
---------------------------------------------------------------------------

---------------------------------------------------------------------------
Sat Mar 26 06:03:20 MDT 2022
STARTING: DriverInDriverDataDepProto
rm -f PET*.ESMF_LogFile *.nc *.stdout
rm -f mainApp *.o *.mod
c     -DESMF_VERSION_MAJOR= atm.F90
make: c: Command not found
Makefile:36: recipe for target 'atm.o' failed
make: [atm.o] Error 127 (ignored)
c     -DESMF_VERSION_MAJOR= driverChildComp.F90
make: c: Command not found
Makefile:36: recipe for target 'driverChildComp.o' failed
make: [driverChildComp.o] Error 127 (ignored)
c     -DESMF_VERSION_MAJOR= ocn.F90
make: c: Command not found
Makefile:36: recipe for target 'ocn.o' failed
make: [ocn.o] Error 127 (ignored)
c     -DESMF_VERSION_MAJOR= driverParentComp.F90
make: c: Command not found
Makefile:36: recipe for target 'driverParentComp.o' failed
make: [driverParentComp.o] Error 127 (ignored)
c     -DESMF_VERSION_MAJOR= mainApp.F90
make: c: Command not found
Makefile:36: recipe for target 'mainApp.o' failed
make: [mainApp.o] Error 127 (ignored)
o mainApp mainApp.o driverParentComp.o driverChildComp.o atm.o ocn.o 
make: o: Command not found
Makefile:47: recipe for target 'mainApp' failed
make: [mainApp] Error 127 (ignored)
+ -np 4 ./mainApp
+ local result=127
+ set +x
FINISHED: DriverInDriverDataDepProto
Sat Mar 26 06:03:20 MDT 2022
---------------------------------------------------------------------------

---------------------------------------------------------------------------
Sat Mar 26 06:03:20 MDT 2022
STARTING: DriverInDriverProto
rm -f PET*.ESMF_LogFile *.nc *.stdout
rm -f mainApp *.o *.mod
c     -DESMF_VERSION_MAJOR= atm.F90
make: c: Command not found
Makefile:36: recipe for target 'atm.o' failed
make: [atm.o] Error 127 (ignored)
c     -DESMF_VERSION_MAJOR= driverChildComp.F90
make: c: Command not found
Makefile:36: recipe for target 'driverChildComp.o' failed
make: [driverChildComp.o] Error 127 (ignored)
c     -DESMF_VERSION_MAJOR= ocn.F90
make: c: Command not found
Makefile:36: recipe for target 'ocn.o' failed
make: [ocn.o] Error 127 (ignored)
c     -DESMF_VERSION_MAJOR= driverParentComp.F90
make: c: Command not found
Makefile:36: recipe for target 'driverParentComp.o' failed
make: [driverParentComp.o] Error 127 (ignored)
c     -DESMF_VERSION_MAJOR= mainApp.F90
make: c: Command not found
Makefile:36: recipe for target 'mainApp.o' failed
make: [mainApp.o] Error 127 (ignored)
o mainApp mainApp.o driverParentComp.o driverChildComp.o atm.o ocn.o 
make: o: Command not found
Makefile:47: recipe for target 'mainApp' failed
make: [mainApp] Error 127 (ignored)
+ -np 4 ./mainApp
+ local result=127
+ set +x
FINISHED: DriverInDriverProto
Sat Mar 26 06:03:20 MDT 2022
---------------------------------------------------------------------------

---------------------------------------------------------------------------
Sat Mar 26 06:03:20 MDT 2022
STARTING: DynPhyProto
rm -f PET*.ESMF_LogFile *.nc *.stdout
rm -f esmApp *.o *.mod
c     dyn.F90
make: c: Command not found
Makefile:36: recipe for target 'dyn.o' failed
make: [dyn.o] Error 127 (ignored)
c     phy.F90
make: c: Command not found
Makefile:36: recipe for target 'phy.o' failed
make: [phy.o] Error 127 (ignored)
c     atm.F90
make: c: Command not found
Makefile:36: recipe for target 'atm.o' failed
make: [atm.o] Error 127 (ignored)
c     esmApp.F90
make: c: Command not found
Makefile:36: recipe for target 'esmApp.o' failed
make: [esmApp.o] Error 127 (ignored)
o esmApp esmApp.o atm.o dyn.o phy.o 
make: o: Command not found
Makefile:47: recipe for target 'esmApp' failed
make: [esmApp] Error 127 (ignored)
+ -np 4 ./esmApp
+ local result=127
+ set +x
FINISHED: DynPhyProto
Sat Mar 26 06:03:20 MDT 2022
---------------------------------------------------------------------------

---------------------------------------------------------------------------
Sat Mar 26 06:03:20 MDT 2022
STARTING: ExternalDriverAPIProto
rm -f PET*.ESMF_LogFile *.nc *.stdout
rm -f externalApp *.o *.mod
c     atm.F90
make: c: Command not found
Makefile:36: recipe for target 'atm.o' failed
make: [atm.o] Error 127 (ignored)
c     ocn.F90
make: c: Command not found
Makefile:36: recipe for target 'ocn.o' failed
make: [ocn.o] Error 127 (ignored)
c     esm.F90
make: c: Command not found
Makefile:36: recipe for target 'esm.o' failed
make: [esm.o] Error 127 (ignored)
c     externalApp.F90
make: c: Command not found
Makefile:36: recipe for target 'externalApp.o' failed
make: [externalApp.o] Error 127 (ignored)
o externalApp externalApp.o esm.o atm.o ocn.o 
make: o: Command not found
Makefile:47: recipe for target 'externalApp' failed
make: [externalApp] Error 127 (ignored)
+ -np 4 ./externalApp
+ local result=127
+ set +x
FINISHED: ExternalDriverAPIProto
Sat Mar 26 06:03:20 MDT 2022
---------------------------------------------------------------------------

---------------------------------------------------------------------------
Sat Mar 26 06:03:20 MDT 2022
STARTING: ExternalDriverAPIWeakCplDAProto
rm -f PET*.ESMF_LogFile *.nc *.stdout
rm -f externalApp *.o *.mod
c     atm.F90
make: c: Command not found
Makefile:36: recipe for target 'atm.o' failed
make: [atm.o] Error 127 (ignored)
c     ocn.F90
make: c: Command not found
Makefile:36: recipe for target 'ocn.o' failed
make: [ocn.o] Error 127 (ignored)
c     esm.F90
make: c: Command not found
Makefile:36: recipe for target 'esm.o' failed
make: [esm.o] Error 127 (ignored)
c     nuopc_da.F90
make: c: Command not found
Makefile:36: recipe for target 'nuopc_da.o' failed
make: [nuopc_da.o] Error 127 (ignored)
c     atmDA.F90
make: c: Command not found
Makefile:36: recipe for target 'atmDA.o' failed
make: [atmDA.o] Error 127 (ignored)
c     ocnDA.F90
make: c: Command not found
Makefile:36: recipe for target 'ocnDA.o' failed
make: [ocnDA.o] Error 127 (ignored)
c     externalApp.F90
make: c: Command not found
Makefile:36: recipe for target 'externalApp.o' failed
make: [externalApp.o] Error 127 (ignored)
o externalApp externalApp.o atmDA.o ocnDA.o nuopc_da.o esm.o atm.o ocn.o 
make: o: Command not found
Makefile:47: recipe for target 'externalApp' failed
make: [externalApp] Error 127 (ignored)
+ -np 4 ./externalApp
+ local result=127
+ set +x
FINISHED: ExternalDriverAPIWeakCplDAProto
Sat Mar 26 06:03:21 MDT 2022
---------------------------------------------------------------------------

---------------------------------------------------------------------------
Sat Mar 26 06:03:21 MDT 2022
STARTING: GenericMediatorProto
rm -f PET*.ESMF_LogFile *.nc *.stdout
rm -f app *.o *.mod
c     mediator.F90
make: c: Command not found
Makefile:36: recipe for target 'mediator.o' failed
make: [mediator.o] Error 127 (ignored)
c     modelA.F90
make: c: Command not found
Makefile:36: recipe for target 'modelA.o' failed
make: [modelA.o] Error 127 (ignored)
c     modelB.F90
make: c: Command not found
Makefile:36: recipe for target 'modelB.o' failed
make: [modelB.o] Error 127 (ignored)
c     driver.F90
make: c: Command not found
Makefile:36: recipe for target 'driver.o' failed
make: [driver.o] Error 127 (ignored)
c     app.F90
make: c: Command not found
Makefile:36: recipe for target 'app.o' failed
make: [app.o] Error 127 (ignored)
o app app.o driver.o mediator.o modelA.o modelB.o 
make: o: Command not found
Makefile:47: recipe for target 'app' failed
make: [app] Error 127 (ignored)
+ -np 4 ./app
+ local result=127
+ set +x
FINISHED: GenericMediatorProto
Sat Mar 26 06:03:21 MDT 2022
---------------------------------------------------------------------------

---------------------------------------------------------------------------
Sat Mar 26 06:03:21 MDT 2022
STARTING: HierarchyProto
rm -f PET*.ESMF_LogFile *.nc *.stdout
rm -f esmApp *.o *.mod
c     dyn.F90
make: c: Command not found
Makefile:36: recipe for target 'dyn.o' failed
make: [dyn.o] Error 127 (ignored)
c     phy.F90
make: c: Command not found
Makefile:36: recipe for target 'phy.o' failed
make: [phy.o] Error 127 (ignored)
c     atm.F90
make: c: Command not found
Makefile:36: recipe for target 'atm.o' failed
make: [atm.o] Error 127 (ignored)
c     ocn.F90
make: c: Command not found
Makefile:36: recipe for target 'ocn.o' failed
make: [ocn.o] Error 127 (ignored)
c     esm.F90
make: c: Command not found
Makefile:36: recipe for target 'esm.o' failed
make: [esm.o] Error 127 (ignored)
c     esmApp.F90
make: c: Command not found
Makefile:36: recipe for target 'esmApp.o' failed
make: [esmApp.o] Error 127 (ignored)
o esmApp esmApp.o esm.o atm.o dyn.o phy.o ocn.o 
make: o: Command not found
Makefile:47: recipe for target 'esmApp' failed
make: [esmApp] Error 127 (ignored)
+ -np 4 ./esmApp
+ local result=127
+ set +x
FINISHED: HierarchyProto
Sat Mar 26 06:03:21 MDT 2022
---------------------------------------------------------------------------

---------------------------------------------------------------------------
Sat Mar 26 06:03:21 MDT 2022
STARTING: NamespaceProto
rm -f PET*.ESMF_LogFile *.nc *.stdout
rm -f mainApp *.o *.mod
c     -DESMF_VERSION_MAJOR= atm.F90
make: c: Command not found
Makefile:36: recipe for target 'atm.o' failed
make: [atm.o] Error 127 (ignored)
c     -DESMF_VERSION_MAJOR= med.F90
make: c: Command not found
Makefile:36: recipe for target 'med.o' failed
make: [med.o] Error 127 (ignored)
c     -DESMF_VERSION_MAJOR= driver.F90
make: c: Command not found
Makefile:36: recipe for target 'driver.o' failed
make: [driver.o] Error 127 (ignored)
c     -DESMF_VERSION_MAJOR= mainApp.F90
make: c: Command not found
Makefile:36: recipe for target 'mainApp.o' failed
make: [mainApp.o] Error 127 (ignored)
o mainApp mainApp.o driver.o atm.o med.o 
make: o: Command not found
Makefile:47: recipe for target 'mainApp' failed
make: [mainApp] Error 127 (ignored)
+ -np 4 ./mainApp
+ local result=127
+ set +x
FINISHED: NamespaceProto
Sat Mar 26 06:03:21 MDT 2022
---------------------------------------------------------------------------

---------------------------------------------------------------------------
Sat Mar 26 06:03:21 MDT 2022
STARTING: NestingMultipleProto
rm -f PET*.ESMF_LogFile *.nc *.stdout
rm -f mainApp *.o *.mod
c     -DESMF_VERSION_MAJOR= advectDiffComp.F90
make: c: Command not found
Makefile:36: recipe for target 'advectDiffComp.o' failed
make: [advectDiffComp.o] Error 127 (ignored)
c     -DESMF_VERSION_MAJOR= driverComp.F90
make: c: Command not found
Makefile:36: recipe for target 'driverComp.o' failed
make: [driverComp.o] Error 127 (ignored)
c     -DESMF_VERSION_MAJOR= mainApp.F90
make: c: Command not found
Makefile:36: recipe for target 'mainApp.o' failed
make: [mainApp.o] Error 127 (ignored)
o mainApp mainApp.o driverComp.o advectDiffComp.o 
make: o: Command not found
Makefile:47: recipe for target 'mainApp' failed
make: [mainApp] Error 127 (ignored)
+ -np 4 ./mainApp
+ local result=127
+ set +x
FINISHED: NestingMultipleProto
Sat Mar 26 06:03:21 MDT 2022
---------------------------------------------------------------------------

---------------------------------------------------------------------------
Sat Mar 26 06:03:21 MDT 2022
STARTING: NestingSingleProto
rm -f PET*.ESMF_LogFile *.nc *.stdout
rm -f mainApp *.o *.mod
c     -DESMF_VERSION_MAJOR= advectDiffComp.F90
make: c: Command not found
Makefile:36: recipe for target 'advectDiffComp.o' failed
make: [advectDiffComp.o] Error 127 (ignored)
c     -DESMF_VERSION_MAJOR= driverComp.F90
make: c: Command not found
Makefile:36: recipe for target 'driverComp.o' failed
make: [driverComp.o] Error 127 (ignored)
c     -DESMF_VERSION_MAJOR= mainApp.F90
make: c: Command not found
Makefile:36: recipe for target 'mainApp.o' failed
make: [mainApp.o] Error 127 (ignored)
o mainApp mainApp.o driverComp.o advectDiffComp.o 
make: o: Command not found
Makefile:47: recipe for target 'mainApp' failed
make: [mainApp] Error 127 (ignored)
+ -np 4 ./mainApp
+ local result=127
+ set +x
FINISHED: NestingSingleProto
Sat Mar 26 06:03:21 MDT 2022
---------------------------------------------------------------------------

---------------------------------------------------------------------------
Sat Mar 26 06:03:21 MDT 2022
STARTING: NestingTelescopeMultipleProto
rm -f PET*.ESMF_LogFile *.nc *.stdout
rm -f mainApp *.o *.mod
c     -DESMF_VERSION_MAJOR= advectDiffComp.F90
make: c: Command not found
Makefile:36: recipe for target 'advectDiffComp.o' failed
make: [advectDiffComp.o] Error 127 (ignored)
c     -DESMF_VERSION_MAJOR= driverComp.F90
make: c: Command not found
Makefile:36: recipe for target 'driverComp.o' failed
make: [driverComp.o] Error 127 (ignored)
c     -DESMF_VERSION_MAJOR= mainApp.F90
make: c: Command not found
Makefile:36: recipe for target 'mainApp.o' failed
make: [mainApp.o] Error 127 (ignored)
o mainApp mainApp.o driverComp.o advectDiffComp.o 
make: o: Command not found
Makefile:47: recipe for target 'mainApp' failed
make: [mainApp] Error 127 (ignored)
+ -np 4 ./mainApp
+ local result=127
+ set +x
FINISHED: NestingTelescopeMultipleProto
Sat Mar 26 06:03:21 MDT 2022
---------------------------------------------------------------------------

---------------------------------------------------------------------------
Sat Mar 26 06:03:21 MDT 2022
STARTING: SingleModelProto
rm -f PET*.ESMF_LogFile *.nc *.stdout
rm -f mainApp *.o *.mod
c     -DESMF_VERSION_MAJOR= model.F90
make: c: Command not found
Makefile:36: recipe for target 'model.o' failed
make: [model.o] Error 127 (ignored)
c     -DESMF_VERSION_MAJOR= driver.F90
make: c: Command not found
Makefile:36: recipe for target 'driver.o' failed
make: [driver.o] Error 127 (ignored)
c     -DESMF_VERSION_MAJOR= mainApp.F90
make: c: Command not found
Makefile:36: recipe for target 'mainApp.o' failed
make: [mainApp.o] Error 127 (ignored)
o mainApp mainApp.o driver.o model.o 
make: o: Command not found
Makefile:47: recipe for target 'mainApp' failed
make: [mainApp] Error 127 (ignored)
+ -np 4 ./mainApp
+ local result=127
+ set +x
FINISHED: SingleModelProto
Sat Mar 26 06:03:21 MDT 2022
---------------------------------------------------------------------------

---------------------------------------------------------------------------
Sat Mar 26 06:03:21 MDT 2022
STARTING: SingleModelOpenMPProto
rm -f PET*.ESMF_LogFile *.nc *.stdout
rm -f mainApp *.o *.mod
c     -DESMF_VERSION_MAJOR= model.F90
make: c: Command not found
Makefile:36: recipe for target 'model.o' failed
make: [model.o] Error 127 (ignored)
c     -DESMF_VERSION_MAJOR= driver.F90
make: c: Command not found
Makefile:36: recipe for target 'driver.o' failed
make: [driver.o] Error 127 (ignored)
c     -DESMF_VERSION_MAJOR= mainApp.F90
make: c: Command not found
Makefile:36: recipe for target 'mainApp.o' failed
make: [mainApp.o] Error 127 (ignored)
o mainApp mainApp.o driver.o model.o 
make: o: Command not found
Makefile:47: recipe for target 'mainApp' failed
make: [mainApp] Error 127 (ignored)
+ -np 4 ./mainApp
+ local result=127
+ set +x
FINISHED: SingleModelOpenMPProto
Sat Mar 26 06:03:21 MDT 2022
---------------------------------------------------------------------------

---------------------------------------------------------------------------
Sat Mar 26 06:03:21 MDT 2022
STARTING: SingleModelOpenMPUnawareProto
rm -f PET*.ESMF_LogFile *.nc *.stdout
rm -f mainApp *.o *.mod
c     -DESMF_VERSION_MAJOR= model.F90
make: c: Command not found
Makefile:36: recipe for target 'model.o' failed
make: [model.o] Error 127 (ignored)
c     -DESMF_VERSION_MAJOR= driver.F90
make: c: Command not found
Makefile:36: recipe for target 'driver.o' failed
make: [driver.o] Error 127 (ignored)
c     -DESMF_VERSION_MAJOR= mainApp.F90
make: c: Command not found
Makefile:36: recipe for target 'mainApp.o' failed
make: [mainApp.o] Error 127 (ignored)
o mainApp mainApp.o driver.o model.o 
make: o: Command not found
Makefile:47: recipe for target 'mainApp' failed
make: [mainApp] Error 127 (ignored)
+ -np 4 ./mainApp
+ local result=127
+ set +x
FINISHED: SingleModelOpenMPUnawareProto
Sat Mar 26 06:03:21 MDT 2022
---------------------------------------------------------------------------

Sat Mar 26 06:03:21 MDT 2022
== TEST SUMMARY START ==
FAIL: AsyncIOBlockingProto
FAIL: AsyncIONonblockingProto
FAIL: AtmOcnConOptsProto
FAIL: AtmOcnConProto
FAIL: AtmOcnCplListProto
FAIL: AtmOcnCplSetProto
FAIL: AtmOcnFDSynoProto
FAIL: AtmOcnIceSimpleImplicitProto
FAIL: AtmOcnImplicitProto
FAIL: AtmOcnLndProto
FAIL: AtmOcnLogNoneProto
FAIL: AtmOcnMedIngestFromConfigProto
FAIL: AtmOcnMedIngestFromInternalProto
FAIL: AtmOcnMedPetListProto
FAIL: AtmOcnMedPetListTimescalesProto
FAIL: AtmOcnMedPetListTimescalesSplitFastProto
FAIL: AtmOcnMedProto
FAIL: AtmOcnMirrorFieldsProto
FAIL: AtmOcnPetListProto
FAIL: AtmOcnProto
FAIL: AtmOcnRtmTwoTimescalesProto
FAIL: AtmOcnScalarProto
FAIL: AtmOcnSelectExternalProto
FAIL: AtmOcnSelectExternalProto
FAIL: AtmOcnSelectExternalProto
FAIL: AtmOcnSelectExternalProto
FAIL: AtmOcnSelectExternalProto
FAIL: AtmOcnSelectProto
FAIL: AtmOcnSelectProto
FAIL: AtmOcnSelectProto
FAIL: AtmOcnSimpleImplicitProto
FAIL: AtmOcnTransferGridProto
FAIL: AtmOcnTransferLocStreamProto
FAIL: AtmOcnTransferMeshProto
FAIL: ComponentExplorer
FAIL: CustomFieldDictionaryProto
FAIL: DriverInDriverDataDepProto
FAIL: DriverInDriverProto
FAIL: DynPhyProto
FAIL: ExternalDriverAPIProto
FAIL: ExternalDriverAPIWeakCplDAProto
FAIL: GenericMediatorProto
FAIL: HierarchyProto
FAIL: NamespaceProto
FAIL: NestingMultipleProto
FAIL: NestingSingleProto
FAIL: NestingTelescopeMultipleProto
FAIL: SingleModelProto
FAIL: SingleModelOpenMPProto
FAIL: SingleModelOpenMPUnawareProto
== TEST SUMMARY STOP ==
Sat Mar 26 06:03:21 MDT 2022

---------------------------------------------------------------------------
grep: */PET*.ESMF_LogFile: No such file or directory
